        -:    0:Source:/home/wpsimon09/Desktop/LearningVulkan/Vulkan/Includes/stb/stb_image.h
        -:    0:Graph:/home/wpsimon09/Desktop/LearningVulkan/Vulkan/cmake-build-debug-coverage/CMakeFiles/LearnVulkan.dir/Includes/stb/stb_image.cpp.gcno
        -:    0:Data:/home/wpsimon09/Desktop/LearningVulkan/Vulkan/cmake-build-debug-coverage/CMakeFiles/LearnVulkan.dir/Includes/stb/stb_image.cpp.gcda
        -:    0:Runs:1
        -:    1://
        -:    2:// Created by wpsimon09 on 21/08/24.
        -:    3://
        -:    4:
        -:    5:#ifndef STB_IMAGE_H
        -:    6:#define STB_IMAGE_H
        -:    7:/* stb_image - v2.30 - public domain image loader - http://nothings.org/stb
        -:    8:                                  no warranty implied; use at your own risk
        -:    9:
        -:   10:   Do this:
        -:   11:      #define STB_IMAGE_IMPLEMENTATION
        -:   12:   before you include this file in *one* C or C++ file to create the implementation.
        -:   13:
        -:   14:   // i.e. it should look like this:
        -:   15:   #include ...
        -:   16:   #include ...
        -:   17:   #include ...
        -:   18:   #define STB_IMAGE_IMPLEMENTATION
        -:   19:   #include "stb_image.h"
        -:   20:
        -:   21:   You can #define STBI_ASSERT(x) before the #include to avoid using assert.h.
        -:   22:   And #define STBI_MALLOC, STBI_REALLOC, and STBI_FREE to avoid using malloc,realloc,free
        -:   23:
        -:   24:
        -:   25:   QUICK NOTES:
        -:   26:      Primarily of interest to game developers and other people who can
        -:   27:          avoid problematic images and only need the trivial interface
        -:   28:
        -:   29:      JPEG baseline & progressive (12 bpc/arithmetic not supported, same as stock IJG lib)
        -:   30:      PNG 1/2/4/8/16-bit-per-channel
        -:   31:
        -:   32:      TGA (not sure what subset, if a subset)
        -:   33:      BMP non-1bpp, non-RLE
        -:   34:      PSD (composited view only, no extra channels, 8/16 bit-per-channel)
        -:   35:
        -:   36:      GIF (*comp always reports as 4-channel)
        -:   37:      HDR (radiance rgbE format)
        -:   38:      PIC (Softimage PIC)
        -:   39:      PNM (PPM and PGM binary only)
        -:   40:
        -:   41:      Animated GIF still needs a proper API, but here's one way to do it:
        -:   42:          http://gist.github.com/urraka/685d9a6340b26b830d49
        -:   43:
        -:   44:      - decode from memory or through FILE (define STBI_NO_STDIO to remove code)
        -:   45:      - decode from arbitrary I/O callbacks
        -:   46:      - SIMD acceleration on x86/x64 (SSE2) and ARM (NEON)
        -:   47:
        -:   48:   Full documentation under "DOCUMENTATION" below.
        -:   49:
        -:   50:
        -:   51:LICENSE
        -:   52:
        -:   53:  See end of file for license information.
        -:   54:
        -:   55:RECENT REVISION HISTORY:
        -:   56:
        -:   57:      2.30  (2024-05-31) avoid erroneous gcc warning
        -:   58:      2.29  (2023-05-xx) optimizations
        -:   59:      2.28  (2023-01-29) many error fixes, security errors, just tons of stuff
        -:   60:      2.27  (2021-07-11) document stbi_info better, 16-bit PNM support, bug fixes
        -:   61:      2.26  (2020-07-13) many minor fixes
        -:   62:      2.25  (2020-02-02) fix warnings
        -:   63:      2.24  (2020-02-02) fix warnings; thread-local failure_reason and flip_vertically
        -:   64:      2.23  (2019-08-11) fix clang static analysis warning
        -:   65:      2.22  (2019-03-04) gif fixes, fix warnings
        -:   66:      2.21  (2019-02-25) fix typo in comment
        -:   67:      2.20  (2019-02-07) support utf8 filenames in Windows; fix warnings and platform ifdefs
        -:   68:      2.19  (2018-02-11) fix warning
        -:   69:      2.18  (2018-01-30) fix warnings
        -:   70:      2.17  (2018-01-29) bugfix, 1-bit BMP, 16-bitness query, fix warnings
        -:   71:      2.16  (2017-07-23) all functions have 16-bit variants; optimizations; bugfixes
        -:   72:      2.15  (2017-03-18) fix png-1,2,4; all Imagenet JPGs; no runtime SSE detection on GCC
        -:   73:      2.14  (2017-03-03) remove deprecated STBI_JPEG_OLD; fixes for Imagenet JPGs
        -:   74:      2.13  (2016-12-04) experimental 16-bit API, only for PNG so far; fixes
        -:   75:      2.12  (2016-04-02) fix typo in 2.11 PSD fix that caused crashes
        -:   76:      2.11  (2016-04-02) 16-bit PNGS; enable SSE2 in non-gcc x64
        -:   77:                         RGB-format JPEG; remove white matting in PSD;
        -:   78:                         allocate large structures on the stack;
        -:   79:                         correct channel count for PNG & BMP
        -:   80:      2.10  (2016-01-22) avoid warning introduced in 2.09
        -:   81:      2.09  (2016-01-16) 16-bit TGA; comments in PNM files; STBI_REALLOC_SIZED
        -:   82:
        -:   83:   See end of file for full revision history.
        -:   84:
        -:   85:
        -:   86: ============================    Contributors    =========================
        -:   87:
        -:   88: Image formats                          Extensions, features
        -:   89:    Sean Barrett (jpeg, png, bmp)          Jetro Lauha (stbi_info)
        -:   90:    Nicolas Schulz (hdr, psd)              Martin "SpartanJ" Golini (stbi_info)
        -:   91:    Jonathan Dummer (tga)                  James "moose2000" Brown (iPhone PNG)
        -:   92:    Jean-Marc Lienher (gif)                Ben "Disch" Wenger (io callbacks)
        -:   93:    Tom Seddon (pic)                       Omar Cornut (1/2/4-bit PNG)
        -:   94:    Thatcher Ulrich (psd)                  Nicolas Guillemot (vertical flip)
        -:   95:    Ken Miller (pgm, ppm)                  Richard Mitton (16-bit PSD)
        -:   96:    github:urraka (animated gif)           Junggon Kim (PNM comments)
        -:   97:    Christopher Forseth (animated gif)     Daniel Gibson (16-bit TGA)
        -:   98:                                           socks-the-fox (16-bit PNG)
        -:   99:                                           Jeremy Sawicki (handle all ImageNet JPGs)
        -:  100: Optimizations & bugfixes                  Mikhail Morozov (1-bit BMP)
        -:  101:    Fabian "ryg" Giesen                    Anael Seghezzi (is-16-bit query)
        -:  102:    Arseny Kapoulkine                      Simon Breuss (16-bit PNM)
        -:  103:    John-Mark Allen
        -:  104:    Carmelo J Fdez-Aguera
        -:  105:
        -:  106: Bug & warning fixes
        -:  107:    Marc LeBlanc            David Woo          Guillaume George     Martins Mozeiko
        -:  108:    Christpher Lloyd        Jerry Jansson      Joseph Thomson       Blazej Dariusz Roszkowski
        -:  109:    Phil Jordan                                Dave Moore           Roy Eltham
        -:  110:    Hayaki Saito            Nathan Reed        Won Chun
        -:  111:    Luke Graham             Johan Duparc       Nick Verigakis       the Horde3D community
        -:  112:    Thomas Ruf              Ronny Chevalier                         github:rlyeh
        -:  113:    Janez Zemva             John Bartholomew   Michal Cichon        github:romigrou
        -:  114:    Jonathan Blow           Ken Hamada         Tero Hanninen        github:svdijk
        -:  115:    Eugene Golushkov        Laurent Gomila     Cort Stratton        github:snagar
        -:  116:    Aruelien Pocheville     Sergio Gonzalez    Thibault Reuille     github:Zelex
        -:  117:    Cass Everitt            Ryamond Barbiero                        github:grim210
        -:  118:    Paul Du Bois            Engin Manap        Aldo Culquicondor    github:sammyhw
        -:  119:    Philipp Wiesemann       Dale Weiler        Oriol Ferrer Mesia   github:phprus
        -:  120:    Josh Tobin              Neil Bickford      Matthew Gregan       github:poppolopoppo
        -:  121:    Julian Raschke          Gregory Mullen     Christian Floisand   github:darealshinji
        -:  122:    Baldur Karlsson         Kevin Schmidt      JR Smith             github:Michaelangel007
        -:  123:                            Brad Weinberger    Matvey Cherevko      github:mosra
        -:  124:    Luca Sas                Alexander Veselov  Zack Middleton       [reserved]
        -:  125:    Ryan C. Gordon          [reserved]                              [reserved]
        -:  126:                     DO NOT ADD YOUR NAME HERE
        -:  127:
        -:  128:                     Jacko Dirks
        -:  129:
        -:  130:  To add your name to the credits, pick a random blank space in the middle and fill it.
        -:  131:  80% of merge conflicts on stb PRs are due to people adding their name at the end
        -:  132:  of the credits.
        -:  133:*/
        -:  134:
        -:  135:#ifndef STBI_INCLUDE_STB_IMAGE_H
        -:  136:#define STBI_INCLUDE_STB_IMAGE_H
        -:  137:
        -:  138:// DOCUMENTATION
        -:  139://
        -:  140:// Limitations:
        -:  141://    - no 12-bit-per-channel JPEG
        -:  142://    - no JPEGs with arithmetic coding
        -:  143://    - GIF always returns *comp=4
        -:  144://
        -:  145:// Basic usage (see HDR discussion below for HDR usage):
        -:  146://    int x,y,n;
        -:  147://    unsigned char *data = stbi_load(filename, &x, &y, &n, 0);
        -:  148://    // ... process data if not NULL ...
        -:  149://    // ... x = width, y = height, n = # 8-bit components per pixel ...
        -:  150://    // ... replace '0' with '1'..'4' to force that many components per pixel
        -:  151://    // ... but 'n' will always be the number that it would have been if you said 0
        -:  152://    stbi_image_free(data);
        -:  153://
        -:  154:// Standard parameters:
        -:  155://    int *x                 -- outputs image width in pixels
        -:  156://    int *y                 -- outputs image height in pixels
        -:  157://    int *channels_in_file  -- outputs # of image components in image file
        -:  158://    int desired_channels   -- if non-zero, # of image components requested in result
        -:  159://
        -:  160:// The return value from an image loader is an 'unsigned char *' which points
        -:  161:// to the pixel data, or NULL on an allocation failure or if the image is
        -:  162:// corrupt or invalid. The pixel data consists of *y scanlines of *x pixels,
        -:  163:// with each pixel consisting of N interleaved 8-bit components; the first
        -:  164:// pixel pointed to is top-left-most in the image. There is no padding between
        -:  165:// image scanlines or between pixels, regardless of format. The number of
        -:  166:// components N is 'desired_channels' if desired_channels is non-zero, or
        -:  167:// *channels_in_file otherwise. If desired_channels is non-zero,
        -:  168:// *channels_in_file has the number of components that _would_ have been
        -:  169:// output otherwise. E.g. if you set desired_channels to 4, you will always
        -:  170:// get RGBA output, but you can check *channels_in_file to see if it's trivially
        -:  171:// opaque because e.g. there were only 3 channels in the source image.
        -:  172://
        -:  173:// An output image with N components has the following components interleaved
        -:  174:// in this order in each pixel:
        -:  175://
        -:  176://     N=#comp     components
        -:  177://       1           grey
        -:  178://       2           grey, alpha
        -:  179://       3           red, green, blue
        -:  180://       4           red, green, blue, alpha
        -:  181://
        -:  182:// If image loading fails for any reason, the return value will be NULL,
        -:  183:// and *x, *y, *channels_in_file will be unchanged. The function
        -:  184:// stbi_failure_reason() can be queried for an extremely brief, end-user
        -:  185:// unfriendly explanation of why the load failed. Define STBI_NO_FAILURE_STRINGS
        -:  186:// to avoid compiling these strings at all, and STBI_FAILURE_USERMSG to get slightly
        -:  187:// more user-friendly ones.
        -:  188://
        -:  189:// Paletted PNG, BMP, GIF, and PIC images are automatically depalettized.
        -:  190://
        -:  191:// To query the width, height and component count of an image without having to
        -:  192:// decode the full file, you can use the stbi_info family of functions:
        -:  193://
        -:  194://   int x,y,n,ok;
        -:  195://   ok = stbi_info(filename, &x, &y, &n);
        -:  196://   // returns ok=1 and sets x, y, n if image is a supported format,
        -:  197://   // 0 otherwise.
        -:  198://
        -:  199:// Note that stb_image pervasively uses ints in its public API for sizes,
        -:  200:// including sizes of memory buffers. This is now part of the API and thus
        -:  201:// hard to change without causing breakage. As a result, the various image
        -:  202:// loaders all have certain limits on image size; these differ somewhat
        -:  203:// by format but generally boil down to either just under 2GB or just under
        -:  204:// 1GB. When the decoded image would be larger than this, stb_image decoding
        -:  205:// will fail.
        -:  206://
        -:  207:// Additionally, stb_image will reject image files that have any of their
        -:  208:// dimensions set to a larger value than the configurable STBI_MAX_DIMENSIONS,
        -:  209:// which defaults to 2**24 = 16777216 pixels. Due to the above memory limit,
        -:  210:// the only way to have an image with such dimensions load correctly
        -:  211:// is for it to have a rather extreme aspect ratio. Either way, the
        -:  212:// assumption here is that such larger images are likely to be malformed
        -:  213:// or malicious. If you do need to load an image with individual dimensions
        -:  214:// larger than that, and it still fits in the overall size limit, you can
        -:  215:// #define STBI_MAX_DIMENSIONS on your own to be something larger.
        -:  216://
        -:  217:// ===========================================================================
        -:  218://
        -:  219:// UNICODE:
        -:  220://
        -:  221://   If compiling for Windows and you wish to use Unicode filenames, compile
        -:  222://   with
        -:  223://       #define STBI_WINDOWS_UTF8
        -:  224://   and pass utf8-encoded filenames. Call stbi_convert_wchar_to_utf8 to convert
        -:  225://   Windows wchar_t filenames to utf8.
        -:  226://
        -:  227:// ===========================================================================
        -:  228://
        -:  229:// Philosophy
        -:  230://
        -:  231:// stb libraries are designed with the following priorities:
        -:  232://
        -:  233://    1. easy to use
        -:  234://    2. easy to maintain
        -:  235://    3. good performance
        -:  236://
        -:  237:// Sometimes I let "good performance" creep up in priority over "easy to maintain",
        -:  238:// and for best performance I may provide less-easy-to-use APIs that give higher
        -:  239:// performance, in addition to the easy-to-use ones. Nevertheless, it's important
        -:  240:// to keep in mind that from the standpoint of you, a client of this library,
        -:  241:// all you care about is #1 and #3, and stb libraries DO NOT emphasize #3 above all.
        -:  242://
        -:  243:// Some secondary priorities arise directly from the first two, some of which
        -:  244:// provide more explicit reasons why performance can't be emphasized.
        -:  245://
        -:  246://    - Portable ("ease of use")
        -:  247://    - Small source code footprint ("easy to maintain")
        -:  248://    - No dependencies ("ease of use")
        -:  249://
        -:  250:// ===========================================================================
        -:  251://
        -:  252:// I/O callbacks
        -:  253://
        -:  254:// I/O callbacks allow you to read from arbitrary sources, like packaged
        -:  255:// files or some other source. Data read from callbacks are processed
        -:  256:// through a small internal buffer (currently 128 bytes) to try to reduce
        -:  257:// overhead.
        -:  258://
        -:  259:// The three functions you must define are "read" (reads some bytes of data),
        -:  260:// "skip" (skips some bytes of data), "eof" (reports if the stream is at the end).
        -:  261://
        -:  262:// ===========================================================================
        -:  263://
        -:  264:// SIMD support
        -:  265://
        -:  266:// The JPEG decoder will try to automatically use SIMD kernels on x86 when
        -:  267:// supported by the compiler. For ARM Neon support, you must explicitly
        -:  268:// request it.
        -:  269://
        -:  270:// (The old do-it-yourself SIMD API is no longer supported in the current
        -:  271:// code.)
        -:  272://
        -:  273:// On x86, SSE2 will automatically be used when available based on a run-time
        -:  274:// test; if not, the generic C versions are used as a fall-back. On ARM targets,
        -:  275:// the typical path is to have separate builds for NEON and non-NEON devices
        -:  276:// (at least this is true for iOS and Android). Therefore, the NEON support is
        -:  277:// toggled by a build flag: define STBI_NEON to get NEON loops.
        -:  278://
        -:  279:// If for some reason you do not want to use any of SIMD code, or if
        -:  280:// you have issues compiling it, you can disable it entirely by
        -:  281:// defining STBI_NO_SIMD.
        -:  282://
        -:  283:// ===========================================================================
        -:  284://
        -:  285:// HDR image support   (disable by defining STBI_NO_HDR)
        -:  286://
        -:  287:// stb_image supports loading HDR images in general, and currently the Radiance
        -:  288:// .HDR file format specifically. You can still load any file through the existing
        -:  289:// interface; if you attempt to load an HDR file, it will be automatically remapped
        -:  290:// to LDR, assuming gamma 2.2 and an arbitrary scale factor defaulting to 1;
        -:  291:// both of these constants can be reconfigured through this interface:
        -:  292://
        -:  293://     stbi_hdr_to_ldr_gamma(2.2f);
        -:  294://     stbi_hdr_to_ldr_scale(1.0f);
        -:  295://
        -:  296:// (note, do not use _inverse_ constants; stbi_image will invert them
        -:  297:// appropriately).
        -:  298://
        -:  299:// Additionally, there is a new, parallel interface for loading files as
        -:  300:// (linear) floats to preserve the full dynamic range:
        -:  301://
        -:  302://    float *data = stbi_loadf(filename, &x, &y, &n, 0);
        -:  303://
        -:  304:// If you load LDR images through this interface, those images will
        -:  305:// be promoted to floating point values, run through the inverse of
        -:  306:// constants corresponding to the above:
        -:  307://
        -:  308://     stbi_ldr_to_hdr_scale(1.0f);
        -:  309://     stbi_ldr_to_hdr_gamma(2.2f);
        -:  310://
        -:  311:// Finally, given a filename (or an open file or memory block--see header
        -:  312:// file for details) containing image data, you can query for the "most
        -:  313:// appropriate" interface to use (that is, whether the image is HDR or
        -:  314:// not), using:
        -:  315://
        -:  316://     stbi_is_hdr(char *filename);
        -:  317://
        -:  318:// ===========================================================================
        -:  319://
        -:  320:// iPhone PNG support:
        -:  321://
        -:  322:// We optionally support converting iPhone-formatted PNGs (which store
        -:  323:// premultiplied BGRA) back to RGB, even though they're internally encoded
        -:  324:// differently. To enable this conversion, call
        -:  325:// stbi_convert_iphone_png_to_rgb(1).
        -:  326://
        -:  327:// Call stbi_set_unpremultiply_on_load(1) as well to force a divide per
        -:  328:// pixel to remove any premultiplied alpha *only* if the image file explicitly
        -:  329:// says there's premultiplied data (currently only happens in iPhone images,
        -:  330:// and only if iPhone convert-to-rgb processing is on).
        -:  331://
        -:  332:// ===========================================================================
        -:  333://
        -:  334:// ADDITIONAL CONFIGURATION
        -:  335://
        -:  336://  - You can suppress implementation of any of the decoders to reduce
        -:  337://    your code footprint by #defining one or more of the following
        -:  338://    symbols before creating the implementation.
        -:  339://
        -:  340://        STBI_NO_JPEG
        -:  341://        STBI_NO_PNG
        -:  342://        STBI_NO_BMP
        -:  343://        STBI_NO_PSD
        -:  344://        STBI_NO_TGA
        -:  345://        STBI_NO_GIF
        -:  346://        STBI_NO_HDR
        -:  347://        STBI_NO_PIC
        -:  348://        STBI_NO_PNM   (.ppm and .pgm)
        -:  349://
        -:  350://  - You can request *only* certain decoders and suppress all other ones
        -:  351://    (this will be more forward-compatible, as addition of new decoders
        -:  352://    doesn't require you to disable them explicitly):
        -:  353://
        -:  354://        STBI_ONLY_JPEG
        -:  355://        STBI_ONLY_PNG
        -:  356://        STBI_ONLY_BMP
        -:  357://        STBI_ONLY_PSD
        -:  358://        STBI_ONLY_TGA
        -:  359://        STBI_ONLY_GIF
        -:  360://        STBI_ONLY_HDR
        -:  361://        STBI_ONLY_PIC
        -:  362://        STBI_ONLY_PNM   (.ppm and .pgm)
        -:  363://
        -:  364://   - If you use STBI_NO_PNG (or _ONLY_ without PNG), and you still
        -:  365://     want the zlib decoder to be available, #define STBI_SUPPORT_ZLIB
        -:  366://
        -:  367://  - If you define STBI_MAX_DIMENSIONS, stb_image will reject images greater
        -:  368://    than that size (in either width or height) without further processing.
        -:  369://    This is to let programs in the wild set an upper bound to prevent
        -:  370://    denial-of-service attacks on untrusted data, as one could generate a
        -:  371://    valid image of gigantic dimensions and force stb_image to allocate a
        -:  372://    huge block of memory and spend disproportionate time decoding it. By
        -:  373://    default this is set to (1 << 24), which is 16777216, but that's still
        -:  374://    very big.
        -:  375:
        -:  376:#ifndef STBI_NO_STDIO
        -:  377:#include <stdio.h>
        -:  378:#endif // STBI_NO_STDIO
        -:  379:
        -:  380:#define STBI_VERSION 1
        -:  381:
        -:  382:enum
        -:  383:{
        -:  384:   STBI_default = 0, // only used for desired_channels
        -:  385:
        -:  386:   STBI_grey       = 1,
        -:  387:   STBI_grey_alpha = 2,
        -:  388:   STBI_rgb        = 3,
        -:  389:   STBI_rgb_alpha  = 4
        -:  390:};
        -:  391:
        -:  392:#include <stdlib.h>
        -:  393:typedef unsigned char stbi_uc;
        -:  394:typedef unsigned short stbi_us;
        -:  395:
        -:  396:#ifdef __cplusplus
        -:  397:extern "C" {
        -:  398:#endif
        -:  399:
        -:  400:#ifndef STBIDEF
        -:  401:#ifdef STB_IMAGE_STATIC
        -:  402:#define STBIDEF static
        -:  403:#else
        -:  404:#define STBIDEF extern
        -:  405:#endif
        -:  406:#endif
        -:  407:
        -:  408://////////////////////////////////////////////////////////////////////////////
        -:  409://
        -:  410:// PRIMARY API - works on images of any type
        -:  411://
        -:  412:
        -:  413://
        -:  414:// load image by filename, open file, or memory buffer
        -:  415://
        -:  416:
        -:  417:typedef struct
        -:  418:{
        -:  419:   int      (*read)  (void *user,char *data,int size);   // fill 'data' with 'size' bytes.  return number of bytes actually read
        -:  420:   void     (*skip)  (void *user,int n);                 // skip the next 'n' bytes, or 'unget' the last -n bytes if negative
        -:  421:   int      (*eof)   (void *user);                       // returns nonzero if we are at end of file/data
        -:  422:} stbi_io_callbacks;
        -:  423:
        -:  424:////////////////////////////////////
        -:  425://
        -:  426:// 8-bits-per-channel interface
        -:  427://
        -:  428:
        -:  429:STBIDEF stbi_uc *stbi_load_from_memory   (stbi_uc           const *buffer, int len   , int *x, int *y, int *channels_in_file, int desired_channels);
        -:  430:STBIDEF stbi_uc *stbi_load_from_callbacks(stbi_io_callbacks const *clbk  , void *user, int *x, int *y, int *channels_in_file, int desired_channels);
        -:  431:
        -:  432:#ifndef STBI_NO_STDIO
        -:  433:STBIDEF stbi_uc *stbi_load            (char const *filename, int *x, int *y, int *channels_in_file, int desired_channels);
        -:  434:STBIDEF stbi_uc *stbi_load_from_file  (FILE *f, int *x, int *y, int *channels_in_file, int desired_channels);
        -:  435:// for stbi_load_from_file, file pointer is left pointing immediately after image
        -:  436:#endif
        -:  437:
        -:  438:#ifndef STBI_NO_GIF
        -:  439:STBIDEF stbi_uc *stbi_load_gif_from_memory(stbi_uc const *buffer, int len, int **delays, int *x, int *y, int *z, int *comp, int req_comp);
        -:  440:#endif
        -:  441:
        -:  442:#ifdef STBI_WINDOWS_UTF8
        -:  443:STBIDEF int stbi_convert_wchar_to_utf8(char *buffer, size_t bufferlen, const wchar_t* input);
        -:  444:#endif
        -:  445:
        -:  446:////////////////////////////////////
        -:  447://
        -:  448:// 16-bits-per-channel interface
        -:  449://
        -:  450:
        -:  451:STBIDEF stbi_us *stbi_load_16_from_memory   (stbi_uc const *buffer, int len, int *x, int *y, int *channels_in_file, int desired_channels);
        -:  452:STBIDEF stbi_us *stbi_load_16_from_callbacks(stbi_io_callbacks const *clbk, void *user, int *x, int *y, int *channels_in_file, int desired_channels);
        -:  453:
        -:  454:#ifndef STBI_NO_STDIO
        -:  455:STBIDEF stbi_us *stbi_load_16          (char const *filename, int *x, int *y, int *channels_in_file, int desired_channels);
        -:  456:STBIDEF stbi_us *stbi_load_from_file_16(FILE *f, int *x, int *y, int *channels_in_file, int desired_channels);
        -:  457:#endif
        -:  458:
        -:  459:////////////////////////////////////
        -:  460://
        -:  461:// float-per-channel interface
        -:  462://
        -:  463:#ifndef STBI_NO_LINEAR
        -:  464:   STBIDEF float *stbi_loadf_from_memory     (stbi_uc const *buffer, int len, int *x, int *y, int *channels_in_file, int desired_channels);
        -:  465:   STBIDEF float *stbi_loadf_from_callbacks  (stbi_io_callbacks const *clbk, void *user, int *x, int *y,  int *channels_in_file, int desired_channels);
        -:  466:
        -:  467:   #ifndef STBI_NO_STDIO
        -:  468:   STBIDEF float *stbi_loadf            (char const *filename, int *x, int *y, int *channels_in_file, int desired_channels);
        -:  469:   STBIDEF float *stbi_loadf_from_file  (FILE *f, int *x, int *y, int *channels_in_file, int desired_channels);
        -:  470:   #endif
        -:  471:#endif
        -:  472:
        -:  473:#ifndef STBI_NO_HDR
        -:  474:   STBIDEF void   stbi_hdr_to_ldr_gamma(float gamma);
        -:  475:   STBIDEF void   stbi_hdr_to_ldr_scale(float scale);
        -:  476:#endif // STBI_NO_HDR
        -:  477:
        -:  478:#ifndef STBI_NO_LINEAR
        -:  479:   STBIDEF void   stbi_ldr_to_hdr_gamma(float gamma);
        -:  480:   STBIDEF void   stbi_ldr_to_hdr_scale(float scale);
        -:  481:#endif // STBI_NO_LINEAR
        -:  482:
        -:  483:// stbi_is_hdr is always defined, but always returns false if STBI_NO_HDR
        -:  484:STBIDEF int    stbi_is_hdr_from_callbacks(stbi_io_callbacks const *clbk, void *user);
        -:  485:STBIDEF int    stbi_is_hdr_from_memory(stbi_uc const *buffer, int len);
        -:  486:#ifndef STBI_NO_STDIO
        -:  487:STBIDEF int      stbi_is_hdr          (char const *filename);
        -:  488:STBIDEF int      stbi_is_hdr_from_file(FILE *f);
        -:  489:#endif // STBI_NO_STDIO
        -:  490:
        -:  491:
        -:  492:// get a VERY brief reason for failure
        -:  493:// on most compilers (and ALL modern mainstream compilers) this is threadsafe
        -:  494:STBIDEF const char *stbi_failure_reason  (void);
        -:  495:
        -:  496:// free the loaded image -- this is just free()
        -:  497:STBIDEF void     stbi_image_free      (void *retval_from_stbi_load);
        -:  498:
        -:  499:// get image dimensions & components without fully decoding
        -:  500:STBIDEF int      stbi_info_from_memory(stbi_uc const *buffer, int len, int *x, int *y, int *comp);
        -:  501:STBIDEF int      stbi_info_from_callbacks(stbi_io_callbacks const *clbk, void *user, int *x, int *y, int *comp);
        -:  502:STBIDEF int      stbi_is_16_bit_from_memory(stbi_uc const *buffer, int len);
        -:  503:STBIDEF int      stbi_is_16_bit_from_callbacks(stbi_io_callbacks const *clbk, void *user);
        -:  504:
        -:  505:#ifndef STBI_NO_STDIO
        -:  506:STBIDEF int      stbi_info               (char const *filename,     int *x, int *y, int *comp);
        -:  507:STBIDEF int      stbi_info_from_file     (FILE *f,                  int *x, int *y, int *comp);
        -:  508:STBIDEF int      stbi_is_16_bit          (char const *filename);
        -:  509:STBIDEF int      stbi_is_16_bit_from_file(FILE *f);
        -:  510:#endif
        -:  511:
        -:  512:
        -:  513:
        -:  514:// for image formats that explicitly notate that they have premultiplied alpha,
        -:  515:// we just return the colors as stored in the file. set this flag to force
        -:  516:// unpremultiplication. results are undefined if the unpremultiply overflow.
        -:  517:STBIDEF void stbi_set_unpremultiply_on_load(int flag_true_if_should_unpremultiply);
        -:  518:
        -:  519:// indicate whether we should process iphone images back to canonical format,
        -:  520:// or just pass them through "as-is"
        -:  521:STBIDEF void stbi_convert_iphone_png_to_rgb(int flag_true_if_should_convert);
        -:  522:
        -:  523:// flip the image vertically, so the first pixel in the output array is the bottom left
        -:  524:STBIDEF void stbi_set_flip_vertically_on_load(int flag_true_if_should_flip);
        -:  525:
        -:  526:// as above, but only applies to images loaded on the thread that calls the function
        -:  527:// this function is only available if your compiler supports thread-local variables;
        -:  528:// calling it will fail to link if your compiler doesn't
        -:  529:STBIDEF void stbi_set_unpremultiply_on_load_thread(int flag_true_if_should_unpremultiply);
        -:  530:STBIDEF void stbi_convert_iphone_png_to_rgb_thread(int flag_true_if_should_convert);
        -:  531:STBIDEF void stbi_set_flip_vertically_on_load_thread(int flag_true_if_should_flip);
        -:  532:
        -:  533:// ZLIB client - used by PNG, available for other purposes
        -:  534:
        -:  535:STBIDEF char *stbi_zlib_decode_malloc_guesssize(const char *buffer, int len, int initial_size, int *outlen);
        -:  536:STBIDEF char *stbi_zlib_decode_malloc_guesssize_headerflag(const char *buffer, int len, int initial_size, int *outlen, int parse_header);
        -:  537:STBIDEF char *stbi_zlib_decode_malloc(const char *buffer, int len, int *outlen);
        -:  538:STBIDEF int   stbi_zlib_decode_buffer(char *obuffer, int olen, const char *ibuffer, int ilen);
        -:  539:
        -:  540:STBIDEF char *stbi_zlib_decode_noheader_malloc(const char *buffer, int len, int *outlen);
        -:  541:STBIDEF int   stbi_zlib_decode_noheader_buffer(char *obuffer, int olen, const char *ibuffer, int ilen);
        -:  542:
        -:  543:
        -:  544:#ifdef __cplusplus
        -:  545:}
        -:  546:#endif
        -:  547:
        -:  548://
        -:  549://
        -:  550:////   end header file   /////////////////////////////////////////////////////
        -:  551:#endif // STBI_INCLUDE_STB_IMAGE_H
        -:  552:
        -:  553:#ifdef STB_IMAGE_IMPLEMENTATION
        -:  554:
        -:  555:#if defined(STBI_ONLY_JPEG) || defined(STBI_ONLY_PNG) || defined(STBI_ONLY_BMP) \
        -:  556:  || defined(STBI_ONLY_TGA) || defined(STBI_ONLY_GIF) || defined(STBI_ONLY_PSD) \
        -:  557:  || defined(STBI_ONLY_HDR) || defined(STBI_ONLY_PIC) || defined(STBI_ONLY_PNM) \
        -:  558:  || defined(STBI_ONLY_ZLIB)
        -:  559:   #ifndef STBI_ONLY_JPEG
        -:  560:   #define STBI_NO_JPEG
        -:  561:   #endif
        -:  562:   #ifndef STBI_ONLY_PNG
        -:  563:   #define STBI_NO_PNG
        -:  564:   #endif
        -:  565:   #ifndef STBI_ONLY_BMP
        -:  566:   #define STBI_NO_BMP
        -:  567:   #endif
        -:  568:   #ifndef STBI_ONLY_PSD
        -:  569:   #define STBI_NO_PSD
        -:  570:   #endif
        -:  571:   #ifndef STBI_ONLY_TGA
        -:  572:   #define STBI_NO_TGA
        -:  573:   #endif
        -:  574:   #ifndef STBI_ONLY_GIF
        -:  575:   #define STBI_NO_GIF
        -:  576:   #endif
        -:  577:   #ifndef STBI_ONLY_HDR
        -:  578:   #define STBI_NO_HDR
        -:  579:   #endif
        -:  580:   #ifndef STBI_ONLY_PIC
        -:  581:   #define STBI_NO_PIC
        -:  582:   #endif
        -:  583:   #ifndef STBI_ONLY_PNM
        -:  584:   #define STBI_NO_PNM
        -:  585:   #endif
        -:  586:#endif
        -:  587:
        -:  588:#if defined(STBI_NO_PNG) && !defined(STBI_SUPPORT_ZLIB) && !defined(STBI_NO_ZLIB)
        -:  589:#define STBI_NO_ZLIB
        -:  590:#endif
        -:  591:
        -:  592:
        -:  593:#include <stdarg.h>
        -:  594:#include <stddef.h> // ptrdiff_t on osx
        -:  595:#include <stdlib.h>
        -:  596:#include <string.h>
        -:  597:#include <limits.h>
        -:  598:
        -:  599:#if !defined(STBI_NO_LINEAR) || !defined(STBI_NO_HDR)
        -:  600:#include <math.h>  // ldexp, pow
        -:  601:#endif
        -:  602:
        -:  603:#ifndef STBI_NO_STDIO
        -:  604:#include <stdio.h>
        -:  605:#endif
        -:  606:
        -:  607:#ifndef STBI_ASSERT
        -:  608:#include <assert.h>
        -:  609:#define STBI_ASSERT(x) assert(x)
        -:  610:#endif
        -:  611:
        -:  612:#ifdef __cplusplus
        -:  613:#define STBI_EXTERN extern "C"
        -:  614:#else
        -:  615:#define STBI_EXTERN extern
        -:  616:#endif
        -:  617:
        -:  618:
        -:  619:#ifndef _MSC_VER
        -:  620:   #ifdef __cplusplus
        -:  621:   #define stbi_inline inline
        -:  622:   #else
        -:  623:   #define stbi_inline
        -:  624:   #endif
        -:  625:#else
        -:  626:   #define stbi_inline __forceinline
        -:  627:#endif
        -:  628:
        -:  629:#ifndef STBI_NO_THREAD_LOCALS
        -:  630:   #if defined(__cplusplus) &&  __cplusplus >= 201103L
        -:  631:      #define STBI_THREAD_LOCAL       thread_local
        -:  632:   #elif defined(__GNUC__) && __GNUC__ < 5
        -:  633:      #define STBI_THREAD_LOCAL       __thread
        -:  634:   #elif defined(_MSC_VER)
        -:  635:      #define STBI_THREAD_LOCAL       __declspec(thread)
        -:  636:   #elif defined (__STDC_VERSION__) && __STDC_VERSION__ >= 201112L && !defined(__STDC_NO_THREADS__)
        -:  637:      #define STBI_THREAD_LOCAL       _Thread_local
        -:  638:   #endif
        -:  639:
        -:  640:   #ifndef STBI_THREAD_LOCAL
        -:  641:      #if defined(__GNUC__)
        -:  642:        #define STBI_THREAD_LOCAL       __thread
        -:  643:      #endif
        -:  644:   #endif
        -:  645:#endif
        -:  646:
        -:  647:#if defined(_MSC_VER) || defined(__SYMBIAN32__)
        -:  648:typedef unsigned short stbi__uint16;
        -:  649:typedef   signed short stbi__int16;
        -:  650:typedef unsigned int   stbi__uint32;
        -:  651:typedef   signed int   stbi__int32;
        -:  652:#else
        -:  653:#include <stdint.h>
        -:  654:typedef uint16_t stbi__uint16;
        -:  655:typedef int16_t  stbi__int16;
        -:  656:typedef uint32_t stbi__uint32;
        -:  657:typedef int32_t  stbi__int32;
        -:  658:#endif
        -:  659:
        -:  660:// should produce compiler error if size is wrong
        -:  661:typedef unsigned char validate_uint32[sizeof(stbi__uint32)==4 ? 1 : -1];
        -:  662:
        -:  663:#ifdef _MSC_VER
        -:  664:#define STBI_NOTUSED(v)  (void)(v)
        -:  665:#else
        -:  666:#define STBI_NOTUSED(v)  (void)sizeof(v)
        -:  667:#endif
        -:  668:
        -:  669:#ifdef _MSC_VER
        -:  670:#define STBI_HAS_LROTL
        -:  671:#endif
        -:  672:
        -:  673:#ifdef STBI_HAS_LROTL
        -:  674:   #define stbi_lrot(x,y)  _lrotl(x,y)
        -:  675:#else
        -:  676:   #define stbi_lrot(x,y)  (((x) << (y)) | ((x) >> (-(y) & 31)))
        -:  677:#endif
        -:  678:
        -:  679:#if defined(STBI_MALLOC) && defined(STBI_FREE) && (defined(STBI_REALLOC) || defined(STBI_REALLOC_SIZED))
        -:  680:// ok
        -:  681:#elif !defined(STBI_MALLOC) && !defined(STBI_FREE) && !defined(STBI_REALLOC) && !defined(STBI_REALLOC_SIZED)
        -:  682:// ok
        -:  683:#else
        -:  684:#error "Must define all or none of STBI_MALLOC, STBI_FREE, and STBI_REALLOC (or STBI_REALLOC_SIZED)."
        -:  685:#endif
        -:  686:
        -:  687:#ifndef STBI_MALLOC
        -:  688:#define STBI_MALLOC(sz)           malloc(sz)
        -:  689:#define STBI_REALLOC(p,newsz)     realloc(p,newsz)
        -:  690:#define STBI_FREE(p)              free(p)
        -:  691:#endif
        -:  692:
        -:  693:#ifndef STBI_REALLOC_SIZED
        -:  694:#define STBI_REALLOC_SIZED(p,oldsz,newsz) STBI_REALLOC(p,newsz)
        -:  695:#endif
        -:  696:
        -:  697:// x86/x64 detection
        -:  698:#if defined(__x86_64__) || defined(_M_X64)
        -:  699:#define STBI__X64_TARGET
        -:  700:#elif defined(__i386) || defined(_M_IX86)
        -:  701:#define STBI__X86_TARGET
        -:  702:#endif
        -:  703:
        -:  704:#if defined(__GNUC__) && defined(STBI__X86_TARGET) && !defined(__SSE2__) && !defined(STBI_NO_SIMD)
        -:  705:// gcc doesn't support sse2 intrinsics unless you compile with -msse2,
        -:  706:// which in turn means it gets to use SSE2 everywhere. This is unfortunate,
        -:  707:// but previous attempts to provide the SSE2 functions with runtime
        -:  708:// detection caused numerous issues. The way architecture extensions are
        -:  709:// exposed in GCC/Clang is, sadly, not really suited for one-file libs.
        -:  710:// New behavior: if compiled with -msse2, we use SSE2 without any
        -:  711:// detection; if not, we don't use it at all.
        -:  712:#define STBI_NO_SIMD
        -:  713:#endif
        -:  714:
        -:  715:#if defined(__MINGW32__) && defined(STBI__X86_TARGET) && !defined(STBI_MINGW_ENABLE_SSE2) && !defined(STBI_NO_SIMD)
        -:  716:// Note that __MINGW32__ doesn't actually mean 32-bit, so we have to avoid STBI__X64_TARGET
        -:  717://
        -:  718:// 32-bit MinGW wants ESP to be 16-byte aligned, but this is not in the
        -:  719:// Windows ABI and VC++ as well as Windows DLLs don't maintain that invariant.
        -:  720:// As a result, enabling SSE2 on 32-bit MinGW is dangerous when not
        -:  721:// simultaneously enabling "-mstackrealign".
        -:  722://
        -:  723:// See https://github.com/nothings/stb/issues/81 for more information.
        -:  724://
        -:  725:// So default to no SSE2 on 32-bit MinGW. If you've read this far and added
        -:  726:// -mstackrealign to your build settings, feel free to #define STBI_MINGW_ENABLE_SSE2.
        -:  727:#define STBI_NO_SIMD
        -:  728:#endif
        -:  729:
        -:  730:#if !defined(STBI_NO_SIMD) && (defined(STBI__X86_TARGET) || defined(STBI__X64_TARGET))
        -:  731:#define STBI_SSE2
        -:  732:#include <emmintrin.h>
        -:  733:
        -:  734:#ifdef _MSC_VER
        -:  735:
        -:  736:#if _MSC_VER >= 1400  // not VC6
        -:  737:#include <intrin.h> // __cpuid
        -:  738:static int stbi__cpuid3(void)
        -:  739:{
        -:  740:   int info[4];
        -:  741:   __cpuid(info,1);
        -:  742:   return info[3];
        -:  743:}
        -:  744:#else
        -:  745:static int stbi__cpuid3(void)
        -:  746:{
        -:  747:   int res;
        -:  748:   __asm {
        -:  749:      mov  eax,1
        -:  750:      cpuid
        -:  751:      mov  res,edx
        -:  752:   }
        -:  753:   return res;
        -:  754:}
        -:  755:#endif
        -:  756:
        -:  757:#define STBI_SIMD_ALIGN(type, name) __declspec(align(16)) type name
        -:  758:
        -:  759:#if !defined(STBI_NO_JPEG) && defined(STBI_SSE2)
        -:  760:static int stbi__sse2_available(void)
        -:  761:{
        -:  762:   int info3 = stbi__cpuid3();
        -:  763:   return ((info3 >> 26) & 1) != 0;
        -:  764:}
        -:  765:#endif
        -:  766:
        -:  767:#else // assume GCC-style if not VC++
        -:  768:#define STBI_SIMD_ALIGN(type, name) type name __attribute__((aligned(16)))
        -:  769:
        -:  770:#if !defined(STBI_NO_JPEG) && defined(STBI_SSE2)
function _ZL20stbi__sse2_availablev called 0 returned 0% blocks executed 0%
    #####:  771:static int stbi__sse2_available(void)
        -:  772:{
        -:  773:   // If we're even attempting to compile this on GCC/Clang, that means
        -:  774:   // -msse2 is on, which means the compiler is allowed to use SSE2
        -:  775:   // instructions at will, and so are we.
    #####:  776:   return 1;
    %%%%%:  776-block 2
        -:  777:}
        -:  778:#endif
        -:  779:
        -:  780:#endif
        -:  781:#endif
        -:  782:
        -:  783:// ARM NEON
        -:  784:#if defined(STBI_NO_SIMD) && defined(STBI_NEON)
        -:  785:#undef STBI_NEON
        -:  786:#endif
        -:  787:
        -:  788:#ifdef STBI_NEON
        -:  789:#include <arm_neon.h>
        -:  790:#ifdef _MSC_VER
        -:  791:#define STBI_SIMD_ALIGN(type, name) __declspec(align(16)) type name
        -:  792:#else
        -:  793:#define STBI_SIMD_ALIGN(type, name) type name __attribute__((aligned(16)))
        -:  794:#endif
        -:  795:#endif
        -:  796:
        -:  797:#ifndef STBI_SIMD_ALIGN
        -:  798:#define STBI_SIMD_ALIGN(type, name) type name
        -:  799:#endif
        -:  800:
        -:  801:#ifndef STBI_MAX_DIMENSIONS
        -:  802:#define STBI_MAX_DIMENSIONS (1 << 24)
        -:  803:#endif
        -:  804:
        -:  805:///////////////////////////////////////////////
        -:  806://
        -:  807://  stbi__context struct and start_xxx functions
        -:  808:
        -:  809:// stbi__context structure is our basic context used by all images, so it
        -:  810:// contains all the IO context, plus some basic image information
        -:  811:typedef struct
        -:  812:{
        -:  813:   stbi__uint32 img_x, img_y;
        -:  814:   int img_n, img_out_n;
        -:  815:
        -:  816:   stbi_io_callbacks io;
        -:  817:   void *io_user_data;
        -:  818:
        -:  819:   int read_from_callbacks;
        -:  820:   int buflen;
        -:  821:   stbi_uc buffer_start[128];
        -:  822:   int callback_already_read;
        -:  823:
        -:  824:   stbi_uc *img_buffer, *img_buffer_end;
        -:  825:   stbi_uc *img_buffer_original, *img_buffer_original_end;
        -:  826:} stbi__context;
        -:  827:
        -:  828:
        -:  829:static void stbi__refill_buffer(stbi__context *s);
        -:  830:
        -:  831:// initialize a memory-decode context
function _ZL15stbi__start_memP13stbi__contextPKhi called 0 returned 0% blocks executed 0%
    #####:  832:static void stbi__start_mem(stbi__context *s, stbi_uc const *buffer, int len)
        -:  833:{
    #####:  834:   s->io.read = NULL;
    #####:  835:   s->read_from_callbacks = 0;
    #####:  836:   s->callback_already_read = 0;
    #####:  837:   s->img_buffer = s->img_buffer_original = (stbi_uc *) buffer;
    #####:  838:   s->img_buffer_end = s->img_buffer_original_end = (stbi_uc *) buffer+len;
    #####:  839:}
        -:  840:
        -:  841:// initialize a callback-based context
function _ZL21stbi__start_callbacksP13stbi__contextP17stbi_io_callbacksPv called 3 returned 100% blocks executed 100%
        3:  842:static void stbi__start_callbacks(stbi__context *s, stbi_io_callbacks *c, void *user)
        -:  843:{
        3:  844:   s->io = *c;
        3:  845:   s->io_user_data = user;
        3:  846:   s->buflen = sizeof(s->buffer_start);
        3:  847:   s->read_from_callbacks = 1;
        3:  848:   s->callback_already_read = 0;
        3:  849:   s->img_buffer = s->img_buffer_original = s->buffer_start;
        3:  850:   stbi__refill_buffer(s);
        3:  850-block 2
call    0 returned 3
        3:  851:   s->img_buffer_original_end = s->img_buffer_end;
        3:  852:}
        -:  853:
        -:  854:#ifndef STBI_NO_STDIO
        -:  855:
function _ZL16stbi__stdio_readPvPci called 3574 returned 100% blocks executed 100%
     3574:  856:static int stbi__stdio_read(void *user, char *data, int size)
        -:  857:{
     3574:  858:   return (int) fread(data,1,size,(FILE*) user);
     3574:  858-block 2
call    0 returned 3574
        -:  859:}
        -:  860:
function _ZL16stbi__stdio_skipPvi called 7 returned 100% blocks executed 100%
        7:  861:static void stbi__stdio_skip(void *user, int n)
        -:  862:{
        -:  863:   int ch;
        7:  864:   fseek((FILE*) user, n, SEEK_CUR);
        7:  864-block 2
call    0 returned 7
        7:  865:   ch = fgetc((FILE*) user);  /* have to read a byte to reset feof()'s flag */
call    0 returned 7
        7:  866:   if (ch != EOF) {
branch  0 taken 7 (fallthrough)
branch  1 taken 0
        7:  867:      ungetc(ch, (FILE *) user);  /* push byte back onto stream if valid. */
        7:  867-block 5
call    0 returned 7
        -:  868:   }
        7:  869:}
        -:  870:
function _ZL15stbi__stdio_eofPv called 0 returned 0% blocks executed 0%
    #####:  871:static int stbi__stdio_eof(void *user)
        -:  872:{
    #####:  873:   return feof((FILE*) user) || ferror((FILE *) user);
    %%%%%:  873-block 2
call    0 never executed
branch  1 never executed (fallthrough)
branch  2 never executed
    %%%%%:  873-block 4
call    3 never executed
branch  4 never executed (fallthrough)
branch  5 never executed
    %%%%%:  873-block 6
    %%%%%:  873-block 7
    %%%%%:  873-block 8
        -:  874:}
        -:  875:
        -:  876:static stbi_io_callbacks stbi__stdio_callbacks =
        -:  877:{
        -:  878:   stbi__stdio_read,
        -:  879:   stbi__stdio_skip,
        -:  880:   stbi__stdio_eof,
        -:  881:};
        -:  882:
function _ZL16stbi__start_fileP13stbi__contextP8_IO_FILE called 3 returned 100% blocks executed 100%
        3:  883:static void stbi__start_file(stbi__context *s, FILE *f)
        -:  884:{
        3:  885:   stbi__start_callbacks(s, &stbi__stdio_callbacks, (void *) f);
        3:  885-block 2
call    0 returned 3
        3:  886:}
        -:  887:
        -:  888://static void stop_file(stbi__context *s) { }
        -:  889:
        -:  890:#endif // !STBI_NO_STDIO
        -:  891:
function _ZL12stbi__rewindP13stbi__context called 3 returned 100% blocks executed 100%
        3:  892:static void stbi__rewind(stbi__context *s)
        -:  893:{
        -:  894:   // conceptually rewind SHOULD rewind to the beginning of the stream,
        -:  895:   // but we just rewind to the beginning of the initial buffer, because
        -:  896:   // we only use it after doing 'test', which only ever looks at at most 92 bytes
        3:  897:   s->img_buffer = s->img_buffer_original;
        3:  898:   s->img_buffer_end = s->img_buffer_original_end;
        3:  899:}
        -:  900:
        -:  901:enum
        -:  902:{
        -:  903:   STBI_ORDER_RGB,
        -:  904:   STBI_ORDER_BGR
        -:  905:};
        -:  906:
        -:  907:typedef struct
        -:  908:{
        -:  909:   int bits_per_channel;
        -:  910:   int num_channels;
        -:  911:   int channel_order;
        -:  912:} stbi__result_info;
        -:  913:
        -:  914:#ifndef STBI_NO_JPEG
        -:  915:static int      stbi__jpeg_test(stbi__context *s);
        -:  916:static void    *stbi__jpeg_load(stbi__context *s, int *x, int *y, int *comp, int req_comp, stbi__result_info *ri);
        -:  917:static int      stbi__jpeg_info(stbi__context *s, int *x, int *y, int *comp);
        -:  918:#endif
        -:  919:
        -:  920:#ifndef STBI_NO_PNG
        -:  921:static int      stbi__png_test(stbi__context *s);
        -:  922:static void    *stbi__png_load(stbi__context *s, int *x, int *y, int *comp, int req_comp, stbi__result_info *ri);
        -:  923:static int      stbi__png_info(stbi__context *s, int *x, int *y, int *comp);
        -:  924:static int      stbi__png_is16(stbi__context *s);
        -:  925:#endif
        -:  926:
        -:  927:#ifndef STBI_NO_BMP
        -:  928:static int      stbi__bmp_test(stbi__context *s);
        -:  929:static void    *stbi__bmp_load(stbi__context *s, int *x, int *y, int *comp, int req_comp, stbi__result_info *ri);
        -:  930:static int      stbi__bmp_info(stbi__context *s, int *x, int *y, int *comp);
        -:  931:#endif
        -:  932:
        -:  933:#ifndef STBI_NO_TGA
        -:  934:static int      stbi__tga_test(stbi__context *s);
        -:  935:static void    *stbi__tga_load(stbi__context *s, int *x, int *y, int *comp, int req_comp, stbi__result_info *ri);
        -:  936:static int      stbi__tga_info(stbi__context *s, int *x, int *y, int *comp);
        -:  937:#endif
        -:  938:
        -:  939:#ifndef STBI_NO_PSD
        -:  940:static int      stbi__psd_test(stbi__context *s);
        -:  941:static void    *stbi__psd_load(stbi__context *s, int *x, int *y, int *comp, int req_comp, stbi__result_info *ri, int bpc);
        -:  942:static int      stbi__psd_info(stbi__context *s, int *x, int *y, int *comp);
        -:  943:static int      stbi__psd_is16(stbi__context *s);
        -:  944:#endif
        -:  945:
        -:  946:#ifndef STBI_NO_HDR
        -:  947:static int      stbi__hdr_test(stbi__context *s);
        -:  948:static float   *stbi__hdr_load(stbi__context *s, int *x, int *y, int *comp, int req_comp, stbi__result_info *ri);
        -:  949:static int      stbi__hdr_info(stbi__context *s, int *x, int *y, int *comp);
        -:  950:#endif
        -:  951:
        -:  952:#ifndef STBI_NO_PIC
        -:  953:static int      stbi__pic_test(stbi__context *s);
        -:  954:static void    *stbi__pic_load(stbi__context *s, int *x, int *y, int *comp, int req_comp, stbi__result_info *ri);
        -:  955:static int      stbi__pic_info(stbi__context *s, int *x, int *y, int *comp);
        -:  956:#endif
        -:  957:
        -:  958:#ifndef STBI_NO_GIF
        -:  959:static int      stbi__gif_test(stbi__context *s);
        -:  960:static void    *stbi__gif_load(stbi__context *s, int *x, int *y, int *comp, int req_comp, stbi__result_info *ri);
        -:  961:static void    *stbi__load_gif_main(stbi__context *s, int **delays, int *x, int *y, int *z, int *comp, int req_comp);
        -:  962:static int      stbi__gif_info(stbi__context *s, int *x, int *y, int *comp);
        -:  963:#endif
        -:  964:
        -:  965:#ifndef STBI_NO_PNM
        -:  966:static int      stbi__pnm_test(stbi__context *s);
        -:  967:static void    *stbi__pnm_load(stbi__context *s, int *x, int *y, int *comp, int req_comp, stbi__result_info *ri);
        -:  968:static int      stbi__pnm_info(stbi__context *s, int *x, int *y, int *comp);
        -:  969:static int      stbi__pnm_is16(stbi__context *s);
        -:  970:#endif
        -:  971:
        -:  972:static
        -:  973:#ifdef STBI_THREAD_LOCAL
        -:  974:STBI_THREAD_LOCAL
        -:  975:#endif
        -:  976:const char *stbi__g_failure_reason;
        -:  977:
function stbi_failure_reason called 0 returned 0% blocks executed 0%
    #####:  978:STBIDEF const char *stbi_failure_reason(void)
        -:  979:{
    #####:  980:   return stbi__g_failure_reason;
    %%%%%:  980-block 2
        -:  981:}
        -:  982:
        -:  983:#ifndef STBI_NO_FAILURE_STRINGS
function _ZL9stbi__errPKc called 0 returned 0% blocks executed 0%
    #####:  984:static int stbi__err(const char *str)
        -:  985:{
    #####:  986:   stbi__g_failure_reason = str;
    #####:  987:   return 0;
    %%%%%:  987-block 2
        -:  988:}
        -:  989:#endif
        -:  990:
function _ZL12stbi__mallocm called 12 returned 100% blocks executed 100%
       12:  991:static void *stbi__malloc(size_t size)
        -:  992:{
       12:  993:    return STBI_MALLOC(size);
       12:  993-block 2
        -:  994:}
        -:  995:
        -:  996:// stb_image uses ints pervasively, including for offset calculations.
        -:  997:// therefore the largest decoded image size we can support with the
        -:  998:// current code, even on 64-bit targets, is INT_MAX. this is not a
        -:  999:// significant limitation for the intended use case.
        -: 1000://
        -: 1001:// we do, however, need to make sure our size calculations don't
        -: 1002:// overflow. hence a few helper functions for size calculations that
        -: 1003:// multiply integers together, making sure that they're non-negative
        -: 1004:// and no overflow occurs.
        -: 1005:
        -: 1006:// return 1 if the sum is valid, 0 on overflow.
        -: 1007:// negative terms are considered invalid.
function _ZL20stbi__addsizes_validii called 12 returned 100% blocks executed 75%
       12: 1008:static int stbi__addsizes_valid(int a, int b)
        -: 1009:{
      12*: 1010:   if (b < 0) return 0;
       12: 1010-block 2
branch  0 taken 0 (fallthrough)
branch  1 taken 12
    %%%%%: 1010-block 3
        -: 1011:   // now 0 <= b <= INT_MAX, hence also
        -: 1012:   // 0 <= INT_MAX - b <= INTMAX.
        -: 1013:   // And "a + b <= INT_MAX" (which might overflow) is the
        -: 1014:   // same as a <= INT_MAX - b (no overflow)
       12: 1015:   return a <= INT_MAX - b;
       12: 1015-block 4
        -: 1016:}
        -: 1017:
        -: 1018:// returns 1 if the product is valid, 0 on overflow.
        -: 1019:// negative factors are considered invalid.
function _ZL21stbi__mul2sizes_validii called 18 returned 100% blocks executed 71%
       18: 1020:static int stbi__mul2sizes_valid(int a, int b)
        -: 1021:{
      18*: 1022:   if (a < 0 || b < 0) return 0;
       18: 1022-block 2
branch  0 taken 18 (fallthrough)
branch  1 taken 0
       18: 1022-block 3
branch  2 taken 0 (fallthrough)
branch  3 taken 18
    %%%%%: 1022-block 4
      18*: 1023:   if (b == 0) return 1; // mul-by-0 is always safe
       18: 1023-block 5
branch  0 taken 0 (fallthrough)
branch  1 taken 18
    %%%%%: 1023-block 6
        -: 1024:   // portable way to check for no overflows in a*b
       18: 1025:   return a <= INT_MAX/b;
       18: 1025-block 7
        -: 1026:}
        -: 1027:
        -: 1028:#if !defined(STBI_NO_JPEG) || !defined(STBI_NO_PNG) || !defined(STBI_NO_TGA) || !defined(STBI_NO_HDR)
        -: 1029:// returns 1 if "a*b + add" has no negative terms/factors and doesn't overflow
function _ZL21stbi__mad2sizes_validiii called 6 returned 100% blocks executed 88%
        6: 1030:static int stbi__mad2sizes_valid(int a, int b, int add)
        -: 1031:{
       6*: 1032:   return stbi__mul2sizes_valid(a, b) && stbi__addsizes_valid(a*b, add);
        6: 1032-block 2
call    0 returned 6
branch  1 taken 6 (fallthrough)
branch  2 taken 0
        6: 1032-block 4
call    3 returned 6
branch  4 taken 6 (fallthrough)
branch  5 taken 0
        6: 1032-block 6
    %%%%%: 1032-block 7
        6: 1032-block 8
        -: 1033:}
        -: 1034:#endif
        -: 1035:
        -: 1036:// returns 1 if "a*b*c + add" has no negative terms/factors and doesn't overflow
function _ZL21stbi__mad3sizes_validiiii called 6 returned 100% blocks executed 90%
        6: 1037:static int stbi__mad3sizes_valid(int a, int b, int c, int add)
        -: 1038:{
      12*: 1039:   return stbi__mul2sizes_valid(a, b) && stbi__mul2sizes_valid(a*b, c) &&
        6: 1039-block 2
call    0 returned 6
branch  1 taken 6 (fallthrough)
branch  2 taken 0
        6: 1039-block 4
call    3 returned 6
branch  4 taken 6 (fallthrough)
branch  5 taken 0
branch  6 taken 6 (fallthrough)
branch  7 taken 0
        6: 1039-block 8
    %%%%%: 1039-block 9
       12: 1040:      stbi__addsizes_valid(a*b*c, add);
        6: 1040-block 6
call    0 returned 6
        6: 1040-block 10
        -: 1041:}
        -: 1042:
        -: 1043:// returns 1 if "a*b*c*d + add" has no negative terms/factors and doesn't overflow
        -: 1044:#if !defined(STBI_NO_LINEAR) || !defined(STBI_NO_HDR) || !defined(STBI_NO_PNM)
function _ZL21stbi__mad4sizes_validiiiii called 0 returned 0% blocks executed 0%
    #####: 1045:static int stbi__mad4sizes_valid(int a, int b, int c, int d, int add)
        -: 1046:{
    #####: 1047:   return stbi__mul2sizes_valid(a, b) && stbi__mul2sizes_valid(a*b, c) &&
    %%%%%: 1047-block 2
call    0 never executed
    %%%%%: 1047-block 4
call    1 never executed
branch  2 never executed (fallthrough)
branch  3 never executed
branch  4 never executed (fallthrough)
branch  5 never executed
    #####: 1048:      stbi__mul2sizes_valid(a*b*c, d) && stbi__addsizes_valid(a*b*c*d, add);
branch  0 never executed (fallthrough)
branch  1 never executed
    %%%%%: 1048-block 6
call    2 never executed
    %%%%%: 1048-block 8
call    3 never executed
branch  4 never executed (fallthrough)
branch  5 never executed
    %%%%%: 1048-block 10
    %%%%%: 1048-block 11
    %%%%%: 1048-block 12
        -: 1049:}
        -: 1050:#endif
        -: 1051:
        -: 1052:#if !defined(STBI_NO_JPEG) || !defined(STBI_NO_PNG) || !defined(STBI_NO_TGA) || !defined(STBI_NO_HDR)
        -: 1053:// mallocs with size overflow checking
function _ZL17stbi__malloc_mad2iii called 3 returned 100% blocks executed 80%
        3: 1054:static void *stbi__malloc_mad2(int a, int b, int add)
        -: 1055:{
       3*: 1056:   if (!stbi__mad2sizes_valid(a, b, add)) return NULL;
        3: 1056-block 2
call    0 returned 3
branch  1 taken 0 (fallthrough)
branch  2 taken 3
    %%%%%: 1056-block 4
        3: 1057:   return stbi__malloc(a*b + add);
        3: 1057-block 5
call    0 returned 3
        -: 1058:}
        -: 1059:#endif
        -: 1060:
function _ZL17stbi__malloc_mad3iiii called 3 returned 100% blocks executed 80%
        3: 1061:static void *stbi__malloc_mad3(int a, int b, int c, int add)
        -: 1062:{
       3*: 1063:   if (!stbi__mad3sizes_valid(a, b, c, add)) return NULL;
        3: 1063-block 2
call    0 returned 3
branch  1 taken 0 (fallthrough)
branch  2 taken 3
    %%%%%: 1063-block 4
        3: 1064:   return stbi__malloc(a*b*c + add);
        3: 1064-block 5
call    0 returned 3
        -: 1065:}
        -: 1066:
        -: 1067:#if !defined(STBI_NO_LINEAR) || !defined(STBI_NO_HDR) || !defined(STBI_NO_PNM)
function _ZL17stbi__malloc_mad4iiiii called 0 returned 0% blocks executed 0%
    #####: 1068:static void *stbi__malloc_mad4(int a, int b, int c, int d, int add)
        -: 1069:{
    #####: 1070:   if (!stbi__mad4sizes_valid(a, b, c, d, add)) return NULL;
    %%%%%: 1070-block 2
call    0 never executed
branch  1 never executed (fallthrough)
branch  2 never executed
    %%%%%: 1070-block 4
    #####: 1071:   return stbi__malloc(a*b*c*d + add);
    %%%%%: 1071-block 5
call    0 never executed
        -: 1072:}
        -: 1073:#endif
        -: 1074:
        -: 1075:// returns 1 if the sum of two signed ints is valid (between -2^31 and 2^31-1 inclusive), 0 on overflow.
function _ZL19stbi__addints_validii called 0 returned 0% blocks executed 0%
    #####: 1076:static int stbi__addints_valid(int a, int b)
        -: 1077:{
    #####: 1078:   if ((a >= 0) != (b >= 0)) return 1; // a and b have different signs, so no overflow
    %%%%%: 1078-block 2
branch  0 never executed (fallthrough)
branch  1 never executed
    %%%%%: 1078-block 3
    #####: 1079:   if (a < 0 && b < 0) return a >= INT_MIN - b; // same as a + b >= INT_MIN; INT_MIN - b cannot overflow since b < 0.
    %%%%%: 1079-block 4
branch  0 never executed (fallthrough)
branch  1 never executed
    %%%%%: 1079-block 5
branch  2 never executed (fallthrough)
branch  3 never executed
    %%%%%: 1079-block 6
    #####: 1080:   return a <= INT_MAX - b;
    %%%%%: 1080-block 7
        -: 1081:}
        -: 1082:
        -: 1083:// returns 1 if the product of two ints fits in a signed short, 0 on overflow.
function _ZL22stbi__mul2shorts_validii called 0 returned 0% blocks executed 0%
    #####: 1084:static int stbi__mul2shorts_valid(int a, int b)
        -: 1085:{
    #####: 1086:   if (b == 0 || b == -1) return 1; // multiplication by 0 is always 0; check for -1 so SHRT_MIN/b doesn't overflow
    %%%%%: 1086-block 2
branch  0 never executed (fallthrough)
branch  1 never executed
    %%%%%: 1086-block 3
branch  2 never executed (fallthrough)
branch  3 never executed
    %%%%%: 1086-block 4
    #####: 1087:   if ((a >= 0) == (b >= 0)) return a <= SHRT_MAX/b; // product is positive, so similar to mul2sizes_valid
    %%%%%: 1087-block 5
branch  0 never executed (fallthrough)
branch  1 never executed
    %%%%%: 1087-block 6
    #####: 1088:   if (b < 0) return a <= SHRT_MIN / b; // same as a * b >= SHRT_MIN
    %%%%%: 1088-block 7
branch  0 never executed (fallthrough)
branch  1 never executed
    %%%%%: 1088-block 8
    #####: 1089:   return a >= SHRT_MIN / b;
    %%%%%: 1089-block 9
        -: 1090:}
        -: 1091:
        -: 1092:// stbi__err - error
        -: 1093:// stbi__errpf - error returning pointer to float
        -: 1094:// stbi__errpuc - error returning pointer to unsigned char
        -: 1095:
        -: 1096:#ifdef STBI_NO_FAILURE_STRINGS
        -: 1097:   #define stbi__err(x,y)  0
        -: 1098:#elif defined(STBI_FAILURE_USERMSG)
        -: 1099:   #define stbi__err(x,y)  stbi__err(y)
        -: 1100:#else
        -: 1101:   #define stbi__err(x,y)  stbi__err(x)
        -: 1102:#endif
        -: 1103:
        -: 1104:#define stbi__errpf(x,y)   ((float *)(size_t) (stbi__err(x,y)?NULL:NULL))
        -: 1105:#define stbi__errpuc(x,y)  ((unsigned char *)(size_t) (stbi__err(x,y)?NULL:NULL))
        -: 1106:
function stbi_image_free called 3 returned 100% blocks executed 100%
        3: 1107:STBIDEF void stbi_image_free(void *retval_from_stbi_load)
        -: 1108:{
        3: 1109:   STBI_FREE(retval_from_stbi_load);
        3: 1110:}
        -: 1111:
        -: 1112:#ifndef STBI_NO_LINEAR
        -: 1113:static float   *stbi__ldr_to_hdr(stbi_uc *data, int x, int y, int comp);
        -: 1114:#endif
        -: 1115:
        -: 1116:#ifndef STBI_NO_HDR
        -: 1117:static stbi_uc *stbi__hdr_to_ldr(float   *data, int x, int y, int comp);
        -: 1118:#endif
        -: 1119:
        -: 1120:static int stbi__vertically_flip_on_load_global = 0;
        -: 1121:
function stbi_set_flip_vertically_on_load called 0 returned 0% blocks executed 0%
    #####: 1122:STBIDEF void stbi_set_flip_vertically_on_load(int flag_true_if_should_flip)
        -: 1123:{
    #####: 1124:   stbi__vertically_flip_on_load_global = flag_true_if_should_flip;
    #####: 1125:}
        -: 1126:
        -: 1127:#ifndef STBI_THREAD_LOCAL
        -: 1128:#define stbi__vertically_flip_on_load  stbi__vertically_flip_on_load_global
        -: 1129:#else
        -: 1130:static STBI_THREAD_LOCAL int stbi__vertically_flip_on_load_local, stbi__vertically_flip_on_load_set;
        -: 1131:
function stbi_set_flip_vertically_on_load_thread called 0 returned 0% blocks executed 0%
    #####: 1132:STBIDEF void stbi_set_flip_vertically_on_load_thread(int flag_true_if_should_flip)
        -: 1133:{
    #####: 1134:   stbi__vertically_flip_on_load_local = flag_true_if_should_flip;
    #####: 1135:   stbi__vertically_flip_on_load_set = 1;
    #####: 1136:}
        -: 1137:
        -: 1138:#define stbi__vertically_flip_on_load  (stbi__vertically_flip_on_load_set       \
        -: 1139:                                         ? stbi__vertically_flip_on_load_local  \
        -: 1140:                                         : stbi__vertically_flip_on_load_global)
        -: 1141:#endif // STBI_THREAD_LOCAL
        -: 1142:
function _ZL15stbi__load_mainP13stbi__contextPiS1_S1_iP17stbi__result_infoi called 3 returned 100% blocks executed 12%
        3: 1143:static void *stbi__load_main(stbi__context *s, int *x, int *y, int *comp, int req_comp, stbi__result_info *ri, int bpc)
        -: 1144:{
        3: 1145:   memset(ri, 0, sizeof(*ri)); // make sure it's initialized if we add new fields
        3: 1146:   ri->bits_per_channel = 8; // default is 8 so most paths don't have to be changed
        3: 1147:   ri->channel_order = STBI_ORDER_RGB; // all current input & output are this, but this is here so we can add BGR order
        3: 1148:   ri->num_channels = 0;
        -: 1149:
        -: 1150:   // test the formats with a very explicit header first (at least a FOURCC
        -: 1151:   // or distinctive magic number first)
        -: 1152:   #ifndef STBI_NO_PNG
        3: 1153:   if (stbi__png_test(s))  return stbi__png_load(s,x,y,comp,req_comp, ri);
        3: 1153-block 2
call    0 returned 3
branch  1 taken 3 (fallthrough)
branch  2 taken 0
        3: 1153-block 4
call    3 returned 3
        -: 1154:   #endif
        -: 1155:   #ifndef STBI_NO_BMP
    #####: 1156:   if (stbi__bmp_test(s))  return stbi__bmp_load(s,x,y,comp,req_comp, ri);
    %%%%%: 1156-block 6
call    0 never executed
branch  1 never executed (fallthrough)
branch  2 never executed
    %%%%%: 1156-block 8
call    3 never executed
        -: 1157:   #endif
        -: 1158:   #ifndef STBI_NO_GIF
    #####: 1159:   if (stbi__gif_test(s))  return stbi__gif_load(s,x,y,comp,req_comp, ri);
    %%%%%: 1159-block 10
call    0 never executed
branch  1 never executed (fallthrough)
branch  2 never executed
    %%%%%: 1159-block 12
call    3 never executed
        -: 1160:   #endif
        -: 1161:   #ifndef STBI_NO_PSD
    #####: 1162:   if (stbi__psd_test(s))  return stbi__psd_load(s,x,y,comp,req_comp, ri, bpc);
    %%%%%: 1162-block 14
call    0 never executed
branch  1 never executed (fallthrough)
branch  2 never executed
    %%%%%: 1162-block 16
call    3 never executed
        -: 1163:   #else
        -: 1164:   STBI_NOTUSED(bpc);
        -: 1165:   #endif
        -: 1166:   #ifndef STBI_NO_PIC
    #####: 1167:   if (stbi__pic_test(s))  return stbi__pic_load(s,x,y,comp,req_comp, ri);
    %%%%%: 1167-block 18
call    0 never executed
branch  1 never executed (fallthrough)
branch  2 never executed
    %%%%%: 1167-block 20
call    3 never executed
        -: 1168:   #endif
        -: 1169:
        -: 1170:   // then the formats that can end up attempting to load with just 1 or 2
        -: 1171:   // bytes matching expectations; these are prone to false positives, so
        -: 1172:   // try them later
        -: 1173:   #ifndef STBI_NO_JPEG
    #####: 1174:   if (stbi__jpeg_test(s)) return stbi__jpeg_load(s,x,y,comp,req_comp, ri);
    %%%%%: 1174-block 22
call    0 never executed
branch  1 never executed (fallthrough)
branch  2 never executed
    %%%%%: 1174-block 24
call    3 never executed
        -: 1175:   #endif
        -: 1176:   #ifndef STBI_NO_PNM
    #####: 1177:   if (stbi__pnm_test(s))  return stbi__pnm_load(s,x,y,comp,req_comp, ri);
    %%%%%: 1177-block 26
call    0 never executed
branch  1 never executed (fallthrough)
branch  2 never executed
    %%%%%: 1177-block 28
call    3 never executed
        -: 1178:   #endif
        -: 1179:
        -: 1180:   #ifndef STBI_NO_HDR
    #####: 1181:   if (stbi__hdr_test(s)) {
    %%%%%: 1181-block 30
call    0 never executed
branch  1 never executed (fallthrough)
branch  2 never executed
    #####: 1182:      float *hdr = stbi__hdr_load(s, x,y,comp,req_comp, ri);
    %%%%%: 1182-block 32
call    0 never executed
    #####: 1183:      return stbi__hdr_to_ldr(hdr, *x, *y, req_comp ? req_comp : *comp);
branch  0 never executed (fallthrough)
branch  1 never executed
    %%%%%: 1183-block 34
    %%%%%: 1183-block 35
    %%%%%: 1183-block 36
call    2 never executed
        -: 1184:   }
        -: 1185:   #endif
        -: 1186:
        -: 1187:   #ifndef STBI_NO_TGA
        -: 1188:   // test tga last because it's a crappy test!
    #####: 1189:   if (stbi__tga_test(s))
    %%%%%: 1189-block 37
call    0 never executed
branch  1 never executed (fallthrough)
branch  2 never executed
    #####: 1190:      return stbi__tga_load(s,x,y,comp,req_comp, ri);
    %%%%%: 1190-block 39
call    0 never executed
        -: 1191:   #endif
        -: 1192:
    #####: 1193:   return stbi__errpuc("unknown image type", "Image not of any known type, or corrupt");
    %%%%%: 1193-block 41
call    0 never executed
        -: 1194:}
        -: 1195:
function _ZL21stbi__convert_16_to_8Ptiii called 3 returned 100% blocks executed 78%
        3: 1196:static stbi_uc *stbi__convert_16_to_8(stbi__uint16 *orig, int w, int h, int channels)
        -: 1197:{
        -: 1198:   int i;
        3: 1199:   int img_len = w * h * channels;
        -: 1200:   stbi_uc *reduced;
        -: 1201:
        3: 1202:   reduced = (stbi_uc *) stbi__malloc(img_len);
        3: 1202-block 2
call    0 returned 3
       3*: 1203:   if (reduced == NULL) return stbi__errpuc("outofmem", "Out of memory");
branch  0 taken 0 (fallthrough)
branch  1 taken 3
    %%%%%: 1203-block 4
call    2 never executed
        -: 1204:
 12582915: 1205:   for (i = 0; i < img_len; ++i)
        3: 1205-block 6
 12582915: 1205-block 8
branch  0 taken 12582912
branch  1 taken 3 (fallthrough)
 12582912: 1206:      reduced[i] = (stbi_uc)((orig[i] >> 8) & 0xFF); // top half of each byte is sufficient approx of 16->8 bit scaling
 12582912: 1206-block 7
        -: 1207:
        3: 1208:   STBI_FREE(orig);
        3: 1209:   return reduced;
        3: 1209-block 9
        -: 1210:}
        -: 1211:
function _ZL21stbi__convert_8_to_16Phiii called 0 returned 0% blocks executed 0%
    #####: 1212:static stbi__uint16 *stbi__convert_8_to_16(stbi_uc *orig, int w, int h, int channels)
        -: 1213:{
        -: 1214:   int i;
    #####: 1215:   int img_len = w * h * channels;
        -: 1216:   stbi__uint16 *enlarged;
        -: 1217:
    #####: 1218:   enlarged = (stbi__uint16 *) stbi__malloc(img_len*2);
    %%%%%: 1218-block 2
call    0 never executed
    #####: 1219:   if (enlarged == NULL) return (stbi__uint16 *) stbi__errpuc("outofmem", "Out of memory");
branch  0 never executed (fallthrough)
branch  1 never executed
    %%%%%: 1219-block 4
call    2 never executed
        -: 1220:
    #####: 1221:   for (i = 0; i < img_len; ++i)
    %%%%%: 1221-block 6
    %%%%%: 1221-block 8
branch  0 never executed
branch  1 never executed (fallthrough)
    #####: 1222:      enlarged[i] = (stbi__uint16)((orig[i] << 8) + orig[i]); // replicate to high and low byte, maps 0->0, 255->0xffff
    %%%%%: 1222-block 7
        -: 1223:
    #####: 1224:   STBI_FREE(orig);
    #####: 1225:   return enlarged;
    %%%%%: 1225-block 9
        -: 1226:}
        -: 1227:
function _ZL19stbi__vertical_flipPviii called 0 returned 0% blocks executed 0%
    #####: 1228:static void stbi__vertical_flip(void *image, int w, int h, int bytes_per_pixel)
        -: 1229:{
        -: 1230:   int row;
    #####: 1231:   size_t bytes_per_row = (size_t)w * bytes_per_pixel;
        -: 1232:   stbi_uc temp[2048];
    #####: 1233:   stbi_uc *bytes = (stbi_uc *)image;
        -: 1234:
    #####: 1235:   for (row = 0; row < (h>>1); row++) {
    %%%%%: 1235-block 2
    %%%%%: 1235-block 6
    %%%%%: 1235-block 7
branch  0 never executed
branch  1 never executed (fallthrough)
    #####: 1236:      stbi_uc *row0 = bytes + row*bytes_per_row;
    #####: 1237:      stbi_uc *row1 = bytes + (h - row - 1)*bytes_per_row;
        -: 1238:      // swap row0 with row1
    #####: 1239:      size_t bytes_left = bytes_per_row;
    #####: 1240:      while (bytes_left) {
    %%%%%: 1240-block 3
    %%%%%: 1240-block 5
branch  0 never executed
branch  1 never executed (fallthrough)
    #####: 1241:         size_t bytes_copy = (bytes_left < sizeof(temp)) ? bytes_left : sizeof(temp);
    #####: 1242:         memcpy(temp, row0, bytes_copy);
    #####: 1243:         memcpy(row0, row1, bytes_copy);
    #####: 1244:         memcpy(row1, temp, bytes_copy);
    #####: 1245:         row0 += bytes_copy;
    #####: 1246:         row1 += bytes_copy;
    #####: 1247:         bytes_left -= bytes_copy;
    %%%%%: 1247-block 4
        -: 1248:      }
        -: 1249:   }
    #####: 1250:}
        -: 1251:
        -: 1252:#ifndef STBI_NO_GIF
function _ZL26stbi__vertical_flip_slicesPviiii called 0 returned 0% blocks executed 0%
    #####: 1253:static void stbi__vertical_flip_slices(void *image, int w, int h, int z, int bytes_per_pixel)
        -: 1254:{
        -: 1255:   int slice;
    #####: 1256:   int slice_size = w * h * bytes_per_pixel;
        -: 1257:
    #####: 1258:   stbi_uc *bytes = (stbi_uc *)image;
    #####: 1259:   for (slice = 0; slice < z; ++slice) {
    %%%%%: 1259-block 2
    %%%%%: 1259-block 5
branch  0 never executed
branch  1 never executed (fallthrough)
    #####: 1260:      stbi__vertical_flip(bytes, w, h, bytes_per_pixel);
    %%%%%: 1260-block 3
call    0 never executed
    #####: 1261:      bytes += slice_size;
        -: 1262:   }
    #####: 1263:}
        -: 1264:#endif
        -: 1265:
function _ZL31stbi__load_and_postprocess_8bitP13stbi__contextPiS1_S1_i called 3 returned 100% blocks executed 67%
        3: 1266:static unsigned char *stbi__load_and_postprocess_8bit(stbi__context *s, int *x, int *y, int *comp, int req_comp)
        -: 1267:{
        -: 1268:   stbi__result_info ri;
        3: 1269:   void *result = stbi__load_main(s, x, y, comp, req_comp, &ri, 8);
        3: 1269-block 2
call    0 returned 3
branch  1 taken 3 (fallthrough)
branch  2 taken 0 (throw)
        -: 1270:
        3: 1271:   if (result == NULL)
        3: 1271-block 3
branch  0 taken 0 (fallthrough)
branch  1 taken 3
    #####: 1272:      return NULL;
    %%%%%: 1272-block 4
        -: 1273:
        -: 1274:   // it is the responsibility of the loaders to make sure we get either 8 or 16 bit.
       3*: 1275:   STBI_ASSERT(ri.bits_per_channel == 8 || ri.bits_per_channel == 16);
        3: 1275-block 5
branch  0 taken 3 (fallthrough)
branch  1 taken 0
        3: 1275-block 6
branch  2 taken 0 (fallthrough)
branch  3 taken 3
    %%%%%: 1275-block 7
call    4 never executed
        -: 1276:
        3: 1277:   if (ri.bits_per_channel != 8) {
        3: 1277-block 8
branch  0 taken 3 (fallthrough)
branch  1 taken 0
       3*: 1278:      result = stbi__convert_16_to_8((stbi__uint16 *) result, *x, *y, req_comp == 0 ? *comp : req_comp);
        3: 1278-block 9
branch  0 taken 0 (fallthrough)
branch  1 taken 3
    %%%%%: 1278-block 10
        3: 1278-block 11
        3: 1278-block 12
call    2 returned 3
        3: 1279:      ri.bits_per_channel = 8;
        -: 1280:   }
        -: 1281:
        -: 1282:   // @TODO: move stbi__convert_format to here
        -: 1283:
       3*: 1284:   if (stbi__vertically_flip_on_load) {
        3: 1284-block 14
branch  0 taken 0 (fallthrough)
branch  1 taken 3
    %%%%%: 1284-block 15
        3: 1284-block 16
        3: 1284-block 17
branch  2 taken 0 (fallthrough)
branch  3 taken 3
    #####: 1285:      int channels = req_comp ? req_comp : *comp;
    %%%%%: 1285-block 18
branch  0 never executed (fallthrough)
branch  1 never executed
    %%%%%: 1285-block 19
    %%%%%: 1285-block 20
    #####: 1286:      stbi__vertical_flip(result, *x, *y, channels * sizeof(stbi_uc));
    %%%%%: 1286-block 21
call    0 never executed
        -: 1287:   }
        -: 1288:
        3: 1289:   return (unsigned char *) result;
        3: 1289-block 22
        -: 1290:}
        -: 1291:
function _ZL32stbi__load_and_postprocess_16bitP13stbi__contextPiS1_S1_i called 0 returned 0% blocks executed 0%
    #####: 1292:static stbi__uint16 *stbi__load_and_postprocess_16bit(stbi__context *s, int *x, int *y, int *comp, int req_comp)
        -: 1293:{
        -: 1294:   stbi__result_info ri;
    #####: 1295:   void *result = stbi__load_main(s, x, y, comp, req_comp, &ri, 16);
    %%%%%: 1295-block 2
call    0 never executed
branch  1 never executed (fallthrough)
branch  2 never executed (throw)
        -: 1296:
    #####: 1297:   if (result == NULL)
    %%%%%: 1297-block 3
branch  0 never executed (fallthrough)
branch  1 never executed
    #####: 1298:      return NULL;
    %%%%%: 1298-block 4
        -: 1299:
        -: 1300:   // it is the responsibility of the loaders to make sure we get either 8 or 16 bit.
    #####: 1301:   STBI_ASSERT(ri.bits_per_channel == 8 || ri.bits_per_channel == 16);
    %%%%%: 1301-block 5
branch  0 never executed (fallthrough)
branch  1 never executed
    %%%%%: 1301-block 6
branch  2 never executed (fallthrough)
branch  3 never executed
    %%%%%: 1301-block 7
call    4 never executed
        -: 1302:
    #####: 1303:   if (ri.bits_per_channel != 16) {
    %%%%%: 1303-block 8
branch  0 never executed (fallthrough)
branch  1 never executed
    #####: 1304:      result = stbi__convert_8_to_16((stbi_uc *) result, *x, *y, req_comp == 0 ? *comp : req_comp);
    %%%%%: 1304-block 9
branch  0 never executed (fallthrough)
branch  1 never executed
    %%%%%: 1304-block 10
    %%%%%: 1304-block 11
    %%%%%: 1304-block 12
call    2 never executed
    #####: 1305:      ri.bits_per_channel = 16;
        -: 1306:   }
        -: 1307:
        -: 1308:   // @TODO: move stbi__convert_format16 to here
        -: 1309:   // @TODO: special case RGB-to-Y (and RGBA-to-YA) for 8-bit-to-16-bit case to keep more precision
        -: 1310:
    #####: 1311:   if (stbi__vertically_flip_on_load) {
    %%%%%: 1311-block 14
branch  0 never executed (fallthrough)
branch  1 never executed
    %%%%%: 1311-block 15
    %%%%%: 1311-block 16
    %%%%%: 1311-block 17
branch  2 never executed (fallthrough)
branch  3 never executed
[...]
    %%%%%: 7733-block 3
call    0 never executed
branch  1 never executed (fallthrough)
branch  2 never executed (throw)
    #####: 7734:   r = stbi__is_16_main(&s);
    %%%%%: 7734-block 4
call    0 never executed
branch  1 never executed (fallthrough)
branch  2 never executed (throw)
    #####: 7735:   fseek(f,pos,SEEK_SET);
    %%%%%: 7735-block 5
call    0 never executed
    #####: 7736:   return r;
    %%%%%: 7736-block 7
        -: 7737:}
        -: 7738:#endif // !STBI_NO_STDIO
        -: 7739:
function stbi_info_from_memory called 0 returned 0% blocks executed 0%
    #####: 7740:STBIDEF int stbi_info_from_memory(stbi_uc const *buffer, int len, int *x, int *y, int *comp)
        -: 7741:{
        -: 7742:   stbi__context s;
    #####: 7743:   stbi__start_mem(&s,buffer,len);
    %%%%%: 7743-block 2
call    0 never executed
    #####: 7744:   return stbi__info_main(&s,x,y,comp);
call    0 never executed
branch  1 never executed (fallthrough)
branch  2 never executed (throw)
    %%%%%: 7744-block 4
    %%%%%: 7744-block 6
        -: 7745:}
        -: 7746:
function stbi_info_from_callbacks called 0 returned 0% blocks executed 0%
    #####: 7747:STBIDEF int stbi_info_from_callbacks(stbi_io_callbacks const *c, void *user, int *x, int *y, int *comp)
        -: 7748:{
        -: 7749:   stbi__context s;
    #####: 7750:   stbi__start_callbacks(&s, (stbi_io_callbacks *) c, user);
    %%%%%: 7750-block 2
call    0 never executed
branch  1 never executed (fallthrough)
branch  2 never executed (throw)
    #####: 7751:   return stbi__info_main(&s,x,y,comp);
    %%%%%: 7751-block 3
call    0 never executed
branch  1 never executed (fallthrough)
branch  2 never executed (throw)
    %%%%%: 7751-block 4
    %%%%%: 7751-block 6
        -: 7752:}
        -: 7753:
function stbi_is_16_bit_from_memory called 0 returned 0% blocks executed 0%
    #####: 7754:STBIDEF int stbi_is_16_bit_from_memory(stbi_uc const *buffer, int len)
        -: 7755:{
        -: 7756:   stbi__context s;
    #####: 7757:   stbi__start_mem(&s,buffer,len);
    %%%%%: 7757-block 2
call    0 never executed
    #####: 7758:   return stbi__is_16_main(&s);
call    0 never executed
branch  1 never executed (fallthrough)
branch  2 never executed (throw)
    %%%%%: 7758-block 4
    %%%%%: 7758-block 6
        -: 7759:}
        -: 7760:
function stbi_is_16_bit_from_callbacks called 0 returned 0% blocks executed 0%
    #####: 7761:STBIDEF int stbi_is_16_bit_from_callbacks(stbi_io_callbacks const *c, void *user)
        -: 7762:{
        -: 7763:   stbi__context s;
    #####: 7764:   stbi__start_callbacks(&s, (stbi_io_callbacks *) c, user);
    %%%%%: 7764-block 2
call    0 never executed
branch  1 never executed (fallthrough)
branch  2 never executed (throw)
    #####: 7765:   return stbi__is_16_main(&s);
    %%%%%: 7765-block 3
call    0 never executed
branch  1 never executed (fallthrough)
branch  2 never executed (throw)
    %%%%%: 7765-block 4
    %%%%%: 7765-block 6
        -: 7766:}
        -: 7767:
        -: 7768:#endif // STB_IMAGE_IMPLEMENTATION
        -: 7769:
        -: 7770:/*
        -: 7771:   revision history:
        -: 7772:      2.20  (2019-02-07) support utf8 filenames in Windows; fix warnings and platform ifdefs
        -: 7773:      2.19  (2018-02-11) fix warning
        -: 7774:      2.18  (2018-01-30) fix warnings
        -: 7775:      2.17  (2018-01-29) change sbti__shiftsigned to avoid clang -O2 bug
        -: 7776:                         1-bit BMP
        -: 7777:                         *_is_16_bit api
        -: 7778:                         avoid warnings
        -: 7779:      2.16  (2017-07-23) all functions have 16-bit variants;
        -: 7780:                         STBI_NO_STDIO works again;
        -: 7781:                         compilation fixes;
        -: 7782:                         fix rounding in unpremultiply;
        -: 7783:                         optimize vertical flip;
        -: 7784:                         disable raw_len validation;
        -: 7785:                         documentation fixes
        -: 7786:      2.15  (2017-03-18) fix png-1,2,4 bug; now all Imagenet JPGs decode;
        -: 7787:                         warning fixes; disable run-time SSE detection on gcc;
        -: 7788:                         uniform handling of optional "return" values;
        -: 7789:                         thread-safe initialization of zlib tables
        -: 7790:      2.14  (2017-03-03) remove deprecated STBI_JPEG_OLD; fixes for Imagenet JPGs
        -: 7791:      2.13  (2016-11-29) add 16-bit API, only supported for PNG right now
        -: 7792:      2.12  (2016-04-02) fix typo in 2.11 PSD fix that caused crashes
        -: 7793:      2.11  (2016-04-02) allocate large structures on the stack
        -: 7794:                         remove white matting for transparent PSD
        -: 7795:                         fix reported channel count for PNG & BMP
        -: 7796:                         re-enable SSE2 in non-gcc 64-bit
        -: 7797:                         support RGB-formatted JPEG
        -: 7798:                         read 16-bit PNGs (only as 8-bit)
        -: 7799:      2.10  (2016-01-22) avoid warning introduced in 2.09 by STBI_REALLOC_SIZED
        -: 7800:      2.09  (2016-01-16) allow comments in PNM files
        -: 7801:                         16-bit-per-pixel TGA (not bit-per-component)
        -: 7802:                         info() for TGA could break due to .hdr handling
        -: 7803:                         info() for BMP to shares code instead of sloppy parse
        -: 7804:                         can use STBI_REALLOC_SIZED if allocator doesn't support realloc
        -: 7805:                         code cleanup
        -: 7806:      2.08  (2015-09-13) fix to 2.07 cleanup, reading RGB PSD as RGBA
        -: 7807:      2.07  (2015-09-13) fix compiler warnings
        -: 7808:                         partial animated GIF support
        -: 7809:                         limited 16-bpc PSD support
        -: 7810:                         #ifdef unused functions
        -: 7811:                         bug with < 92 byte PIC,PNM,HDR,TGA
        -: 7812:      2.06  (2015-04-19) fix bug where PSD returns wrong '*comp' value
        -: 7813:      2.05  (2015-04-19) fix bug in progressive JPEG handling, fix warning
        -: 7814:      2.04  (2015-04-15) try to re-enable SIMD on MinGW 64-bit
        -: 7815:      2.03  (2015-04-12) extra corruption checking (mmozeiko)
        -: 7816:                         stbi_set_flip_vertically_on_load (nguillemot)
        -: 7817:                         fix NEON support; fix mingw support
        -: 7818:      2.02  (2015-01-19) fix incorrect assert, fix warning
        -: 7819:      2.01  (2015-01-17) fix various warnings; suppress SIMD on gcc 32-bit without -msse2
        -: 7820:      2.00b (2014-12-25) fix STBI_MALLOC in progressive JPEG
        -: 7821:      2.00  (2014-12-25) optimize JPG, including x86 SSE2 & NEON SIMD (ryg)
        -: 7822:                         progressive JPEG (stb)
        -: 7823:                         PGM/PPM support (Ken Miller)
        -: 7824:                         STBI_MALLOC,STBI_REALLOC,STBI_FREE
        -: 7825:                         GIF bugfix -- seemingly never worked
        -: 7826:                         STBI_NO_*, STBI_ONLY_*
        -: 7827:      1.48  (2014-12-14) fix incorrectly-named assert()
        -: 7828:      1.47  (2014-12-14) 1/2/4-bit PNG support, both direct and paletted (Omar Cornut & stb)
        -: 7829:                         optimize PNG (ryg)
        -: 7830:                         fix bug in interlaced PNG with user-specified channel count (stb)
        -: 7831:      1.46  (2014-08-26)
        -: 7832:              fix broken tRNS chunk (colorkey-style transparency) in non-paletted PNG
        -: 7833:      1.45  (2014-08-16)
        -: 7834:              fix MSVC-ARM internal compiler error by wrapping malloc
        -: 7835:      1.44  (2014-08-07)
        -: 7836:              various warning fixes from Ronny Chevalier
        -: 7837:      1.43  (2014-07-15)
        -: 7838:              fix MSVC-only compiler problem in code changed in 1.42
        -: 7839:      1.42  (2014-07-09)
        -: 7840:              don't define _CRT_SECURE_NO_WARNINGS (affects user code)
        -: 7841:              fixes to stbi__cleanup_jpeg path
        -: 7842:              added STBI_ASSERT to avoid requiring assert.h
        -: 7843:      1.41  (2014-06-25)
        -: 7844:              fix search&replace from 1.36 that messed up comments/error messages
        -: 7845:      1.40  (2014-06-22)
        -: 7846:              fix gcc struct-initialization warning
        -: 7847:      1.39  (2014-06-15)
        -: 7848:              fix to TGA optimization when req_comp != number of components in TGA;
        -: 7849:              fix to GIF loading because BMP wasn't rewinding (whoops, no GIFs in my test suite)
        -: 7850:              add support for BMP version 5 (more ignored fields)
        -: 7851:      1.38  (2014-06-06)
        -: 7852:              suppress MSVC warnings on integer casts truncating values
        -: 7853:              fix accidental rename of 'skip' field of I/O
        -: 7854:      1.37  (2014-06-04)
        -: 7855:              remove duplicate typedef
        -: 7856:      1.36  (2014-06-03)
        -: 7857:              convert to header file single-file library
        -: 7858:              if de-iphone isn't set, load iphone images color-swapped instead of returning NULL
        -: 7859:      1.35  (2014-05-27)
        -: 7860:              various warnings
        -: 7861:              fix broken STBI_SIMD path
        -: 7862:              fix bug where stbi_load_from_file no longer left file pointer in correct place
        -: 7863:              fix broken non-easy path for 32-bit BMP (possibly never used)
        -: 7864:              TGA optimization by Arseny Kapoulkine
        -: 7865:      1.34  (unknown)
        -: 7866:              use STBI_NOTUSED in stbi__resample_row_generic(), fix one more leak in tga failure case
        -: 7867:      1.33  (2011-07-14)
        -: 7868:              make stbi_is_hdr work in STBI_NO_HDR (as specified), minor compiler-friendly improvements
        -: 7869:      1.32  (2011-07-13)
        -: 7870:              support for "info" function for all supported filetypes (SpartanJ)
        -: 7871:      1.31  (2011-06-20)
        -: 7872:              a few more leak fixes, bug in PNG handling (SpartanJ)
        -: 7873:      1.30  (2011-06-11)
        -: 7874:              added ability to load files via callbacks to accomidate custom input streams (Ben Wenger)
        -: 7875:              removed deprecated format-specific test/load functions
        -: 7876:              removed support for installable file formats (stbi_loader) -- would have been broken for IO callbacks anyway
        -: 7877:              error cases in bmp and tga give messages and don't leak (Raymond Barbiero, grisha)
        -: 7878:              fix inefficiency in decoding 32-bit BMP (David Woo)
        -: 7879:      1.29  (2010-08-16)
        -: 7880:              various warning fixes from Aurelien Pocheville
        -: 7881:      1.28  (2010-08-01)
        -: 7882:              fix bug in GIF palette transparency (SpartanJ)
        -: 7883:      1.27  (2010-08-01)
        -: 7884:              cast-to-stbi_uc to fix warnings
        -: 7885:      1.26  (2010-07-24)
        -: 7886:              fix bug in file buffering for PNG reported by SpartanJ
        -: 7887:      1.25  (2010-07-17)
        -: 7888:              refix trans_data warning (Won Chun)
        -: 7889:      1.24  (2010-07-12)
        -: 7890:              perf improvements reading from files on platforms with lock-heavy fgetc()
        -: 7891:              minor perf improvements for jpeg
        -: 7892:              deprecated type-specific functions so we'll get feedback if they're needed
        -: 7893:              attempt to fix trans_data warning (Won Chun)
        -: 7894:      1.23    fixed bug in iPhone support
        -: 7895:      1.22  (2010-07-10)
        -: 7896:              removed image *writing* support
        -: 7897:              stbi_info support from Jetro Lauha
        -: 7898:              GIF support from Jean-Marc Lienher
        -: 7899:              iPhone PNG-extensions from James Brown
        -: 7900:              warning-fixes from Nicolas Schulz and Janez Zemva (i.stbi__err. Janez (U+017D)emva)
        -: 7901:      1.21    fix use of 'stbi_uc' in header (reported by jon blow)
        -: 7902:      1.20    added support for Softimage PIC, by Tom Seddon
        -: 7903:      1.19    bug in interlaced PNG corruption check (found by ryg)
        -: 7904:      1.18  (2008-08-02)
        -: 7905:              fix a threading bug (local mutable static)
        -: 7906:      1.17    support interlaced PNG
        -: 7907:      1.16    major bugfix - stbi__convert_format converted one too many pixels
        -: 7908:      1.15    initialize some fields for thread safety
        -: 7909:      1.14    fix threadsafe conversion bug
        -: 7910:              header-file-only version (#define STBI_HEADER_FILE_ONLY before including)
        -: 7911:      1.13    threadsafe
        -: 7912:      1.12    const qualifiers in the API
        -: 7913:      1.11    Support installable IDCT, colorspace conversion routines
        -: 7914:      1.10    Fixes for 64-bit (don't use "unsigned long")
        -: 7915:              optimized upsampling by Fabian "ryg" Giesen
        -: 7916:      1.09    Fix format-conversion for PSD code (bad global variables!)
        -: 7917:      1.08    Thatcher Ulrich's PSD code integrated by Nicolas Schulz
        -: 7918:      1.07    attempt to fix C++ warning/errors again
        -: 7919:      1.06    attempt to fix C++ warning/errors again
        -: 7920:      1.05    fix TGA loading to return correct *comp and use good luminance calc
        -: 7921:      1.04    default float alpha is 1, not 255; use 'void *' for stbi_image_free
        -: 7922:      1.03    bugfixes to STBI_NO_STDIO, STBI_NO_HDR
        -: 7923:      1.02    support for (subset of) HDR files, float interface for preferred access to them
        -: 7924:      1.01    fix bug: possible bug in handling right-side up bmps... not sure
        -: 7925:              fix bug: the stbi__bmp_load() and stbi__tga_load() functions didn't work at all
        -: 7926:      1.00    interface to zlib that skips zlib header
        -: 7927:      0.99    correct handling of alpha in palette
        -: 7928:      0.98    TGA loader by lonesock; dynamically add loaders (untested)
        -: 7929:      0.97    jpeg errors on too large a file; also catch another malloc failure
        -: 7930:      0.96    fix detection of invalid v value - particleman@mollyrocket forum
        -: 7931:      0.95    during header scan, seek to markers in case of padding
        -: 7932:      0.94    STBI_NO_STDIO to disable stdio usage; rename all #defines the same
        -: 7933:      0.93    handle jpegtran output; verbose errors
        -: 7934:      0.92    read 4,8,16,24,32-bit BMP files of several formats
        -: 7935:      0.91    output 24-bit Windows 3.0 BMP files
        -: 7936:      0.90    fix a few more warnings; bump version number to approach 1.0
        -: 7937:      0.61    bugfixes due to Marc LeBlanc, Christopher Lloyd
        -: 7938:      0.60    fix compiling as c++
        -: 7939:      0.59    fix warnings: merge Dave Moore's -Wall fixes
        -: 7940:      0.58    fix bug: zlib uncompressed mode len/nlen was wrong endian
        -: 7941:      0.57    fix bug: jpg last huffman symbol before marker was >9 bits but less than 16 available
        -: 7942:      0.56    fix bug: zlib uncompressed mode len vs. nlen
        -: 7943:      0.55    fix bug: restart_interval not initialized to 0
        -: 7944:      0.54    allow NULL for 'int *comp'
        -: 7945:      0.53    fix bug in png 3->4; speedup png decoding
        -: 7946:      0.52    png handles req_comp=3,4 directly; minor cleanup; jpeg comments
        -: 7947:      0.51    obey req_comp requests, 1-component jpegs return as 1-component,
        -: 7948:              on 'test' only check type, not whether we support this variant
        -: 7949:      0.50  (2006-11-19)
        -: 7950:              first released version
        -: 7951:*/
        -: 7952:
        -: 7953:
        -: 7954:/*
        -: 7955:------------------------------------------------------------------------------
        -: 7956:This software is available under 2 licenses -- choose whichever you prefer.
        -: 7957:------------------------------------------------------------------------------
        -: 7958:ALTERNATIVE A - MIT License
        -: 7959:Copyright (c) 2017 Sean Barrett
        -: 7960:Permission is hereby granted, free of charge, to any person obtaining a copy of
        -: 7961:this software and associated documentation files (the "Software"), to deal in
        -: 7962:the Software without restriction, including without limitation the rights to
        -: 7963:use, copy, modify, merge, publish, distribute, sublicense, and/or sell copies
        -: 7964:of the Software, and to permit persons to whom the Software is furnished to do
        -: 7965:so, subject to the following conditions:
        -: 7966:The above copyright notice and this permission notice shall be included in all
        -: 7967:copies or substantial portions of the Software.
        -: 7968:THE SOFTWARE IS PROVIDED "AS IS", WITHOUT WARRANTY OF ANY KIND, EXPRESS OR
        -: 7969:IMPLIED, INCLUDING BUT NOT LIMITED TO THE WARRANTIES OF MERCHANTABILITY,
        -: 7970:FITNESS FOR A PARTICULAR PURPOSE AND NONINFRINGEMENT. IN NO EVENT SHALL THE
        -: 7971:AUTHORS OR COPYRIGHT HOLDERS BE LIABLE FOR ANY CLAIM, DAMAGES OR OTHER
        -: 7972:LIABILITY, WHETHER IN AN ACTION OF CONTRACT, TORT OR OTHERWISE, ARISING FROM,
        -: 7973:OUT OF OR IN CONNECTION WITH THE SOFTWARE OR THE USE OR OTHER DEALINGS IN THE
        -: 7974:SOFTWARE.
        -: 7975:------------------------------------------------------------------------------
        -: 7976:ALTERNATIVE B - Public Domain (www.unlicense.org)
        -: 7977:This is free and unencumbered software released into the public domain.
        -: 7978:Anyone is free to copy, modify, publish, use, compile, sell, or distribute this
        -: 7979:software, either in source code form or as a compiled binary, for any purpose,
        -: 7980:commercial or non-commercial, and by any means.
        -: 7981:In jurisdictions that recognize copyright laws, the author or authors of this
        -: 7982:software dedicate any and all copyright interest in the software to the public
        -: 7983:domain. We make this dedication for the benefit of the public at large and to
        -: 7984:the detriment of our heirs and successors. We intend this dedication to be an
        -: 7985:overt act of relinquishment in perpetuity of all present and future rights to
        -: 7986:this software under copyright law.
        -: 7987:THE SOFTWARE IS PROVIDED "AS IS", WITHOUT WARRANTY OF ANY KIND, EXPRESS OR
        -: 7988:IMPLIED, INCLUDING BUT NOT LIMITED TO THE WARRANTIES OF MERCHANTABILITY,
        -: 7989:FITNESS FOR A PARTICULAR PURPOSE AND NONINFRINGEMENT. IN NO EVENT SHALL THE
        -: 7990:AUTHORS BE LIABLE FOR ANY CLAIM, DAMAGES OR OTHER LIABILITY, WHETHER IN AN
        -: 7991:ACTION OF CONTRACT, TORT OR OTHERWISE, ARISING FROM, OUT OF OR IN CONNECTION
        -: 7992:WITH THE SOFTWARE OR THE USE OR OTHER DEALINGS IN THE SOFTWARE.
        -: 7993:------------------------------------------------------------------------------
        -: 7994:*/
        -: 7995:#endif //STB_IMAGE_H
