        -:    0:Source:/home/wpsimon09/Desktop/LearningVulkan/Vulkan/Includes/DebugInfoLog.hpp
        -:    0:Graph:/home/wpsimon09/Desktop/LearningVulkan/Vulkan/cmake-build-debug-coverage/CMakeFiles/LearnVulkan.dir/Includes/VulkanApp.cpp.gcno
        -:    0:Data:/home/wpsimon09/Desktop/LearningVulkan/Vulkan/cmake-build-debug-coverage/CMakeFiles/LearnVulkan.dir/Includes/VulkanApp.cpp.gcda
        -:    0:Runs:1
        -:    1://
        -:    2:// Created by wpsimon09 on 26/07/24.
        -:    3://
        -:    4:
        -:    5:#ifndef DEBUGINFOLOG_HPP
        -:    6:#define DEBUGINFOLOG_HPP
        -:    7:#include <iostream>
        -:    8:#include <vulkan/vulkan_core.h>
        -:    9:
function _ZL11GetSeverity38VkDebugUtilsMessageSeverityFlagBitsEXT called 0 returned 0% blocks executed 0%
    #####:   10:inline static void GetSeverity(VkDebugUtilsMessageSeverityFlagBitsEXT severity) {
    #####:   11:    switch (severity) {
    %%%%%:   11-block 2
branch  0 never executed
branch  1 never executed
branch  2 never executed
branch  3 never executed
branch  4 never executed
    #####:   12:        case VK_DEBUG_UTILS_MESSAGE_SEVERITY_VERBOSE_BIT_EXT: {
    #####:   13:            std::cerr<<"Vulkan::Error::Severity - \n";
    %%%%%:   13-block 3
call    0 never executed
    #####:   14:            std::cout<<"Diganostic message"<<std::endl;
call    0 never executed
call    1 never executed
    #####:   15:            break;;
    #####:   16:        }case VK_DEBUG_UTILS_MESSAGE_SEVERITY_INFO_BIT_EXT: {
    #####:   17:            std::cerr<<"Vulkan::Error::Severity - \n";
    %%%%%:   17-block 7
call    0 never executed
    #####:   18:            std::cout<<"Information message"<<std::endl;
call    0 never executed
call    1 never executed
    #####:   19:            break;;
    #####:   20:        }case VK_DEBUG_UTILS_MESSAGE_SEVERITY_WARNING_BIT_EXT: {
    #####:   21:            std::cerr<<"Vulkan::Error::Severity - \n";
    %%%%%:   21-block 11
call    0 never executed
    #####:   22:            std::cout<<"Behavioural message"<<std::endl;
call    0 never executed
call    1 never executed
    #####:   23:            break;;
    #####:   24:        }case VK_DEBUG_UTILS_MESSAGE_SEVERITY_ERROR_BIT_EXT: {
    #####:   25:            std::cerr<<"Vulkan::Error::Severity - \n";
    %%%%%:   25-block 15
call    0 never executed
    #####:   26:            std::cout<<"Crash message"<<std::endl;
call    0 never executed
call    1 never executed
    #####:   27:            break;;
    #####:   28:        }default: {
    #####:   29:            std::cout<<"Message has no severity"<<std::endl;
    %%%%%:   29-block 19
call    0 never executed
call    1 never executed
    #####:   30:            break;
        -:   31:        }
        -:   32:    }
    #####:   33:}
        -:   34:
function _ZL14GetMessageTypej called 0 returned 0% blocks executed 0%
    #####:   35:inline static void GetMessageType(VkDebugUtilsMessageTypeFlagsEXT messageType) {
        -:   36:
    #####:   37:    switch (messageType) {
    %%%%%:   37-block 2
branch  0 never executed
branch  1 never executed
branch  2 never executed
branch  3 never executed
    #####:   38:        case VK_DEBUG_UTILS_MESSAGE_TYPE_GENERAL_BIT_EXT: {
    #####:   39:            std::cerr<<"Vulkan::Error::MessageType - \n";
    %%%%%:   39-block 3
call    0 never executed
    #####:   40:            std::cout<<"General message"<<std::endl;
call    0 never executed
call    1 never executed
    #####:   41:            break;;
    #####:   42:        }case VK_DEBUG_UTILS_MESSAGE_SEVERITY_INFO_BIT_EXT: {
    #####:   43:            std::cerr<<"Vulkan::Error::MessageType - \n";
    %%%%%:   43-block 7
call    0 never executed
    #####:   44:            std::cout<<"Specification víolation or possible mistake"<<std::endl;
call    0 never executed
call    1 never executed
    #####:   45:            break;;
    #####:   46:        }case VK_DEBUG_UTILS_MESSAGE_SEVERITY_WARNING_BIT_EXT: {
    #####:   47:            std::cerr<<"Vulkan::Error::MessageType - \n";
    %%%%%:   47-block 11
call    0 never executed
    #####:   48:            std::cout<<"Non optimal use of vulkan"<<std::endl;
call    0 never executed
call    1 never executed
    #####:   49:            break;
    #####:   50:        }default: {
    #####:   51:            std::cout<<"No message type"<<std::endl;
    %%%%%:   51-block 15
call    0 never executed
call    1 never executed
    #####:   52:            break;
        -:   53:        }
        -:   54:    }
    #####:   55:}
        -:   56:
        -:   57:#endif //DEBUGINFOLOG_HPP
