        -:    0:Source:/usr/include/c++/14/bits/vector.tcc
        -:    0:Graph:/home/wpsimon09/Desktop/LearningVulkan/Vulkan/cmake-build-debug-coverage/CMakeFiles/LearnVulkan.dir/Includes/VulkanApp.cpp.gcno
        -:    0:Data:/home/wpsimon09/Desktop/LearningVulkan/Vulkan/cmake-build-debug-coverage/CMakeFiles/LearnVulkan.dir/Includes/VulkanApp.cpp.gcda
        -:    0:Runs:1
        -:    1:// Vector implementation (out of line) -*- C++ -*-
        -:    2:
        -:    3:// Copyright (C) 2001-2024 Free Software Foundation, Inc.
        -:    4://
        -:    5:// This file is part of the GNU ISO C++ Library.  This library is free
        -:    6:// software; you can redistribute it and/or modify it under the
        -:    7:// terms of the GNU General Public License as published by the
        -:    8:// Free Software Foundation; either version 3, or (at your option)
        -:    9:// any later version.
        -:   10:
        -:   11:// This library is distributed in the hope that it will be useful,
        -:   12:// but WITHOUT ANY WARRANTY; without even the implied warranty of
        -:   13:// MERCHANTABILITY or FITNESS FOR A PARTICULAR PURPOSE.  See the
        -:   14:// GNU General Public License for more details.
        -:   15:
        -:   16:// Under Section 7 of GPL version 3, you are granted additional
        -:   17:// permissions described in the GCC Runtime Library Exception, version
        -:   18:// 3.1, as published by the Free Software Foundation.
        -:   19:
        -:   20:// You should have received a copy of the GNU General Public License and
        -:   21:// a copy of the GCC Runtime Library Exception along with this program;
        -:   22:// see the files COPYING3 and COPYING.RUNTIME respectively.  If not, see
        -:   23:// <http://www.gnu.org/licenses/>.
        -:   24:
        -:   25:/*
        -:   26: *
        -:   27: * Copyright (c) 1994
        -:   28: * Hewlett-Packard Company
        -:   29: *
        -:   30: * Permission to use, copy, modify, distribute and sell this software
        -:   31: * and its documentation for any purpose is hereby granted without fee,
        -:   32: * provided that the above copyright notice appear in all copies and
        -:   33: * that both that copyright notice and this permission notice appear
        -:   34: * in supporting documentation.  Hewlett-Packard Company makes no
        -:   35: * representations about the suitability of this software for any
        -:   36: * purpose.  It is provided "as is" without express or implied warranty.
        -:   37: *
        -:   38: *
        -:   39: * Copyright (c) 1996
        -:   40: * Silicon Graphics Computer Systems, Inc.
        -:   41: *
        -:   42: * Permission to use, copy, modify, distribute and sell this software
        -:   43: * and its documentation for any purpose is hereby granted without fee,
        -:   44: * provided that the above copyright notice appear in all copies and
        -:   45: * that both that copyright notice and this permission notice appear
        -:   46: * in supporting documentation.  Silicon Graphics makes no
        -:   47: * representations about the suitability of this  software for any
        -:   48: * purpose.  It is provided "as is" without express or implied warranty.
        -:   49: */
        -:   50:
        -:   51:/** @file bits/vector.tcc
        -:   52: *  This is an internal header file, included by other library headers.
        -:   53: *  Do not attempt to use it directly. @headername{vector}
        -:   54: */
        -:   55:
        -:   56:#ifndef _VECTOR_TCC
        -:   57:#define _VECTOR_TCC 1
        -:   58:
        -:   59:namespace std _GLIBCXX_VISIBILITY(default)
        -:   60:{
        -:   61:_GLIBCXX_BEGIN_NAMESPACE_VERSION
        -:   62:_GLIBCXX_BEGIN_NAMESPACE_CONTAINER
        -:   63:
        -:   64:  template<typename _Tp, typename _Alloc>
        -:   65:    _GLIBCXX20_CONSTEXPR
        -:   66:    void
        -:   67:    vector<_Tp, _Alloc>::
        -:   68:    reserve(size_type __n)
        -:   69:    {
        -:   70:      if (__n > this->max_size())
        -:   71:	__throw_length_error(__N("vector::reserve"));
        -:   72:      if (this->capacity() < __n)
        -:   73:	{
        -:   74:	  const size_type __old_size = size();
        -:   75:	  pointer __tmp;
        -:   76:#if __cplusplus >= 201103L
        -:   77:	  if _GLIBCXX17_CONSTEXPR (_S_use_relocate())
        -:   78:	    {
        -:   79:	      __tmp = this->_M_allocate(__n);
        -:   80:	      _S_relocate(this->_M_impl._M_start, this->_M_impl._M_finish,
        -:   81:			  __tmp, _M_get_Tp_allocator());
        -:   82:	    }
        -:   83:	  else
        -:   84:#endif
        -:   85:	    {
        -:   86:	      __tmp = _M_allocate_and_copy(__n,
        -:   87:		_GLIBCXX_MAKE_MOVE_IF_NOEXCEPT_ITERATOR(this->_M_impl._M_start),
        -:   88:		_GLIBCXX_MAKE_MOVE_IF_NOEXCEPT_ITERATOR(this->_M_impl._M_finish));
        -:   89:	      std::_Destroy(this->_M_impl._M_start, this->_M_impl._M_finish,
        -:   90:			    _M_get_Tp_allocator());
        -:   91:	    }
        -:   92:	  _GLIBCXX_ASAN_ANNOTATE_REINIT;
        -:   93:	  _M_deallocate(this->_M_impl._M_start,
        -:   94:			this->_M_impl._M_end_of_storage
        -:   95:			- this->_M_impl._M_start);
        -:   96:	  this->_M_impl._M_start = __tmp;
        -:   97:	  this->_M_impl._M_finish = __tmp + __old_size;
        -:   98:	  this->_M_impl._M_end_of_storage = this->_M_impl._M_start + __n;
        -:   99:	}
        -:  100:    }
        -:  101:
        -:  102:#if __cplusplus >= 201103L
        -:  103:  template<typename _Tp, typename _Alloc>
        -:  104:    template<typename... _Args>
        -:  105:#if __cplusplus > 201402L
        -:  106:      _GLIBCXX20_CONSTEXPR
        -:  107:      typename vector<_Tp, _Alloc>::reference
        -:  108:#else
        -:  109:      void
        -:  110:#endif
       5*:  111:      vector<_Tp, _Alloc>::
        -:  112:      emplace_back(_Args&&... __args)
        -:  113:      {
       5*:  114:	if (this->_M_impl._M_finish != this->_M_impl._M_end_of_storage)
        -:  115:	  {
        -:  116:	    _GLIBCXX_ASAN_ANNOTATE_GROW(1);
       1*:  117:	    _Alloc_traits::construct(this->_M_impl, this->_M_impl._M_finish,
        -:  118:				     std::forward<_Args>(__args)...);
       1*:  119:	    ++this->_M_impl._M_finish;
        -:  120:	    _GLIBCXX_ASAN_ANNOTATE_GREW(1);
        -:  121:	  }
        -:  122:	else
       4*:  123:	  _M_realloc_append(std::forward<_Args>(__args)...);
        -:  124:#if __cplusplus > 201402L
       5*:  125:	return back();
        -:  126:#endif
        -:  127:      }
------------------
_ZNSt6vectorIPKcSaIS1_EE12emplace_backIJS1_EEERS1_DpOT_:
function _ZNSt6vectorIPKcSaIS1_EE12emplace_backIJS1_EEERS1_DpOT_ called 1 returned 100% blocks executed 42%
        1:  111:      vector<_Tp, _Alloc>::
        -:  112:      emplace_back(_Args&&... __args)
        -:  113:      {
        1:  114:	if (this->_M_impl._M_finish != this->_M_impl._M_end_of_storage)
        1:  114-block 2
branch  0 taken 0 (fallthrough)
branch  1 taken 1
        -:  115:	  {
        -:  116:	    _GLIBCXX_ASAN_ANNOTATE_GROW(1);
    #####:  117:	    _Alloc_traits::construct(this->_M_impl, this->_M_impl._M_finish,
    %%%%%:  117-block 3
call    0 never executed
call    1 never executed
        -:  118:				     std::forward<_Args>(__args)...);
    #####:  119:	    ++this->_M_impl._M_finish;
    %%%%%:  119-block 9
        -:  120:	    _GLIBCXX_ASAN_ANNOTATE_GREW(1);
        -:  121:	  }
        -:  122:	else
        1:  123:	  _M_realloc_append(std::forward<_Args>(__args)...);
        1:  123-block 10
call    0 returned 1
call    1 returned 1
        -:  124:#if __cplusplus > 201402L
        1:  125:	return back();
        1:  125-block 12
call    0 returned 1
        -:  126:#endif
        -:  127:      }
------------------
_ZNSt6vectorIjSaIjEE12emplace_backIJjEEERjDpOT_:
function _ZNSt6vectorIjSaIjEE12emplace_backIJjEEERjDpOT_ called 0 returned 0% blocks executed 0%
    #####:  111:      vector<_Tp, _Alloc>::
        -:  112:      emplace_back(_Args&&... __args)
        -:  113:      {
    #####:  114:	if (this->_M_impl._M_finish != this->_M_impl._M_end_of_storage)
    %%%%%:  114-block 2
branch  0 never executed (fallthrough)
branch  1 never executed
        -:  115:	  {
        -:  116:	    _GLIBCXX_ASAN_ANNOTATE_GROW(1);
    #####:  117:	    _Alloc_traits::construct(this->_M_impl, this->_M_impl._M_finish,
    %%%%%:  117-block 3
call    0 never executed
call    1 never executed
        -:  118:				     std::forward<_Args>(__args)...);
    #####:  119:	    ++this->_M_impl._M_finish;
    %%%%%:  119-block 9
        -:  120:	    _GLIBCXX_ASAN_ANNOTATE_GREW(1);
        -:  121:	  }
        -:  122:	else
    #####:  123:	  _M_realloc_append(std::forward<_Args>(__args)...);
    %%%%%:  123-block 10
call    0 never executed
call    1 never executed
        -:  124:#if __cplusplus > 201402L
    #####:  125:	return back();
    %%%%%:  125-block 12
call    0 never executed
        -:  126:#endif
        -:  127:      }
------------------
_ZNSt6vectorI28VkDescriptorSetLayoutBindingSaIS0_EE12emplace_backIJRS0_EEES4_DpOT_:
function _ZNSt6vectorI28VkDescriptorSetLayoutBindingSaIS0_EE12emplace_backIJRS0_EEES4_DpOT_ called 4 returned 100% blocks executed 100%
        4:  111:      vector<_Tp, _Alloc>::
        -:  112:      emplace_back(_Args&&... __args)
        -:  113:      {
        4:  114:	if (this->_M_impl._M_finish != this->_M_impl._M_end_of_storage)
        4:  114-block 2
branch  0 taken 1 (fallthrough)
branch  1 taken 3
        -:  115:	  {
        -:  116:	    _GLIBCXX_ASAN_ANNOTATE_GROW(1);
        1:  117:	    _Alloc_traits::construct(this->_M_impl, this->_M_impl._M_finish,
        1:  117-block 3
call    0 returned 1
call    1 returned 1
        -:  118:				     std::forward<_Args>(__args)...);
        1:  119:	    ++this->_M_impl._M_finish;
        1:  119-block 9
        -:  120:	    _GLIBCXX_ASAN_ANNOTATE_GREW(1);
        -:  121:	  }
        -:  122:	else
        3:  123:	  _M_realloc_append(std::forward<_Args>(__args)...);
        3:  123-block 10
call    0 returned 3
call    1 returned 3
        -:  124:#if __cplusplus > 201402L
        4:  125:	return back();
        4:  125-block 12
call    0 returned 4
        -:  126:#endif
        -:  127:      }
------------------
        -:  128:#endif
        -:  129:
        -:  130:  template<typename _Tp, typename _Alloc>
        -:  131:    _GLIBCXX20_CONSTEXPR
        -:  132:    typename vector<_Tp, _Alloc>::iterator
function _ZNSt6vectorI20VkWriteDescriptorSetSaIS0_EE6insertEN9__gnu_cxx17__normal_iteratorIPKS0_S2_EERS5_ called 2 returned 100% blocks executed 29%
        2:  133:    vector<_Tp, _Alloc>::
        -:  134:#if __cplusplus >= 201103L
        -:  135:    insert(const_iterator __position, const value_type& __x)
        -:  136:#else
        -:  137:    insert(iterator __position, const value_type& __x)
        -:  138:#endif
        -:  139:    {
        2:  140:      const size_type __n = __position - begin();
        2:  140-block 2
call    0 returned 2
call    1 returned 2
        2:  141:      if (this->_M_impl._M_finish != this->_M_impl._M_end_of_storage)
branch  0 taken 0 (fallthrough)
branch  1 taken 2
        -:  142:	{
    #####:  143:	  __glibcxx_assert(__position != const_iterator());
    %%%%%:  143-block 7
branch  0 never executed (fallthrough)
branch  1 never executed
    %%%%%:  143-block 8
call    2 never executed
call    3 never executed
branch  4 never executed (fallthrough)
branch  5 never executed
    #####:  144:	  if (!(__position != const_iterator()))
    %%%%%:  144-block 13
call    0 never executed
call    1 never executed
branch  2 never executed (fallthrough)
branch  3 never executed
    #####:  145:	    __builtin_unreachable(); // PR 106434
    %%%%%:  145-block 16
call    0 never executed
        -:  146:
    #####:  147:	  if (__position == end())
    %%%%%:  147-block 17
call    0 never executed
call    1 never executed
branch  2 never executed (fallthrough)
branch  3 never executed
        -:  148:	    {
        -:  149:	      _GLIBCXX_ASAN_ANNOTATE_GROW(1);
    #####:  150:	      _Alloc_traits::construct(this->_M_impl, this->_M_impl._M_finish,
    %%%%%:  150-block 20
call    0 never executed
        -:  151:				       __x);
    #####:  152:	      ++this->_M_impl._M_finish;
    %%%%%:  152-block 25
        -:  153:	      _GLIBCXX_ASAN_ANNOTATE_GREW(1);
        -:  154:	    }
        -:  155:	  else
        -:  156:	    {
        -:  157:#if __cplusplus >= 201103L
    #####:  158:	      const auto __pos = begin() + (__position - cbegin());
    %%%%%:  158-block 26
call    0 never executed
call    1 never executed
call    2 never executed
call    3 never executed
        -:  159:	      // __x could be an existing element of this vector, so make a
        -:  160:	      // copy of it before _M_insert_aux moves elements around.
    #####:  161:	      _Temporary_value __x_copy(this, __x);
call    0 never executed
branch  1 never executed (fallthrough)
branch  2 never executed (throw)
    #####:  162:	      _M_insert_aux(__pos, std::move(__x_copy._M_val()));
    %%%%%:  162-block 31
call    0 never executed
call    1 never executed
call    2 never executed
branch  3 never executed (fallthrough)
branch  4 never executed (throw)
        -:  163:#else
        -:  164:	      _M_insert_aux(__position, __x);
        -:  165:#endif
    #####:  166:	    }
    %%%%%:  166-block 34
call    0 never executed
    $$$$$:  166-block 46
call    1 never executed
        -:  167:	}
        -:  168:      else
        -:  169:#if __cplusplus >= 201103L
        2:  170:	_M_realloc_insert(begin() + (__position - cbegin()), __x);
        2:  170-block 36
call    0 returned 2
call    1 returned 2
call    2 returned 2
call    3 returned 2
call    4 returned 2
branch  5 taken 2 (fallthrough)
branch  6 taken 0 (throw)
        2:  170-block 41
    $$$$$:  170-block 49
        -:  171:#else
        -:  172:	_M_realloc_insert(__position, __x);
        -:  173:#endif
        -:  174:
        2:  175:      return iterator(this->_M_impl._M_start + __n);
        2:  175-block 42
call    0 returned 2
        2:  175-block 44
        2:  175-block 45
        -:  176:    }
        -:  177:
        -:  178:  template<typename _Tp, typename _Alloc>
        -:  179:    _GLIBCXX20_CONSTEXPR
        -:  180:    typename vector<_Tp, _Alloc>::iterator
        -:  181:    vector<_Tp, _Alloc>::
        -:  182:    _M_erase(iterator __position)
        -:  183:    {
        -:  184:      if (__position + 1 != end())
        -:  185:	_GLIBCXX_MOVE3(__position + 1, end(), __position);
        -:  186:      --this->_M_impl._M_finish;
        -:  187:      _Alloc_traits::destroy(this->_M_impl, this->_M_impl._M_finish);
        -:  188:      _GLIBCXX_ASAN_ANNOTATE_SHRINK(1);
        -:  189:      return __position;
        -:  190:    }
        -:  191:
        -:  192:  template<typename _Tp, typename _Alloc>
        -:  193:    _GLIBCXX20_CONSTEXPR
        -:  194:    typename vector<_Tp, _Alloc>::iterator
        -:  195:    vector<_Tp, _Alloc>::
        -:  196:    _M_erase(iterator __first, iterator __last)
        -:  197:    {
        -:  198:      if (__first != __last)
        -:  199:	{
        -:  200:	  if (__last != end())
        -:  201:	    _GLIBCXX_MOVE3(__last, end(), __first);
        -:  202:	  _M_erase_at_end(__first.base() + (end() - __last));
        -:  203:	}
        -:  204:      return __first;
        -:  205:    }
        -:  206:
        -:  207:  template<typename _Tp, typename _Alloc>
        -:  208:    _GLIBCXX20_CONSTEXPR
        -:  209:    vector<_Tp, _Alloc>&
        2:  210:    vector<_Tp, _Alloc>::
        -:  211:    operator=(const vector<_Tp, _Alloc>& __x)
        -:  212:    {
        2:  213:      if (std::__addressof(__x) != this)
        -:  214:	{
        -:  215:	  _GLIBCXX_ASAN_ANNOTATE_REINIT;
        -:  216:#if __cplusplus >= 201103L
        2:  217:	  if (_Alloc_traits::_S_propagate_on_copy_assign())
        -:  218:	    {
    #####:  219:	      if (!_Alloc_traits::_S_always_equal()
    #####:  220:	          && _M_get_Tp_allocator() != __x._M_get_Tp_allocator())
        -:  221:	        {
        -:  222:		  // replacement allocator cannot free existing storage
    #####:  223:		  this->clear();
    #####:  224:		  _M_deallocate(this->_M_impl._M_start,
    #####:  225:				this->_M_impl._M_end_of_storage
    #####:  226:				- this->_M_impl._M_start);
    #####:  227:		  this->_M_impl._M_start = nullptr;
    #####:  228:		  this->_M_impl._M_finish = nullptr;
    #####:  229:		  this->_M_impl._M_end_of_storage = nullptr;
        -:  230:		}
    #####:  231:	      std::__alloc_on_copy(_M_get_Tp_allocator(),
    #####:  232:				   __x._M_get_Tp_allocator());
        -:  233:	    }
        -:  234:#endif
        2:  235:	  const size_type __xlen = __x.size();
        2:  236:	  if (__xlen > capacity())
        -:  237:	    {
        2:  238:	      pointer __tmp = _M_allocate_and_copy(__xlen, __x.begin(),
        -:  239:						   __x.end());
        2:  240:	      std::_Destroy(this->_M_impl._M_start, this->_M_impl._M_finish,
        2:  241:			    _M_get_Tp_allocator());
        2:  242:	      _M_deallocate(this->_M_impl._M_start,
        2:  243:			    this->_M_impl._M_end_of_storage
        2:  244:			    - this->_M_impl._M_start);
        2:  245:	      this->_M_impl._M_start = __tmp;
        2:  246:	      this->_M_impl._M_end_of_storage = this->_M_impl._M_start + __xlen;
        -:  247:	    }
    #####:  248:	  else if (size() >= __xlen)
        -:  249:	    {
    #####:  250:	      std::_Destroy(std::copy(__x.begin(), __x.end(), begin()),
    #####:  251:			    end(), _M_get_Tp_allocator());
        -:  252:	    }
        -:  253:	  else
        -:  254:	    {
    #####:  255:	      std::copy(__x._M_impl._M_start, __x._M_impl._M_start + size(),
        -:  256:			this->_M_impl._M_start);
    #####:  257:	      std::__uninitialized_copy_a(__x._M_impl._M_start + size(),
    #####:  258:					  __x._M_impl._M_finish,
        -:  259:					  this->_M_impl._M_finish,
    #####:  260:					  _M_get_Tp_allocator());
        -:  261:	    }
        2:  262:	  this->_M_impl._M_finish = this->_M_impl._M_start + __xlen;
        -:  263:	}
        2:  264:      return *this;
        -:  265:    }
------------------
_ZNSt6vectorIjSaIjEEaSERKS1_:
function _ZNSt6vectorIjSaIjEEaSERKS1_ called 1 returned 100% blocks executed 36%
        1:  210:    vector<_Tp, _Alloc>::
        -:  211:    operator=(const vector<_Tp, _Alloc>& __x)
        -:  212:    {
        1:  213:      if (std::__addressof(__x) != this)
        1:  213-block 2
call    0 returned 1
branch  1 taken 1 (fallthrough)
branch  2 taken 0
        -:  214:	{
        -:  215:	  _GLIBCXX_ASAN_ANNOTATE_REINIT;
        -:  216:#if __cplusplus >= 201103L
        1:  217:	  if (_Alloc_traits::_S_propagate_on_copy_assign())
        1:  217-block 6
branch  0 taken 0 (fallthrough)
branch  1 taken 1
        -:  218:	    {
    #####:  219:	      if (!_Alloc_traits::_S_always_equal()
    #####:  220:	          && _M_get_Tp_allocator() != __x._M_get_Tp_allocator())
    %%%%%:  220-block 9
branch  0 never executed (fallthrough)
branch  1 never executed
    %%%%%:  220-block 10
call    2 never executed
call    3 never executed
    %%%%%:  220-block 14
branch  4 never executed (fallthrough)
branch  5 never executed
    %%%%%:  220-block 15
    %%%%%:  220-block 16
    %%%%%:  220-block 17
branch  6 never executed (fallthrough)
branch  7 never executed
        -:  221:	        {
        -:  222:		  // replacement allocator cannot free existing storage
    #####:  223:		  this->clear();
    %%%%%:  223-block 18
call    0 never executed
    #####:  224:		  _M_deallocate(this->_M_impl._M_start,
    #####:  225:				this->_M_impl._M_end_of_storage
    #####:  226:				- this->_M_impl._M_start);
call    0 never executed
    #####:  227:		  this->_M_impl._M_start = nullptr;
    #####:  228:		  this->_M_impl._M_finish = nullptr;
    #####:  229:		  this->_M_impl._M_end_of_storage = nullptr;
        -:  230:		}
    #####:  231:	      std::__alloc_on_copy(_M_get_Tp_allocator(),
call    0 never executed
    #####:  232:				   __x._M_get_Tp_allocator());
    %%%%%:  232-block 21
call    0 never executed
        -:  233:	    }
        -:  234:#endif
        1:  235:	  const size_type __xlen = __x.size();
        1:  235-block 25
call    0 returned 1
        1:  236:	  if (__xlen > capacity())
call    0 returned 1
branch  1 taken 1 (fallthrough)
branch  2 taken 0
        -:  237:	    {
        1:  238:	      pointer __tmp = _M_allocate_and_copy(__xlen, __x.begin(),
        1:  238-block 28
call    0 returned 1
call    1 returned 1
call    2 returned 1
        -:  239:						   __x.end());
        1:  240:	      std::_Destroy(this->_M_impl._M_start, this->_M_impl._M_finish,
call    0 returned 1
        1:  241:			    _M_get_Tp_allocator());
call    0 returned 1
        1:  242:	      _M_deallocate(this->_M_impl._M_start,
        1:  243:			    this->_M_impl._M_end_of_storage
        1:  244:			    - this->_M_impl._M_start);
        1:  244-block 34
call    0 returned 1
        1:  245:	      this->_M_impl._M_start = __tmp;
        1:  246:	      this->_M_impl._M_end_of_storage = this->_M_impl._M_start + __xlen;
        -:  247:	    }
    #####:  248:	  else if (size() >= __xlen)
    %%%%%:  248-block 36
call    0 never executed
branch  1 never executed (fallthrough)
branch  2 never executed
        -:  249:	    {
    #####:  250:	      std::_Destroy(std::copy(__x.begin(), __x.end(), begin()),
call    0 never executed
call    1 never executed
call    2 never executed
call    3 never executed
call    4 never executed
    %%%%%:  250-block 46
    #####:  251:			    end(), _M_get_Tp_allocator());
    %%%%%:  251-block 38
call    0 never executed
        -:  252:	    }
        -:  253:	  else
        -:  254:	    {
    #####:  255:	      std::copy(__x._M_impl._M_start, __x._M_impl._M_start + size(),
    %%%%%:  255-block 47
call    0 never executed
call    1 never executed
        -:  256:			this->_M_impl._M_start);
    #####:  257:	      std::__uninitialized_copy_a(__x._M_impl._M_start + size(),
call    0 never executed
    #####:  258:					  __x._M_impl._M_finish,
call    0 never executed
        -:  259:					  this->_M_impl._M_finish,
    #####:  260:					  _M_get_Tp_allocator());
call    0 never executed
        -:  261:	    }
        1:  262:	  this->_M_impl._M_finish = this->_M_impl._M_start + __xlen;
        1:  262-block 52
        -:  263:	}
        1:  264:      return *this;
        1:  264-block 53
        -:  265:    }
------------------
_ZNSt6vectorI6VertexSaIS0_EEaSERKS2_:
function _ZNSt6vectorI6VertexSaIS0_EEaSERKS2_ called 1 returned 100% blocks executed 36%
        1:  210:    vector<_Tp, _Alloc>::
        -:  211:    operator=(const vector<_Tp, _Alloc>& __x)
        -:  212:    {
        1:  213:      if (std::__addressof(__x) != this)
        1:  213-block 2
call    0 returned 1
branch  1 taken 1 (fallthrough)
branch  2 taken 0
        -:  214:	{
        -:  215:	  _GLIBCXX_ASAN_ANNOTATE_REINIT;
        -:  216:#if __cplusplus >= 201103L
        1:  217:	  if (_Alloc_traits::_S_propagate_on_copy_assign())
        1:  217-block 6
branch  0 taken 0 (fallthrough)
branch  1 taken 1
        -:  218:	    {
    #####:  219:	      if (!_Alloc_traits::_S_always_equal()
    #####:  220:	          && _M_get_Tp_allocator() != __x._M_get_Tp_allocator())
    %%%%%:  220-block 9
branch  0 never executed (fallthrough)
branch  1 never executed
    %%%%%:  220-block 10
call    2 never executed
call    3 never executed
    %%%%%:  220-block 14
branch  4 never executed (fallthrough)
branch  5 never executed
    %%%%%:  220-block 15
    %%%%%:  220-block 16
    %%%%%:  220-block 17
branch  6 never executed (fallthrough)
branch  7 never executed
        -:  221:	        {
        -:  222:		  // replacement allocator cannot free existing storage
    #####:  223:		  this->clear();
    %%%%%:  223-block 18
call    0 never executed
    #####:  224:		  _M_deallocate(this->_M_impl._M_start,
    #####:  225:				this->_M_impl._M_end_of_storage
    #####:  226:				- this->_M_impl._M_start);
call    0 never executed
    #####:  227:		  this->_M_impl._M_start = nullptr;
    #####:  228:		  this->_M_impl._M_finish = nullptr;
    #####:  229:		  this->_M_impl._M_end_of_storage = nullptr;
        -:  230:		}
    #####:  231:	      std::__alloc_on_copy(_M_get_Tp_allocator(),
call    0 never executed
    #####:  232:				   __x._M_get_Tp_allocator());
    %%%%%:  232-block 21
call    0 never executed
        -:  233:	    }
        -:  234:#endif
        1:  235:	  const size_type __xlen = __x.size();
        1:  235-block 25
call    0 returned 1
        1:  236:	  if (__xlen > capacity())
call    0 returned 1
branch  1 taken 1 (fallthrough)
branch  2 taken 0
        -:  237:	    {
        1:  238:	      pointer __tmp = _M_allocate_and_copy(__xlen, __x.begin(),
        1:  238-block 28
call    0 returned 1
call    1 returned 1
call    2 returned 1
        -:  239:						   __x.end());
        1:  240:	      std::_Destroy(this->_M_impl._M_start, this->_M_impl._M_finish,
call    0 returned 1
        1:  241:			    _M_get_Tp_allocator());
call    0 returned 1
        1:  242:	      _M_deallocate(this->_M_impl._M_start,
        1:  243:			    this->_M_impl._M_end_of_storage
        1:  244:			    - this->_M_impl._M_start);
        1:  244-block 34
call    0 returned 1
        1:  245:	      this->_M_impl._M_start = __tmp;
        1:  246:	      this->_M_impl._M_end_of_storage = this->_M_impl._M_start + __xlen;
        -:  247:	    }
    #####:  248:	  else if (size() >= __xlen)
    %%%%%:  248-block 36
call    0 never executed
branch  1 never executed (fallthrough)
branch  2 never executed
        -:  249:	    {
    #####:  250:	      std::_Destroy(std::copy(__x.begin(), __x.end(), begin()),
call    0 never executed
call    1 never executed
call    2 never executed
call    3 never executed
call    4 never executed
    %%%%%:  250-block 46
    #####:  251:			    end(), _M_get_Tp_allocator());
    %%%%%:  251-block 38
call    0 never executed
        -:  252:	    }
        -:  253:	  else
        -:  254:	    {
    #####:  255:	      std::copy(__x._M_impl._M_start, __x._M_impl._M_start + size(),
    %%%%%:  255-block 47
call    0 never executed
call    1 never executed
        -:  256:			this->_M_impl._M_start);
    #####:  257:	      std::__uninitialized_copy_a(__x._M_impl._M_start + size(),
call    0 never executed
    #####:  258:					  __x._M_impl._M_finish,
call    0 never executed
        -:  259:					  this->_M_impl._M_finish,
    #####:  260:					  _M_get_Tp_allocator());
call    0 never executed
        -:  261:	    }
        1:  262:	  this->_M_impl._M_finish = this->_M_impl._M_start + __xlen;
        1:  262-block 52
        -:  263:	}
        1:  264:      return *this;
        1:  264-block 53
        -:  265:    }
------------------
        -:  266:
        -:  267:  template<typename _Tp, typename _Alloc>
        -:  268:    _GLIBCXX20_CONSTEXPR
        -:  269:    void
        -:  270:    vector<_Tp, _Alloc>::
        -:  271:    _M_fill_assign(size_t __n, const value_type& __val)
        -:  272:    {
        -:  273:      const size_type __sz = size();
        -:  274:      if (__n > capacity())
        -:  275:	{
        -:  276:	  if (__n <= __sz)
        -:  277:	    __builtin_unreachable();
        -:  278:	  vector __tmp(__n, __val, _M_get_Tp_allocator());
        -:  279:	  __tmp._M_impl._M_swap_data(this->_M_impl);
        -:  280:	}
        -:  281:      else if (__n > __sz)
        -:  282:	{
        -:  283:	  std::fill(begin(), end(), __val);
        -:  284:	  const size_type __add = __n - __sz;
        -:  285:	  _GLIBCXX_ASAN_ANNOTATE_GROW(__add);
        -:  286:	  this->_M_impl._M_finish =
        -:  287:	    std::__uninitialized_fill_n_a(this->_M_impl._M_finish,
        -:  288:					  __add, __val, _M_get_Tp_allocator());
        -:  289:	  _GLIBCXX_ASAN_ANNOTATE_GREW(__add);
        -:  290:	}
        -:  291:      else
        -:  292:        _M_erase_at_end(std::fill_n(this->_M_impl._M_start, __n, __val));
        -:  293:    }
        -:  294:
        -:  295:  template<typename _Tp, typename _Alloc>
        -:  296:    template<typename _InputIterator>
        -:  297:      _GLIBCXX20_CONSTEXPR
        -:  298:      void
        -:  299:      vector<_Tp, _Alloc>::
        -:  300:      _M_assign_aux(_InputIterator __first, _InputIterator __last,
        -:  301:		    std::input_iterator_tag)
        -:  302:      {
        -:  303:	pointer __cur(this->_M_impl._M_start);
        -:  304:	for (; __first != __last && __cur != this->_M_impl._M_finish;
        -:  305:	     ++__cur, (void)++__first)
        -:  306:	  *__cur = *__first;
        -:  307:	if (__first == __last)
        -:  308:	  _M_erase_at_end(__cur);
        -:  309:	else
        -:  310:	  _M_range_insert(end(), __first, __last,
        -:  311:			  std::__iterator_category(__first));
        -:  312:      }
        -:  313:
        -:  314:  template<typename _Tp, typename _Alloc>
        -:  315:    template<typename _ForwardIterator>
        -:  316:      _GLIBCXX20_CONSTEXPR
        -:  317:      void
        -:  318:      vector<_Tp, _Alloc>::
        -:  319:      _M_assign_aux(_ForwardIterator __first, _ForwardIterator __last,
        -:  320:		    std::forward_iterator_tag)
        -:  321:      {
        -:  322:	const size_type __sz = size();
        -:  323:	const size_type __len = std::distance(__first, __last);
        -:  324:
        -:  325:	if (__len > capacity())
        -:  326:	  {
        -:  327:	    if (__len <= __sz)
        -:  328:	      __builtin_unreachable();
        -:  329:
        -:  330:	    _S_check_init_len(__len, _M_get_Tp_allocator());
        -:  331:	    pointer __tmp(_M_allocate_and_copy(__len, __first, __last));
        -:  332:	    std::_Destroy(this->_M_impl._M_start, this->_M_impl._M_finish,
        -:  333:			  _M_get_Tp_allocator());
        -:  334:	    _GLIBCXX_ASAN_ANNOTATE_REINIT;
        -:  335:	    _M_deallocate(this->_M_impl._M_start,
        -:  336:			  this->_M_impl._M_end_of_storage
        -:  337:			  - this->_M_impl._M_start);
        -:  338:	    this->_M_impl._M_start = __tmp;
        -:  339:	    this->_M_impl._M_finish = this->_M_impl._M_start + __len;
        -:  340:	    this->_M_impl._M_end_of_storage = this->_M_impl._M_finish;
        -:  341:	  }
        -:  342:	else if (__sz >= __len)
        -:  343:	  _M_erase_at_end(std::copy(__first, __last, this->_M_impl._M_start));
        -:  344:	else
        -:  345:	  {
        -:  346:	    _ForwardIterator __mid = __first;
        -:  347:	    std::advance(__mid, __sz);
        -:  348:	    std::copy(__first, __mid, this->_M_impl._M_start);
        -:  349:	    const size_type __attribute__((__unused__)) __n = __len - __sz;
        -:  350:	    _GLIBCXX_ASAN_ANNOTATE_GROW(__n);
        -:  351:	    this->_M_impl._M_finish =
        -:  352:	      std::__uninitialized_copy_a(__mid, __last,
        -:  353:					  this->_M_impl._M_finish,
        -:  354:					  _M_get_Tp_allocator());
        -:  355:	    _GLIBCXX_ASAN_ANNOTATE_GREW(__n);
        -:  356:	  }
        -:  357:      }
        -:  358:
        -:  359:#if __cplusplus >= 201103L
        -:  360:  template<typename _Tp, typename _Alloc>
        -:  361:    _GLIBCXX20_CONSTEXPR
        -:  362:    auto
        -:  363:    vector<_Tp, _Alloc>::
        -:  364:    _M_insert_rval(const_iterator __position, value_type&& __v) -> iterator
        -:  365:    {
        -:  366:      const auto __n = __position - cbegin();
        -:  367:      if (this->_M_impl._M_finish != this->_M_impl._M_end_of_storage)
        -:  368:	if (__position == cend())
        -:  369:	  {
        -:  370:	    _GLIBCXX_ASAN_ANNOTATE_GROW(1);
        -:  371:	    _Alloc_traits::construct(this->_M_impl, this->_M_impl._M_finish,
        -:  372:				     std::move(__v));
        -:  373:	    ++this->_M_impl._M_finish;
        -:  374:	    _GLIBCXX_ASAN_ANNOTATE_GREW(1);
        -:  375:	  }
        -:  376:	else
        -:  377:	  _M_insert_aux(begin() + __n, std::move(__v));
        -:  378:      else
        -:  379:	_M_realloc_insert(begin() + __n, std::move(__v));
        -:  380:
        -:  381:      return iterator(this->_M_impl._M_start + __n);
        -:  382:    }
        -:  383:
        -:  384:  template<typename _Tp, typename _Alloc>
        -:  385:    template<typename... _Args>
        -:  386:      _GLIBCXX20_CONSTEXPR
        -:  387:      auto
        -:  388:      vector<_Tp, _Alloc>::
        -:  389:      _M_emplace_aux(const_iterator __position, _Args&&... __args)
        -:  390:      -> iterator
        -:  391:      {
        -:  392:	const auto __n = __position - cbegin();
        -:  393:	if (this->_M_impl._M_finish != this->_M_impl._M_end_of_storage)
        -:  394:	  if (__position == cend())
        -:  395:	    {
        -:  396:	      _GLIBCXX_ASAN_ANNOTATE_GROW(1);
        -:  397:	      _Alloc_traits::construct(this->_M_impl, this->_M_impl._M_finish,
        -:  398:				       std::forward<_Args>(__args)...);
        -:  399:	      ++this->_M_impl._M_finish;
        -:  400:	      _GLIBCXX_ASAN_ANNOTATE_GREW(1);
        -:  401:	    }
        -:  402:	  else
        -:  403:	    {
        -:  404:	      // We need to construct a temporary because something in __args...
        -:  405:	      // could alias one of the elements of the container and so we
        -:  406:	      // need to use it before _M_insert_aux moves elements around.
        -:  407:	      _Temporary_value __tmp(this, std::forward<_Args>(__args)...);
        -:  408:	      _M_insert_aux(begin() + __n, std::move(__tmp._M_val()));
        -:  409:	    }
        -:  410:	else
        -:  411:	  _M_realloc_insert(begin() + __n, std::forward<_Args>(__args)...);
        -:  412:
        -:  413:	return iterator(this->_M_impl._M_start + __n);
        -:  414:      }
        -:  415:
        -:  416:  template<typename _Tp, typename _Alloc>
        -:  417:    template<typename _Arg>
        -:  418:      _GLIBCXX20_CONSTEXPR
        -:  419:      void
function _ZNSt6vectorI20VkWriteDescriptorSetSaIS0_EE13_M_insert_auxIS0_EEvN9__gnu_cxx17__normal_iteratorIPS0_S2_EEOT_ called 0 returned 0% blocks executed 0%
    #####:  420:      vector<_Tp, _Alloc>::
        -:  421:      _M_insert_aux(iterator __position, _Arg&& __arg)
        -:  422:#else
        -:  423:  template<typename _Tp, typename _Alloc>
        -:  424:    void
        -:  425:    vector<_Tp, _Alloc>::
        -:  426:    _M_insert_aux(iterator __position, const _Tp& __x)
        -:  427:#endif
        -:  428:    {
        -:  429:      _GLIBCXX_ASAN_ANNOTATE_GROW(1);
    #####:  430:      _Alloc_traits::construct(this->_M_impl, this->_M_impl._M_finish,
call    0 never executed
    #####:  431:			       _GLIBCXX_MOVE(*(this->_M_impl._M_finish - 1)));
    %%%%%:  431-block 2
call    0 never executed
    #####:  432:      ++this->_M_impl._M_finish;
        -:  433:      _GLIBCXX_ASAN_ANNOTATE_GREW(1);
        -:  434:#if __cplusplus < 201103L
        -:  435:      _Tp __x_copy = __x;
        -:  436:#endif
    #####:  437:      _GLIBCXX_MOVE_BACKWARD3(__position.base(),
    %%%%%:  437-block 8
call    0 never executed
call    1 never executed
        -:  438:			      this->_M_impl._M_finish - 2,
        -:  439:			      this->_M_impl._M_finish - 1);
        -:  440:#if __cplusplus < 201103L
        -:  441:      *__position = __x_copy;
        -:  442:#else
    #####:  443:      *__position = std::forward<_Arg>(__arg);
call    0 never executed
call    1 never executed
        -:  444:#endif
    #####:  445:    }
        -:  446:
        -:  447:#if __cplusplus >= 201103L
        -:  448:  template<typename _Tp, typename _Alloc>
        -:  449:    template<typename... _Args>
        -:  450:      _GLIBCXX20_CONSTEXPR
        -:  451:      void
function _ZNSt6vectorI20VkWriteDescriptorSetSaIS0_EE17_M_realloc_insertIJRKS0_EEEvN9__gnu_cxx17__normal_iteratorIPS0_S2_EEDpOT_ called 2 returned 100% blocks executed 95%
        2:  452:      vector<_Tp, _Alloc>::
        -:  453:      _M_realloc_insert(iterator __position, _Args&&... __args)
        -:  454:#else
        -:  455:  template<typename _Tp, typename _Alloc>
        -:  456:    void
        -:  457:    vector<_Tp, _Alloc>::
        -:  458:    _M_realloc_insert(iterator __position, const _Tp& __x)
        -:  459:#endif
        -:  460:    {
        2:  461:      const size_type __len = _M_check_len(1u, "vector::_M_realloc_insert");
        2:  461-block 2
call    0 returned 2
        2:  462:      if (__len <= 0)
branch  0 taken 0 (fallthrough)
branch  1 taken 2
    #####:  463:	__builtin_unreachable ();
    %%%%%:  463-block 4
call    0 never executed
        2:  464:      pointer __old_start = this->_M_impl._M_start;
        2:  465:      pointer __old_finish = this->_M_impl._M_finish;
        2:  466:      const size_type __elems_before = __position - begin();
        2:  466-block 5
call    0 returned 2
call    1 returned 2
        2:  467:      pointer __new_start(this->_M_allocate(__len));
call    0 returned 2
        2:  468:      pointer __new_finish(__new_start);
        -:  469:
        -:  470:      // RAII guard for allocated storage.
        -:  471:      struct _Guard
        -:  472:      {
        -:  473:	pointer _M_storage;	    // Storage to deallocate
        -:  474:	size_type _M_len;
        -:  475:	_Tp_alloc_type& _M_alloc;
        -:  476:
        -:  477:	_GLIBCXX20_CONSTEXPR
function _ZZNSt6vectorI20VkWriteDescriptorSetSaIS0_EE17_M_realloc_insertIJRKS0_EEEvN9__gnu_cxx17__normal_iteratorIPS0_S2_EEDpOT_EN6_GuardC2ES8_mRS1_ called 2 returned 100% blocks executed 100%
        2:  478:	_Guard(pointer __s, size_type __l, _Tp_alloc_type& __a)
        2:  479:	: _M_storage(__s), _M_len(__l), _M_alloc(__a)
        2:  480:	{ }
        -:  481:
        -:  482:	_GLIBCXX20_CONSTEXPR
function _ZZNSt6vectorI20VkWriteDescriptorSetSaIS0_EE17_M_realloc_insertIJRKS0_EEEvN9__gnu_cxx17__normal_iteratorIPS0_S2_EEDpOT_EN6_GuardD2Ev called 2 returned 100% blocks executed 100%
        2:  483:	~_Guard()
        -:  484:	{
        2:  485:	  if (_M_storage)
        2:  485-block 2
branch  0 taken 2 (fallthrough)
branch  1 taken 0
        -:  486:	    __gnu_cxx::__alloc_traits<_Tp_alloc_type>::
        2:  487:	      deallocate(_M_alloc, _M_storage, _M_len);
        2:  487-block 3
call    0 returned 2
        2:  488:	}
        -:  489:
        -:  490:      private:
        -:  491:	_Guard(const _Guard&);
        -:  492:      };
        -:  493:
        -:  494:      {
        2:  495:	_Guard __guard(__new_start, __len, _M_impl);
call    0 returned 2
        -:  496:
        -:  497:	// The order of the three operations is dictated by the C++11
        -:  498:	// case, where the moves could alter a new element belonging
        -:  499:	// to the existing vector.  This is an issue only for callers
        -:  500:	// taking the element by lvalue ref (see last bullet of C++11
        -:  501:	// [res.on.arguments]).
        -:  502:
        -:  503:	// If this throws, the existing elements are unchanged.
        -:  504:#if __cplusplus >= 201103L
        4:  505:	_Alloc_traits::construct(this->_M_impl,
call    0 returned 2
call    1 returned 2
        2:  506:				 std::__to_address(__new_start + __elems_before),
call    0 returned 2
        -:  507:				 std::forward<_Args>(__args)...);
        -:  508:#else
        -:  509:	_Alloc_traits::construct(this->_M_impl,
        -:  510:				 __new_start + __elems_before,
        -:  511:				 __x);
        -:  512:#endif
        -:  513:
        -:  514:#if __cplusplus >= 201103L
        -:  515:	if _GLIBCXX17_CONSTEXPR (_S_use_relocate())
        -:  516:	  {
        -:  517:	    // Relocation cannot throw.
        2:  518:	    __new_finish = _S_relocate(__old_start, __position.base(),
call    0 returned 2
call    1 returned 2
        2:  519:				       __new_start, _M_get_Tp_allocator());
        2:  519-block 16
call    0 returned 2
        2:  520:	    ++__new_finish;
        2:  521:	    __new_finish = _S_relocate(__position.base(), __old_finish,
call    0 returned 2
call    1 returned 2
        2:  522:				       __new_finish, _M_get_Tp_allocator());
call    0 returned 2
        -:  523:	  }
        -:  524:	else
        -:  525:#endif
        -:  526:	  {
        -:  527:	    // RAII type to destroy initialized elements.
        -:  528:	    struct _Guard_elts
        -:  529:	    {
        -:  530:	      pointer _M_first, _M_last;  // Elements to destroy
        -:  531:	      _Tp_alloc_type& _M_alloc;
        -:  532:
        -:  533:	      _GLIBCXX20_CONSTEXPR
        -:  534:	      _Guard_elts(pointer __elt, _Tp_alloc_type& __a)
        -:  535:	      : _M_first(__elt), _M_last(__elt + 1), _M_alloc(__a)
        -:  536:	      { }
        -:  537:
        -:  538:	      _GLIBCXX20_CONSTEXPR
        -:  539:	      ~_Guard_elts()
        -:  540:	      { std::_Destroy(_M_first, _M_last, _M_alloc); }
        -:  541:
        -:  542:	    private:
        -:  543:	      _Guard_elts(const _Guard_elts&);
        -:  544:	    };
        -:  545:
        -:  546:	    // Guard the new element so it will be destroyed if anything throws.
        -:  547:	    _Guard_elts __guard_elts(__new_start + __elems_before, _M_impl);
        -:  548:
        -:  549:	    __new_finish = std::__uninitialized_move_if_noexcept_a(
        -:  550:			     __old_start, __position.base(),
        -:  551:			     __new_start, _M_get_Tp_allocator());
        -:  552:
        -:  553:	    ++__new_finish;
        -:  554:	    // Guard everything before the new element too.
        -:  555:	    __guard_elts._M_first = __new_start;
        -:  556:
        -:  557:	    __new_finish = std::__uninitialized_move_if_noexcept_a(
        -:  558:			      __position.base(), __old_finish,
        -:  559:			      __new_finish, _M_get_Tp_allocator());
        -:  560:
        -:  561:	    // New storage has been fully initialized, destroy the old elements.
        -:  562:	    __guard_elts._M_first = __old_start;
        -:  563:	    __guard_elts._M_last = __old_finish;
        -:  564:	  }
        2:  565:	__guard._M_storage = __old_start;
        2:  566:	__guard._M_len = this->_M_impl._M_end_of_storage - __old_start;
        2:  567:      }
call    0 returned 2
        -:  568:      // deallocate should be called before assignments to _M_impl,
        -:  569:      // to avoid call-clobbering
        -:  570:
        2:  571:      this->_M_impl._M_start = __new_start;
        2:  572:      this->_M_impl._M_finish = __new_finish;
        2:  573:      this->_M_impl._M_end_of_storage = __new_start + __len;
        2:  574:    }
        -:  575:
        -:  576:#if __cplusplus >= 201103L
        -:  577:  template<typename _Tp, typename _Alloc>
        -:  578:    template<typename... _Args>
        -:  579:      _GLIBCXX20_CONSTEXPR
        -:  580:      void
       5*:  581:      vector<_Tp, _Alloc>::
        -:  582:      _M_realloc_append(_Args&&... __args)
        -:  583:#else
        -:  584:  template<typename _Tp, typename _Alloc>
        -:  585:    void
        -:  586:    vector<_Tp, _Alloc>::
        -:  587:    _M_realloc_append(const _Tp& __x)
        -:  588:#endif
        -:  589:    {
       5*:  590:      const size_type __len = _M_check_len(1u, "vector::_M_realloc_append");
       5*:  591:      if (__len <= 0)
    #####:  592:	__builtin_unreachable ();
       5*:  593:      pointer __old_start = this->_M_impl._M_start;
       5*:  594:      pointer __old_finish = this->_M_impl._M_finish;
       5*:  595:      const size_type __elems = end() - begin();
       5*:  596:      pointer __new_start(this->_M_allocate(__len));
       5*:  597:      pointer __new_finish(__new_start);
        -:  598:
        -:  599:      // RAII guard for allocated storage.
        -:  600:      struct _Guard
        -:  601:      {
        -:  602:	pointer _M_storage;	    // Storage to deallocate
        -:  603:	size_type _M_len;
        -:  604:	_Tp_alloc_type& _M_alloc;
        -:  605:
        -:  606:	_GLIBCXX20_CONSTEXPR
       5*:  607:	_Guard(pointer __s, size_type __l, _Tp_alloc_type& __a)
       5*:  608:	: _M_storage(__s), _M_len(__l), _M_alloc(__a)
       5*:  609:	{ }
        -:  610:
        -:  611:	_GLIBCXX20_CONSTEXPR
       5*:  612:	~_Guard()
        -:  613:	{
       5*:  614:	  if (_M_storage)
        -:  615:	    __gnu_cxx::__alloc_traits<_Tp_alloc_type>::
       3*:  616:	      deallocate(_M_alloc, _M_storage, _M_len);
       5*:  617:	}
        -:  618:
        -:  619:      private:
        -:  620:	_Guard(const _Guard&);
        -:  621:      };
        -:  622:
        -:  623:      {
       5*:  624:	_Guard __guard(__new_start, __len, _M_impl);
        -:  625:
        -:  626:	// The order of the three operations is dictated by the C++11
        -:  627:	// case, where the moves could alter a new element belonging
        -:  628:	// to the existing vector.  This is an issue only for callers
        -:  629:	// taking the element by lvalue ref (see last bullet of C++11
        -:  630:	// [res.on.arguments]).
        -:  631:
        -:  632:	// If this throws, the existing elements are unchanged.
        -:  633:#if __cplusplus >= 201103L
      10*:  634:	_Alloc_traits::construct(this->_M_impl,
       5*:  635:				 std::__to_address(__new_start + __elems),
        -:  636:				 std::forward<_Args>(__args)...);
        -:  637:#else
        -:  638:	_Alloc_traits::construct(this->_M_impl,
        -:  639:				 __new_start + __elems,
        -:  640:				 __x);
        -:  641:#endif
        -:  642:
        -:  643:#if __cplusplus >= 201103L
        -:  644:	if _GLIBCXX17_CONSTEXPR (_S_use_relocate())
        -:  645:	  {
        -:  646:	    // Relocation cannot throw.
       5*:  647:	    __new_finish = _S_relocate(__old_start, __old_finish,
       5*:  648:				       __new_start, _M_get_Tp_allocator());
       5*:  649:	    ++__new_finish;
        -:  650:	  }
        -:  651:	else
        -:  652:#endif
        -:  653:	  {
        -:  654:	    // RAII type to destroy initialized elements.
        -:  655:	    struct _Guard_elts
        -:  656:	    {
        -:  657:	      pointer _M_first, _M_last;  // Elements to destroy
        -:  658:	      _Tp_alloc_type& _M_alloc;
        -:  659:
        -:  660:	      _GLIBCXX20_CONSTEXPR
        -:  661:	      _Guard_elts(pointer __elt, _Tp_alloc_type& __a)
        -:  662:	      : _M_first(__elt), _M_last(__elt + 1), _M_alloc(__a)
        -:  663:	      { }
        -:  664:
        -:  665:	      _GLIBCXX20_CONSTEXPR
        -:  666:	      ~_Guard_elts()
        -:  667:	      { std::_Destroy(_M_first, _M_last, _M_alloc); }
        -:  668:
        -:  669:	    private:
        -:  670:	      _Guard_elts(const _Guard_elts&);
        -:  671:	    };
        -:  672:
        -:  673:	    // Guard the new element so it will be destroyed if anything throws.
        -:  674:	    _Guard_elts __guard_elts(__new_start + __elems, _M_impl);
        -:  675:
        -:  676:	    __new_finish = std::__uninitialized_move_if_noexcept_a(
        -:  677:			     __old_start, __old_finish,
        -:  678:			     __new_start, _M_get_Tp_allocator());
        -:  679:
        -:  680:	    ++__new_finish;
        -:  681:
        -:  682:	    // New storage has been fully initialized, destroy the old elements.
        -:  683:	    __guard_elts._M_first = __old_start;
        -:  684:	    __guard_elts._M_last = __old_finish;
        -:  685:	  }
       5*:  686:	__guard._M_storage = __old_start;
       5*:  687:	__guard._M_len = this->_M_impl._M_end_of_storage - __old_start;
       5*:  688:      }
        -:  689:      // deallocate should be called before assignments to _M_impl,
        -:  690:      // to avoid call-clobbering
        -:  691:
       5*:  692:      this->_M_impl._M_start = __new_start;
       5*:  693:      this->_M_impl._M_finish = __new_finish;
       5*:  694:      this->_M_impl._M_end_of_storage = __new_start + __len;
       5*:  695:    }
------------------
_ZNSt6vectorIPKcSaIS1_EE17_M_realloc_appendIJS1_EEEvDpOT_:
function _ZNSt6vectorIPKcSaIS1_EE17_M_realloc_appendIJS1_EEEvDpOT_ called 1 returned 100% blocks executed 95%
        1:  581:      vector<_Tp, _Alloc>::
        -:  582:      _M_realloc_append(_Args&&... __args)
        -:  583:#else
        -:  584:  template<typename _Tp, typename _Alloc>
        -:  585:    void
        -:  586:    vector<_Tp, _Alloc>::
        -:  587:    _M_realloc_append(const _Tp& __x)
        -:  588:#endif
        -:  589:    {
        1:  590:      const size_type __len = _M_check_len(1u, "vector::_M_realloc_append");
        1:  590-block 2
call    0 returned 1
        1:  591:      if (__len <= 0)
branch  0 taken 0 (fallthrough)
branch  1 taken 1
    #####:  592:	__builtin_unreachable ();
    %%%%%:  592-block 4
call    0 never executed
        1:  593:      pointer __old_start = this->_M_impl._M_start;
        1:  594:      pointer __old_finish = this->_M_impl._M_finish;
        1:  595:      const size_type __elems = end() - begin();
        1:  595-block 5
call    0 returned 1
call    1 returned 1
call    2 returned 1
        1:  596:      pointer __new_start(this->_M_allocate(__len));
call    0 returned 1
        1:  597:      pointer __new_finish(__new_start);
        -:  598:
        -:  599:      // RAII guard for allocated storage.
        -:  600:      struct _Guard
        -:  601:      {
        -:  602:	pointer _M_storage;	    // Storage to deallocate
        -:  603:	size_type _M_len;
        -:  604:	_Tp_alloc_type& _M_alloc;
        -:  605:
        -:  606:	_GLIBCXX20_CONSTEXPR
        -:  607:	_Guard(pointer __s, size_type __l, _Tp_alloc_type& __a)
        -:  608:	: _M_storage(__s), _M_len(__l), _M_alloc(__a)
        -:  609:	{ }
        -:  610:
        -:  611:	_GLIBCXX20_CONSTEXPR
        -:  612:	~_Guard()
        -:  613:	{
        -:  614:	  if (_M_storage)
        -:  615:	    __gnu_cxx::__alloc_traits<_Tp_alloc_type>::
        -:  616:	      deallocate(_M_alloc, _M_storage, _M_len);
        -:  617:	}
        -:  618:
        -:  619:      private:
        -:  620:	_Guard(const _Guard&);
        -:  621:      };
        -:  622:
        -:  623:      {
        1:  624:	_Guard __guard(__new_start, __len, _M_impl);
call    0 returned 1
        -:  625:
        -:  626:	// The order of the three operations is dictated by the C++11
        -:  627:	// case, where the moves could alter a new element belonging
        -:  628:	// to the existing vector.  This is an issue only for callers
        -:  629:	// taking the element by lvalue ref (see last bullet of C++11
        -:  630:	// [res.on.arguments]).
        -:  631:
        -:  632:	// If this throws, the existing elements are unchanged.
        -:  633:#if __cplusplus >= 201103L
        2:  634:	_Alloc_traits::construct(this->_M_impl,
call    0 returned 1
call    1 returned 1
        1:  635:				 std::__to_address(__new_start + __elems),
call    0 returned 1
        -:  636:				 std::forward<_Args>(__args)...);
        -:  637:#else
        -:  638:	_Alloc_traits::construct(this->_M_impl,
        -:  639:				 __new_start + __elems,
        -:  640:				 __x);
        -:  641:#endif
        -:  642:
        -:  643:#if __cplusplus >= 201103L
        -:  644:	if _GLIBCXX17_CONSTEXPR (_S_use_relocate())
        -:  645:	  {
        -:  646:	    // Relocation cannot throw.
        1:  647:	    __new_finish = _S_relocate(__old_start, __old_finish,
call    0 returned 1
        1:  648:				       __new_start, _M_get_Tp_allocator());
        1:  648-block 17
call    0 returned 1
        1:  649:	    ++__new_finish;
        -:  650:	  }
        -:  651:	else
        -:  652:#endif
        -:  653:	  {
        -:  654:	    // RAII type to destroy initialized elements.
        -:  655:	    struct _Guard_elts
        -:  656:	    {
        -:  657:	      pointer _M_first, _M_last;  // Elements to destroy
        -:  658:	      _Tp_alloc_type& _M_alloc;
        -:  659:
        -:  660:	      _GLIBCXX20_CONSTEXPR
        -:  661:	      _Guard_elts(pointer __elt, _Tp_alloc_type& __a)
        -:  662:	      : _M_first(__elt), _M_last(__elt + 1), _M_alloc(__a)
        -:  663:	      { }
        -:  664:
        -:  665:	      _GLIBCXX20_CONSTEXPR
        -:  666:	      ~_Guard_elts()
        -:  667:	      { std::_Destroy(_M_first, _M_last, _M_alloc); }
        -:  668:
        -:  669:	    private:
        -:  670:	      _Guard_elts(const _Guard_elts&);
        -:  671:	    };
        -:  672:
        -:  673:	    // Guard the new element so it will be destroyed if anything throws.
        -:  674:	    _Guard_elts __guard_elts(__new_start + __elems, _M_impl);
        -:  675:
        -:  676:	    __new_finish = std::__uninitialized_move_if_noexcept_a(
        -:  677:			     __old_start, __old_finish,
        -:  678:			     __new_start, _M_get_Tp_allocator());
        -:  679:
        -:  680:	    ++__new_finish;
        -:  681:
        -:  682:	    // New storage has been fully initialized, destroy the old elements.
        -:  683:	    __guard_elts._M_first = __old_start;
        -:  684:	    __guard_elts._M_last = __old_finish;
        -:  685:	  }
        1:  686:	__guard._M_storage = __old_start;
        1:  687:	__guard._M_len = this->_M_impl._M_end_of_storage - __old_start;
        1:  688:      }
call    0 returned 1
        -:  689:      // deallocate should be called before assignments to _M_impl,
        -:  690:      // to avoid call-clobbering
        -:  691:
        1:  692:      this->_M_impl._M_start = __new_start;
        1:  693:      this->_M_impl._M_finish = __new_finish;
        1:  694:      this->_M_impl._M_end_of_storage = __new_start + __len;
        1:  695:    }
------------------
_ZNSt6vectorIjSaIjEE17_M_realloc_appendIJjEEEvDpOT_:
function _ZNSt6vectorIjSaIjEE17_M_realloc_appendIJjEEEvDpOT_ called 0 returned 0% blocks executed 0%
    #####:  581:      vector<_Tp, _Alloc>::
        -:  582:      _M_realloc_append(_Args&&... __args)
        -:  583:#else
        -:  584:  template<typename _Tp, typename _Alloc>
        -:  585:    void
        -:  586:    vector<_Tp, _Alloc>::
        -:  587:    _M_realloc_append(const _Tp& __x)
        -:  588:#endif
        -:  589:    {
    #####:  590:      const size_type __len = _M_check_len(1u, "vector::_M_realloc_append");
    %%%%%:  590-block 2
call    0 never executed
    #####:  591:      if (__len <= 0)
branch  0 never executed (fallthrough)
branch  1 never executed
    #####:  592:	__builtin_unreachable ();
    %%%%%:  592-block 4
call    0 never executed
    #####:  593:      pointer __old_start = this->_M_impl._M_start;
    #####:  594:      pointer __old_finish = this->_M_impl._M_finish;
    #####:  595:      const size_type __elems = end() - begin();
    %%%%%:  595-block 5
call    0 never executed
call    1 never executed
call    2 never executed
    #####:  596:      pointer __new_start(this->_M_allocate(__len));
call    0 never executed
    #####:  597:      pointer __new_finish(__new_start);
        -:  598:
        -:  599:      // RAII guard for allocated storage.
        -:  600:      struct _Guard
        -:  601:      {
        -:  602:	pointer _M_storage;	    // Storage to deallocate
        -:  603:	size_type _M_len;
        -:  604:	_Tp_alloc_type& _M_alloc;
        -:  605:
        -:  606:	_GLIBCXX20_CONSTEXPR
        -:  607:	_Guard(pointer __s, size_type __l, _Tp_alloc_type& __a)
        -:  608:	: _M_storage(__s), _M_len(__l), _M_alloc(__a)
        -:  609:	{ }
        -:  610:
        -:  611:	_GLIBCXX20_CONSTEXPR
        -:  612:	~_Guard()
        -:  613:	{
        -:  614:	  if (_M_storage)
        -:  615:	    __gnu_cxx::__alloc_traits<_Tp_alloc_type>::
        -:  616:	      deallocate(_M_alloc, _M_storage, _M_len);
        -:  617:	}
        -:  618:
        -:  619:      private:
        -:  620:	_Guard(const _Guard&);
        -:  621:      };
        -:  622:
        -:  623:      {
    #####:  624:	_Guard __guard(__new_start, __len, _M_impl);
call    0 never executed
        -:  625:
        -:  626:	// The order of the three operations is dictated by the C++11
        -:  627:	// case, where the moves could alter a new element belonging
        -:  628:	// to the existing vector.  This is an issue only for callers
        -:  629:	// taking the element by lvalue ref (see last bullet of C++11
        -:  630:	// [res.on.arguments]).
        -:  631:
        -:  632:	// If this throws, the existing elements are unchanged.
        -:  633:#if __cplusplus >= 201103L
    #####:  634:	_Alloc_traits::construct(this->_M_impl,
call    0 never executed
call    1 never executed
    #####:  635:				 std::__to_address(__new_start + __elems),
call    0 never executed
        -:  636:				 std::forward<_Args>(__args)...);
        -:  637:#else
        -:  638:	_Alloc_traits::construct(this->_M_impl,
        -:  639:				 __new_start + __elems,
        -:  640:				 __x);
        -:  641:#endif
        -:  642:
        -:  643:#if __cplusplus >= 201103L
        -:  644:	if _GLIBCXX17_CONSTEXPR (_S_use_relocate())
        -:  645:	  {
        -:  646:	    // Relocation cannot throw.
    #####:  647:	    __new_finish = _S_relocate(__old_start, __old_finish,
call    0 never executed
    #####:  648:				       __new_start, _M_get_Tp_allocator());
    %%%%%:  648-block 17
call    0 never executed
    #####:  649:	    ++__new_finish;
        -:  650:	  }
        -:  651:	else
        -:  652:#endif
        -:  653:	  {
        -:  654:	    // RAII type to destroy initialized elements.
        -:  655:	    struct _Guard_elts
        -:  656:	    {
        -:  657:	      pointer _M_first, _M_last;  // Elements to destroy
        -:  658:	      _Tp_alloc_type& _M_alloc;
        -:  659:
        -:  660:	      _GLIBCXX20_CONSTEXPR
        -:  661:	      _Guard_elts(pointer __elt, _Tp_alloc_type& __a)
        -:  662:	      : _M_first(__elt), _M_last(__elt + 1), _M_alloc(__a)
        -:  663:	      { }
        -:  664:
        -:  665:	      _GLIBCXX20_CONSTEXPR
        -:  666:	      ~_Guard_elts()
        -:  667:	      { std::_Destroy(_M_first, _M_last, _M_alloc); }
        -:  668:
        -:  669:	    private:
        -:  670:	      _Guard_elts(const _Guard_elts&);
        -:  671:	    };
        -:  672:
        -:  673:	    // Guard the new element so it will be destroyed if anything throws.
        -:  674:	    _Guard_elts __guard_elts(__new_start + __elems, _M_impl);
        -:  675:
        -:  676:	    __new_finish = std::__uninitialized_move_if_noexcept_a(
        -:  677:			     __old_start, __old_finish,
        -:  678:			     __new_start, _M_get_Tp_allocator());
        -:  679:
        -:  680:	    ++__new_finish;
        -:  681:
        -:  682:	    // New storage has been fully initialized, destroy the old elements.
        -:  683:	    __guard_elts._M_first = __old_start;
        -:  684:	    __guard_elts._M_last = __old_finish;
        -:  685:	  }
    #####:  686:	__guard._M_storage = __old_start;
    #####:  687:	__guard._M_len = this->_M_impl._M_end_of_storage - __old_start;
    #####:  688:      }
call    0 never executed
        -:  689:      // deallocate should be called before assignments to _M_impl,
        -:  690:      // to avoid call-clobbering
        -:  691:
    #####:  692:      this->_M_impl._M_start = __new_start;
    #####:  693:      this->_M_impl._M_finish = __new_finish;
    #####:  694:      this->_M_impl._M_end_of_storage = __new_start + __len;
    #####:  695:    }
------------------
_ZNSt6vectorI23VkDeviceQueueCreateInfoSaIS0_EE17_M_realloc_appendIJRKS0_EEEvDpOT_:
function _ZNSt6vectorI23VkDeviceQueueCreateInfoSaIS0_EE17_M_realloc_appendIJRKS0_EEEvDpOT_ called 1 returned 100% blocks executed 95%
        1:  581:      vector<_Tp, _Alloc>::
        -:  582:      _M_realloc_append(_Args&&... __args)
        -:  583:#else
        -:  584:  template<typename _Tp, typename _Alloc>
        -:  585:    void
        -:  586:    vector<_Tp, _Alloc>::
        -:  587:    _M_realloc_append(const _Tp& __x)
        -:  588:#endif
        -:  589:    {
        1:  590:      const size_type __len = _M_check_len(1u, "vector::_M_realloc_append");
        1:  590-block 2
call    0 returned 1
        1:  591:      if (__len <= 0)
branch  0 taken 0 (fallthrough)
branch  1 taken 1
    #####:  592:	__builtin_unreachable ();
    %%%%%:  592-block 4
call    0 never executed
        1:  593:      pointer __old_start = this->_M_impl._M_start;
        1:  594:      pointer __old_finish = this->_M_impl._M_finish;
        1:  595:      const size_type __elems = end() - begin();
        1:  595-block 5
call    0 returned 1
call    1 returned 1
call    2 returned 1
        1:  596:      pointer __new_start(this->_M_allocate(__len));
call    0 returned 1
        1:  597:      pointer __new_finish(__new_start);
        -:  598:
        -:  599:      // RAII guard for allocated storage.
        -:  600:      struct _Guard
        -:  601:      {
        -:  602:	pointer _M_storage;	    // Storage to deallocate
        -:  603:	size_type _M_len;
        -:  604:	_Tp_alloc_type& _M_alloc;
        -:  605:
        -:  606:	_GLIBCXX20_CONSTEXPR
        -:  607:	_Guard(pointer __s, size_type __l, _Tp_alloc_type& __a)
        -:  608:	: _M_storage(__s), _M_len(__l), _M_alloc(__a)
        -:  609:	{ }
        -:  610:
        -:  611:	_GLIBCXX20_CONSTEXPR
        -:  612:	~_Guard()
        -:  613:	{
        -:  614:	  if (_M_storage)
        -:  615:	    __gnu_cxx::__alloc_traits<_Tp_alloc_type>::
        -:  616:	      deallocate(_M_alloc, _M_storage, _M_len);
        -:  617:	}
        -:  618:
        -:  619:      private:
        -:  620:	_Guard(const _Guard&);
        -:  621:      };
        -:  622:
        -:  623:      {
        1:  624:	_Guard __guard(__new_start, __len, _M_impl);
call    0 returned 1
        -:  625:
        -:  626:	// The order of the three operations is dictated by the C++11
        -:  627:	// case, where the moves could alter a new element belonging
        -:  628:	// to the existing vector.  This is an issue only for callers
        -:  629:	// taking the element by lvalue ref (see last bullet of C++11
        -:  630:	// [res.on.arguments]).
        -:  631:
        -:  632:	// If this throws, the existing elements are unchanged.
        -:  633:#if __cplusplus >= 201103L
        2:  634:	_Alloc_traits::construct(this->_M_impl,
call    0 returned 1
call    1 returned 1
        1:  635:				 std::__to_address(__new_start + __elems),
call    0 returned 1
        -:  636:				 std::forward<_Args>(__args)...);
        -:  637:#else
        -:  638:	_Alloc_traits::construct(this->_M_impl,
        -:  639:				 __new_start + __elems,
        -:  640:				 __x);
        -:  641:#endif
        -:  642:
        -:  643:#if __cplusplus >= 201103L
        -:  644:	if _GLIBCXX17_CONSTEXPR (_S_use_relocate())
        -:  645:	  {
        -:  646:	    // Relocation cannot throw.
        1:  647:	    __new_finish = _S_relocate(__old_start, __old_finish,
call    0 returned 1
        1:  648:				       __new_start, _M_get_Tp_allocator());
        1:  648-block 17
call    0 returned 1
        1:  649:	    ++__new_finish;
        -:  650:	  }
        -:  651:	else
        -:  652:#endif
        -:  653:	  {
        -:  654:	    // RAII type to destroy initialized elements.
        -:  655:	    struct _Guard_elts
        -:  656:	    {
        -:  657:	      pointer _M_first, _M_last;  // Elements to destroy
        -:  658:	      _Tp_alloc_type& _M_alloc;
        -:  659:
        -:  660:	      _GLIBCXX20_CONSTEXPR
        -:  661:	      _Guard_elts(pointer __elt, _Tp_alloc_type& __a)
        -:  662:	      : _M_first(__elt), _M_last(__elt + 1), _M_alloc(__a)
        -:  663:	      { }
        -:  664:
        -:  665:	      _GLIBCXX20_CONSTEXPR
        -:  666:	      ~_Guard_elts()
        -:  667:	      { std::_Destroy(_M_first, _M_last, _M_alloc); }
        -:  668:
        -:  669:	    private:
        -:  670:	      _Guard_elts(const _Guard_elts&);
        -:  671:	    };
        -:  672:
        -:  673:	    // Guard the new element so it will be destroyed if anything throws.
        -:  674:	    _Guard_elts __guard_elts(__new_start + __elems, _M_impl);
        -:  675:
        -:  676:	    __new_finish = std::__uninitialized_move_if_noexcept_a(
        -:  677:			     __old_start, __old_finish,
        -:  678:			     __new_start, _M_get_Tp_allocator());
        -:  679:
        -:  680:	    ++__new_finish;
        -:  681:
        -:  682:	    // New storage has been fully initialized, destroy the old elements.
        -:  683:	    __guard_elts._M_first = __old_start;
        -:  684:	    __guard_elts._M_last = __old_finish;
        -:  685:	  }
        1:  686:	__guard._M_storage = __old_start;
        1:  687:	__guard._M_len = this->_M_impl._M_end_of_storage - __old_start;
        1:  688:      }
call    0 returned 1
        -:  689:      // deallocate should be called before assignments to _M_impl,
        -:  690:      // to avoid call-clobbering
        -:  691:
        1:  692:      this->_M_impl._M_start = __new_start;
        1:  693:      this->_M_impl._M_finish = __new_finish;
        1:  694:      this->_M_impl._M_end_of_storage = __new_start + __len;
        1:  695:    }
------------------
_ZNSt6vectorI28VkDescriptorSetLayoutBindingSaIS0_EE17_M_realloc_appendIJRS0_EEEvDpOT_:
function _ZNSt6vectorI28VkDescriptorSetLayoutBindingSaIS0_EE17_M_realloc_appendIJRS0_EEEvDpOT_ called 3 returned 100% blocks executed 95%
        3:  581:      vector<_Tp, _Alloc>::
        -:  582:      _M_realloc_append(_Args&&... __args)
        -:  583:#else
        -:  584:  template<typename _Tp, typename _Alloc>
        -:  585:    void
        -:  586:    vector<_Tp, _Alloc>::
        -:  587:    _M_realloc_append(const _Tp& __x)
        -:  588:#endif
        -:  589:    {
        3:  590:      const size_type __len = _M_check_len(1u, "vector::_M_realloc_append");
        3:  590-block 2
call    0 returned 3
        3:  591:      if (__len <= 0)
branch  0 taken 0 (fallthrough)
branch  1 taken 3
    #####:  592:	__builtin_unreachable ();
    %%%%%:  592-block 4
call    0 never executed
        3:  593:      pointer __old_start = this->_M_impl._M_start;
        3:  594:      pointer __old_finish = this->_M_impl._M_finish;
        3:  595:      const size_type __elems = end() - begin();
        3:  595-block 5
call    0 returned 3
call    1 returned 3
call    2 returned 3
        3:  596:      pointer __new_start(this->_M_allocate(__len));
call    0 returned 3
        3:  597:      pointer __new_finish(__new_start);
        -:  598:
        -:  599:      // RAII guard for allocated storage.
        -:  600:      struct _Guard
        -:  601:      {
        -:  602:	pointer _M_storage;	    // Storage to deallocate
        -:  603:	size_type _M_len;
        -:  604:	_Tp_alloc_type& _M_alloc;
        -:  605:
        -:  606:	_GLIBCXX20_CONSTEXPR
        -:  607:	_Guard(pointer __s, size_type __l, _Tp_alloc_type& __a)
        -:  608:	: _M_storage(__s), _M_len(__l), _M_alloc(__a)
        -:  609:	{ }
        -:  610:
        -:  611:	_GLIBCXX20_CONSTEXPR
        -:  612:	~_Guard()
        -:  613:	{
        -:  614:	  if (_M_storage)
        -:  615:	    __gnu_cxx::__alloc_traits<_Tp_alloc_type>::
        -:  616:	      deallocate(_M_alloc, _M_storage, _M_len);
        -:  617:	}
        -:  618:
        -:  619:      private:
        -:  620:	_Guard(const _Guard&);
        -:  621:      };
        -:  622:
        -:  623:      {
        3:  624:	_Guard __guard(__new_start, __len, _M_impl);
call    0 returned 3
        -:  625:
        -:  626:	// The order of the three operations is dictated by the C++11
        -:  627:	// case, where the moves could alter a new element belonging
        -:  628:	// to the existing vector.  This is an issue only for callers
        -:  629:	// taking the element by lvalue ref (see last bullet of C++11
        -:  630:	// [res.on.arguments]).
        -:  631:
        -:  632:	// If this throws, the existing elements are unchanged.
        -:  633:#if __cplusplus >= 201103L
        6:  634:	_Alloc_traits::construct(this->_M_impl,
call    0 returned 3
call    1 returned 3
        3:  635:				 std::__to_address(__new_start + __elems),
call    0 returned 3
        -:  636:				 std::forward<_Args>(__args)...);
        -:  637:#else
        -:  638:	_Alloc_traits::construct(this->_M_impl,
        -:  639:				 __new_start + __elems,
        -:  640:				 __x);
        -:  641:#endif
        -:  642:
        -:  643:#if __cplusplus >= 201103L
        -:  644:	if _GLIBCXX17_CONSTEXPR (_S_use_relocate())
        -:  645:	  {
        -:  646:	    // Relocation cannot throw.
        3:  647:	    __new_finish = _S_relocate(__old_start, __old_finish,
call    0 returned 3
        3:  648:				       __new_start, _M_get_Tp_allocator());
        3:  648-block 17
call    0 returned 3
        3:  649:	    ++__new_finish;
        -:  650:	  }
        -:  651:	else
        -:  652:#endif
        -:  653:	  {
        -:  654:	    // RAII type to destroy initialized elements.
        -:  655:	    struct _Guard_elts
        -:  656:	    {
        -:  657:	      pointer _M_first, _M_last;  // Elements to destroy
        -:  658:	      _Tp_alloc_type& _M_alloc;
        -:  659:
        -:  660:	      _GLIBCXX20_CONSTEXPR
        -:  661:	      _Guard_elts(pointer __elt, _Tp_alloc_type& __a)
        -:  662:	      : _M_first(__elt), _M_last(__elt + 1), _M_alloc(__a)
        -:  663:	      { }
        -:  664:
        -:  665:	      _GLIBCXX20_CONSTEXPR
        -:  666:	      ~_Guard_elts()
        -:  667:	      { std::_Destroy(_M_first, _M_last, _M_alloc); }
        -:  668:
        -:  669:	    private:
        -:  670:	      _Guard_elts(const _Guard_elts&);
        -:  671:	    };
        -:  672:
        -:  673:	    // Guard the new element so it will be destroyed if anything throws.
        -:  674:	    _Guard_elts __guard_elts(__new_start + __elems, _M_impl);
        -:  675:
        -:  676:	    __new_finish = std::__uninitialized_move_if_noexcept_a(
        -:  677:			     __old_start, __old_finish,
        -:  678:			     __new_start, _M_get_Tp_allocator());
        -:  679:
        -:  680:	    ++__new_finish;
        -:  681:
        -:  682:	    // New storage has been fully initialized, destroy the old elements.
        -:  683:	    __guard_elts._M_first = __old_start;
        -:  684:	    __guard_elts._M_last = __old_finish;
        -:  685:	  }
        3:  686:	__guard._M_storage = __old_start;
        3:  687:	__guard._M_len = this->_M_impl._M_end_of_storage - __old_start;
        3:  688:      }
call    0 returned 3
        -:  689:      // deallocate should be called before assignments to _M_impl,
        -:  690:      // to avoid call-clobbering
        -:  691:
        3:  692:      this->_M_impl._M_start = __new_start;
        3:  693:      this->_M_impl._M_finish = __new_finish;
        3:  694:      this->_M_impl._M_end_of_storage = __new_start + __len;
        3:  695:    }
------------------
_ZNSt6vectorI6VertexSaIS0_EE17_M_realloc_appendIJRKS0_EEEvDpOT_:
function _ZNSt6vectorI6VertexSaIS0_EE17_M_realloc_appendIJRKS0_EEEvDpOT_ called 0 returned 0% blocks executed 0%
    #####:  581:      vector<_Tp, _Alloc>::
        -:  582:      _M_realloc_append(_Args&&... __args)
        -:  583:#else
        -:  584:  template<typename _Tp, typename _Alloc>
        -:  585:    void
        -:  586:    vector<_Tp, _Alloc>::
        -:  587:    _M_realloc_append(const _Tp& __x)
        -:  588:#endif
        -:  589:    {
    #####:  590:      const size_type __len = _M_check_len(1u, "vector::_M_realloc_append");
    %%%%%:  590-block 2
call    0 never executed
    #####:  591:      if (__len <= 0)
branch  0 never executed (fallthrough)
branch  1 never executed
    #####:  592:	__builtin_unreachable ();
    %%%%%:  592-block 4
call    0 never executed
    #####:  593:      pointer __old_start = this->_M_impl._M_start;
    #####:  594:      pointer __old_finish = this->_M_impl._M_finish;
    #####:  595:      const size_type __elems = end() - begin();
    %%%%%:  595-block 5
call    0 never executed
call    1 never executed
call    2 never executed
    #####:  596:      pointer __new_start(this->_M_allocate(__len));
call    0 never executed
    #####:  597:      pointer __new_finish(__new_start);
        -:  598:
        -:  599:      // RAII guard for allocated storage.
        -:  600:      struct _Guard
        -:  601:      {
        -:  602:	pointer _M_storage;	    // Storage to deallocate
        -:  603:	size_type _M_len;
        -:  604:	_Tp_alloc_type& _M_alloc;
        -:  605:
        -:  606:	_GLIBCXX20_CONSTEXPR
        -:  607:	_Guard(pointer __s, size_type __l, _Tp_alloc_type& __a)
        -:  608:	: _M_storage(__s), _M_len(__l), _M_alloc(__a)
        -:  609:	{ }
        -:  610:
        -:  611:	_GLIBCXX20_CONSTEXPR
        -:  612:	~_Guard()
        -:  613:	{
        -:  614:	  if (_M_storage)
        -:  615:	    __gnu_cxx::__alloc_traits<_Tp_alloc_type>::
        -:  616:	      deallocate(_M_alloc, _M_storage, _M_len);
        -:  617:	}
        -:  618:
        -:  619:      private:
        -:  620:	_Guard(const _Guard&);
        -:  621:      };
        -:  622:
        -:  623:      {
    #####:  624:	_Guard __guard(__new_start, __len, _M_impl);
call    0 never executed
        -:  625:
        -:  626:	// The order of the three operations is dictated by the C++11
        -:  627:	// case, where the moves could alter a new element belonging
        -:  628:	// to the existing vector.  This is an issue only for callers
        -:  629:	// taking the element by lvalue ref (see last bullet of C++11
        -:  630:	// [res.on.arguments]).
        -:  631:
        -:  632:	// If this throws, the existing elements are unchanged.
        -:  633:#if __cplusplus >= 201103L
    #####:  634:	_Alloc_traits::construct(this->_M_impl,
call    0 never executed
call    1 never executed
    #####:  635:				 std::__to_address(__new_start + __elems),
call    0 never executed
        -:  636:				 std::forward<_Args>(__args)...);
        -:  637:#else
        -:  638:	_Alloc_traits::construct(this->_M_impl,
        -:  639:				 __new_start + __elems,
        -:  640:				 __x);
        -:  641:#endif
        -:  642:
        -:  643:#if __cplusplus >= 201103L
        -:  644:	if _GLIBCXX17_CONSTEXPR (_S_use_relocate())
        -:  645:	  {
        -:  646:	    // Relocation cannot throw.
    #####:  647:	    __new_finish = _S_relocate(__old_start, __old_finish,
call    0 never executed
    #####:  648:				       __new_start, _M_get_Tp_allocator());
    %%%%%:  648-block 17
call    0 never executed
    #####:  649:	    ++__new_finish;
        -:  650:	  }
        -:  651:	else
        -:  652:#endif
        -:  653:	  {
        -:  654:	    // RAII type to destroy initialized elements.
        -:  655:	    struct _Guard_elts
        -:  656:	    {
        -:  657:	      pointer _M_first, _M_last;  // Elements to destroy
        -:  658:	      _Tp_alloc_type& _M_alloc;
        -:  659:
        -:  660:	      _GLIBCXX20_CONSTEXPR
        -:  661:	      _Guard_elts(pointer __elt, _Tp_alloc_type& __a)
        -:  662:	      : _M_first(__elt), _M_last(__elt + 1), _M_alloc(__a)
        -:  663:	      { }
        -:  664:
        -:  665:	      _GLIBCXX20_CONSTEXPR
        -:  666:	      ~_Guard_elts()
        -:  667:	      { std::_Destroy(_M_first, _M_last, _M_alloc); }
        -:  668:
        -:  669:	    private:
        -:  670:	      _Guard_elts(const _Guard_elts&);
        -:  671:	    };
        -:  672:
        -:  673:	    // Guard the new element so it will be destroyed if anything throws.
        -:  674:	    _Guard_elts __guard_elts(__new_start + __elems, _M_impl);
        -:  675:
        -:  676:	    __new_finish = std::__uninitialized_move_if_noexcept_a(
        -:  677:			     __old_start, __old_finish,
        -:  678:			     __new_start, _M_get_Tp_allocator());
        -:  679:
        -:  680:	    ++__new_finish;
        -:  681:
        -:  682:	    // New storage has been fully initialized, destroy the old elements.
        -:  683:	    __guard_elts._M_first = __old_start;
        -:  684:	    __guard_elts._M_last = __old_finish;
        -:  685:	  }
    #####:  686:	__guard._M_storage = __old_start;
    #####:  687:	__guard._M_len = this->_M_impl._M_end_of_storage - __old_start;
    #####:  688:      }
call    0 never executed
        -:  689:      // deallocate should be called before assignments to _M_impl,
        -:  690:      // to avoid call-clobbering
        -:  691:
    #####:  692:      this->_M_impl._M_start = __new_start;
    #####:  693:      this->_M_impl._M_finish = __new_finish;
    #####:  694:      this->_M_impl._M_end_of_storage = __new_start + __len;
    #####:  695:    }
------------------
        -:  696:
        -:  697:  template<typename _Tp, typename _Alloc>
        -:  698:    _GLIBCXX20_CONSTEXPR
        -:  699:    void
        -:  700:    vector<_Tp, _Alloc>::
        -:  701:    _M_fill_insert(iterator __position, size_type __n, const value_type& __x)
        -:  702:    {
        -:  703:      if (__n != 0)
        -:  704:	{
        -:  705:	  if (size_type(this->_M_impl._M_end_of_storage
        -:  706:			- this->_M_impl._M_finish) >= __n)
        -:  707:	    {
        -:  708:#if __cplusplus < 201103L
        -:  709:	      value_type __x_copy = __x;
        -:  710:#else
        -:  711:	      _Temporary_value __tmp(this, __x);
        -:  712:	      value_type& __x_copy = __tmp._M_val();
        -:  713:#endif
        -:  714:	      const size_type __elems_after = end() - __position;
        -:  715:	      pointer __old_finish(this->_M_impl._M_finish);
        -:  716:	      if (__elems_after > __n)
        -:  717:		{
        -:  718:		  _GLIBCXX_ASAN_ANNOTATE_GROW(__n);
        -:  719:		  std::__uninitialized_move_a(__old_finish - __n,
        -:  720:					      __old_finish,
        -:  721:					      __old_finish,
        -:  722:					      _M_get_Tp_allocator());
        -:  723:		  this->_M_impl._M_finish += __n;
        -:  724:		  _GLIBCXX_ASAN_ANNOTATE_GREW(__n);
        -:  725:		  _GLIBCXX_MOVE_BACKWARD3(__position.base(),
        -:  726:					  __old_finish - __n, __old_finish);
        -:  727:		  std::fill(__position.base(), __position.base() + __n,
        -:  728:			    __x_copy);
        -:  729:		}
        -:  730:	      else
        -:  731:		{
        -:  732:		  _GLIBCXX_ASAN_ANNOTATE_GROW(__n);
        -:  733:		  this->_M_impl._M_finish =
        -:  734:		    std::__uninitialized_fill_n_a(__old_finish,
        -:  735:						  __n - __elems_after,
        -:  736:						  __x_copy,
        -:  737:						  _M_get_Tp_allocator());
        -:  738:		  _GLIBCXX_ASAN_ANNOTATE_GREW(__n - __elems_after);
        -:  739:		  std::__uninitialized_move_a(__position.base(), __old_finish,
        -:  740:					      this->_M_impl._M_finish,
        -:  741:					      _M_get_Tp_allocator());
        -:  742:		  this->_M_impl._M_finish += __elems_after;
[...]
        -:  824:	    }
        -:  825:	  else
        -:  826:	    {
        -:  827:	      // Make local copies of these members because the compiler thinks
        -:  828:	      // the allocator can alter them if 'this' is globally reachable.
        3:  829:	      pointer __old_start = this->_M_impl._M_start;
        3:  830:	      pointer __old_finish = this->_M_impl._M_finish;
        -:  831:
        -:  832:	      const size_type __len =
        3:  833:		_M_check_len(__n, "vector::_M_default_append");
        3:  833-block 16
call    0 returned 3
        3:  834:	      pointer __new_start(this->_M_allocate(__len));
call    0 returned 3
        -:  835:
        -:  836:	      // RAII guard for allocated storage.
        -:  837:	      struct _Guard
        -:  838:	      {
        -:  839:		pointer _M_storage;         // Storage to deallocate
        -:  840:		size_type _M_len;
        -:  841:		_Tp_alloc_type& _M_alloc;
        -:  842:
        -:  843:		_GLIBCXX20_CONSTEXPR
        -:  844:		_Guard(pointer __s, size_type __l, _Tp_alloc_type& __a)
        -:  845:		: _M_storage(__s), _M_len(__l), _M_alloc(__a)
        -:  846:		{ }
        -:  847:
        -:  848:		_GLIBCXX20_CONSTEXPR
        -:  849:		~_Guard()
        -:  850:		{
        -:  851:		  if (_M_storage)
        -:  852:		    __gnu_cxx::__alloc_traits<_Tp_alloc_type>::
        -:  853:		      deallocate(_M_alloc, _M_storage, _M_len);
        -:  854:		}
        -:  855:
        -:  856:	      private:
        -:  857:		_Guard(const _Guard&);
        -:  858:	      };
        -:  859:
        -:  860:	      {
        3:  861:		_Guard __guard(__new_start, __len, _M_impl);
call    0 returned 3
        -:  862:
        3:  863:		std::__uninitialized_default_n_a(__new_start + __size, __n,
call    0 returned 3
branch  1 taken 3 (fallthrough)
branch  2 taken 0 (throw)
        3:  864:						 _M_get_Tp_allocator());
call    0 returned 3
        -:  865:
        -:  866:		if _GLIBCXX17_CONSTEXPR (_S_use_relocate())
        -:  867:		  {
        3:  868:		    _S_relocate(__old_start, __old_finish,
call    0 returned 3
        3:  869:				__new_start, _M_get_Tp_allocator());
        3:  869-block 21
call    0 returned 3
        -:  870:		  }
        -:  871:		else
        -:  872:		  {
        -:  873:		    // RAII type to destroy initialized elements.
        -:  874:		    struct _Guard_elts
        -:  875:		    {
        -:  876:		      pointer _M_first, _M_last;  // Elements to destroy
        -:  877:		      _Tp_alloc_type& _M_alloc;
        -:  878:
        -:  879:		      _GLIBCXX20_CONSTEXPR
        -:  880:		      _Guard_elts(pointer __first, size_type __n,
        -:  881:				  _Tp_alloc_type& __a)
        -:  882:		      : _M_first(__first), _M_last(__first + __n), _M_alloc(__a)
        -:  883:		      { }
        -:  884:
        -:  885:		      _GLIBCXX20_CONSTEXPR
        -:  886:		      ~_Guard_elts()
        -:  887:		      { std::_Destroy(_M_first, _M_last, _M_alloc); }
        -:  888:
        -:  889:		    private:
        -:  890:		      _Guard_elts(const _Guard_elts&);
        -:  891:		    };
        -:  892:		    _Guard_elts __guard_elts(__new_start + __size, __n, _M_impl);
        -:  893:
        -:  894:		    std::__uninitialized_move_if_noexcept_a(
        -:  895:		      __old_start, __old_finish, __new_start,
        -:  896:		      _M_get_Tp_allocator());
        -:  897:
        -:  898:		    __guard_elts._M_first = __old_start;
        -:  899:		    __guard_elts._M_last = __old_finish;
        -:  900:		  }
        -:  901:		_GLIBCXX_ASAN_ANNOTATE_REINIT;
        3:  902:		__guard._M_storage = __old_start;
        3:  903:		__guard._M_len = this->_M_impl._M_end_of_storage - __old_start;
        3:  904:	      }
call    0 returned 3
    $$$$$:  904-block 26
call    1 never executed
        -:  905:	      // deallocate should be called before assignments to _M_impl,
        -:  906:	      // to avoid call-clobbering
        -:  907:
        3:  908:	      this->_M_impl._M_start = __new_start;
        3:  909:	      this->_M_impl._M_finish = __new_start + __size + __n;
        3:  910:	      this->_M_impl._M_end_of_storage = __new_start + __len;
        -:  911:	    }
        -:  912:	}
        3:  913:    }
        3:  913-block 25
------------------
        -:  914:
        -:  915:  template<typename _Tp, typename _Alloc>
        -:  916:    _GLIBCXX20_CONSTEXPR
        -:  917:    bool
        -:  918:    vector<_Tp, _Alloc>::
        -:  919:    _M_shrink_to_fit()
        -:  920:    {
        -:  921:      if (capacity() == size())
        -:  922:	return false;
        -:  923:      _GLIBCXX_ASAN_ANNOTATE_REINIT;
        -:  924:      return std::__shrink_to_fit_aux<vector>::_S_do_it(*this);
        -:  925:    }
        -:  926:#endif
        -:  927:
        -:  928:  template<typename _Tp, typename _Alloc>
        -:  929:    template<typename _InputIterator>
        -:  930:      _GLIBCXX20_CONSTEXPR
        -:  931:      void
        -:  932:      vector<_Tp, _Alloc>::
        -:  933:      _M_range_insert(iterator __pos, _InputIterator __first,
        -:  934:		      _InputIterator __last, std::input_iterator_tag)
        -:  935:      {
        -:  936:	if (__pos == end())
        -:  937:	  {
        -:  938:	    for (; __first != __last; ++__first)
        -:  939:	      insert(end(), *__first);
        -:  940:	  }
        -:  941:	else if (__first != __last)
        -:  942:	  {
        -:  943:	    vector __tmp(__first, __last, _M_get_Tp_allocator());
        -:  944:	    insert(__pos,
        -:  945:		   _GLIBCXX_MAKE_MOVE_ITERATOR(__tmp.begin()),
        -:  946:		   _GLIBCXX_MAKE_MOVE_ITERATOR(__tmp.end()));
        -:  947:	  }
        -:  948:      }
        -:  949:
        -:  950:  template<typename _Tp, typename _Alloc>
        -:  951:    template<typename _ForwardIterator>
        -:  952:      _GLIBCXX20_CONSTEXPR
        -:  953:      void
        -:  954:      vector<_Tp, _Alloc>::
        -:  955:      _M_range_insert(iterator __position, _ForwardIterator __first,
        -:  956:		      _ForwardIterator __last, std::forward_iterator_tag)
        -:  957:      {
        -:  958:	if (__first != __last)
        -:  959:	  {
        -:  960:	    const size_type __n = std::distance(__first, __last);
        -:  961:	    if (size_type(this->_M_impl._M_end_of_storage
        -:  962:			  - this->_M_impl._M_finish) >= __n)
        -:  963:	      {
        -:  964:		const size_type __elems_after = end() - __position;
        -:  965:		pointer __old_finish(this->_M_impl._M_finish);
        -:  966:		if (__elems_after > __n)
        -:  967:		  {
        -:  968:		    _GLIBCXX_ASAN_ANNOTATE_GROW(__n);
        -:  969:		    std::__uninitialized_move_a(this->_M_impl._M_finish - __n,
        -:  970:						this->_M_impl._M_finish,
        -:  971:						this->_M_impl._M_finish,
        -:  972:						_M_get_Tp_allocator());
        -:  973:		    this->_M_impl._M_finish += __n;
        -:  974:		    _GLIBCXX_ASAN_ANNOTATE_GREW(__n);
        -:  975:		    _GLIBCXX_MOVE_BACKWARD3(__position.base(),
        -:  976:					    __old_finish - __n, __old_finish);
        -:  977:		    std::copy(__first, __last, __position);
        -:  978:		  }
        -:  979:		else
        -:  980:		  {
        -:  981:		    _ForwardIterator __mid = __first;
        -:  982:		    std::advance(__mid, __elems_after);
        -:  983:		    _GLIBCXX_ASAN_ANNOTATE_GROW(__n);
        -:  984:		    std::__uninitialized_copy_a(__mid, __last,
        -:  985:						this->_M_impl._M_finish,
        -:  986:						_M_get_Tp_allocator());
        -:  987:		    this->_M_impl._M_finish += __n - __elems_after;
        -:  988:		    _GLIBCXX_ASAN_ANNOTATE_GREW(__n - __elems_after);
        -:  989:		    std::__uninitialized_move_a(__position.base(),
        -:  990:						__old_finish,
        -:  991:						this->_M_impl._M_finish,
        -:  992:						_M_get_Tp_allocator());
        -:  993:		    this->_M_impl._M_finish += __elems_after;
        -:  994:		    _GLIBCXX_ASAN_ANNOTATE_GREW(__elems_after);
        -:  995:		    std::copy(__first, __mid, __position);
        -:  996:		  }
        -:  997:	      }
        -:  998:	    else
        -:  999:	      {
        -: 1000:		// Make local copies of these members because the compiler
        -: 1001:		// thinks the allocator can alter them if 'this' is globally
        -: 1002:		// reachable.
        -: 1003:		pointer __old_start = this->_M_impl._M_start;
        -: 1004:		pointer __old_finish = this->_M_impl._M_finish;
        -: 1005:
        -: 1006:		const size_type __len =
        -: 1007:		  _M_check_len(__n, "vector::_M_range_insert");
        -: 1008:#if __cplusplus < 201103LL
        -: 1009:		if (__len < (__n + (__old_start - __old_finish)))
        -: 1010:		  __builtin_unreachable();
        -: 1011:#endif
        -: 1012:
        -: 1013:		pointer __new_start(this->_M_allocate(__len));
        -: 1014:		pointer __new_finish(__new_start);
        -: 1015:		__try
        -: 1016:		  {
        -: 1017:		    __new_finish
        -: 1018:		      = std::__uninitialized_move_if_noexcept_a
        -: 1019:		      (__old_start, __position.base(),
        -: 1020:		       __new_start, _M_get_Tp_allocator());
        -: 1021:		    __new_finish
        -: 1022:		      = std::__uninitialized_copy_a(__first, __last,
        -: 1023:						    __new_finish,
        -: 1024:						    _M_get_Tp_allocator());
        -: 1025:		    __new_finish
        -: 1026:		      = std::__uninitialized_move_if_noexcept_a
        -: 1027:		      (__position.base(), __old_finish,
        -: 1028:		       __new_finish, _M_get_Tp_allocator());
        -: 1029:		  }
        -: 1030:		__catch(...)
        -: 1031:		  {
        -: 1032:		    std::_Destroy(__new_start, __new_finish,
        -: 1033:				  _M_get_Tp_allocator());
        -: 1034:		    _M_deallocate(__new_start, __len);
        -: 1035:		    __throw_exception_again;
        -: 1036:		  }
        -: 1037:		std::_Destroy(__old_start, __old_finish,
        -: 1038:			      _M_get_Tp_allocator());
        -: 1039:		_GLIBCXX_ASAN_ANNOTATE_REINIT;
        -: 1040:		_M_deallocate(__old_start,
        -: 1041:			      this->_M_impl._M_end_of_storage - __old_start);
        -: 1042:		this->_M_impl._M_start = __new_start;
        -: 1043:		this->_M_impl._M_finish = __new_finish;
        -: 1044:		this->_M_impl._M_end_of_storage = __new_start + __len;
        -: 1045:	      }
        -: 1046:	  }
        -: 1047:      }
        -: 1048:
        -: 1049:
        -: 1050:  // vector<bool>
        -: 1051:  template<typename _Alloc>
        -: 1052:    _GLIBCXX20_CONSTEXPR
        -: 1053:    void
        -: 1054:    vector<bool, _Alloc>::
        -: 1055:    _M_reallocate(size_type __n)
        -: 1056:    {
        -: 1057:      _Bit_pointer __q = this->_M_allocate(__n);
        -: 1058:      iterator __start(std::__addressof(*__q), 0);
        -: 1059:      iterator __finish(_M_copy_aligned(begin(), end(), __start));
        -: 1060:      this->_M_deallocate();
        -: 1061:      this->_M_impl._M_start = __start;
        -: 1062:      this->_M_impl._M_finish = __finish;
        -: 1063:      this->_M_impl._M_end_of_storage = __q + _S_nword(__n);
        -: 1064:    }
        -: 1065:
        -: 1066:  template<typename _Alloc>
        -: 1067:    _GLIBCXX20_CONSTEXPR
        -: 1068:    void
        -: 1069:    vector<bool, _Alloc>::
        -: 1070:    _M_fill_insert(iterator __position, size_type __n, bool __x)
        -: 1071:    {
        -: 1072:      if (__n == 0)
        -: 1073:	return;
        -: 1074:      if (capacity() - size() >= __n)
        -: 1075:	{
        -: 1076:	  std::copy_backward(__position, end(),
        -: 1077:			     this->_M_impl._M_finish + difference_type(__n));
        -: 1078:	  std::fill(__position, __position + difference_type(__n), __x);
        -: 1079:	  this->_M_impl._M_finish += difference_type(__n);
        -: 1080:	}
        -: 1081:      else
        -: 1082:	{
        -: 1083:	  const size_type __len = 
        -: 1084:	    _M_check_len(__n, "vector<bool>::_M_fill_insert");
        -: 1085:	  _Bit_pointer __q = this->_M_allocate(__len);
        -: 1086:	  iterator __start(std::__addressof(*__q), 0);
        -: 1087:	  iterator __i = _M_copy_aligned(begin(), __position, __start);
        -: 1088:	  std::fill(__i, __i + difference_type(__n), __x);
        -: 1089:	  iterator __finish = std::copy(__position, end(),
        -: 1090:					__i + difference_type(__n));
        -: 1091:	  this->_M_deallocate();
        -: 1092:	  this->_M_impl._M_end_of_storage = __q + _S_nword(__len);
        -: 1093:	  this->_M_impl._M_start = __start;
        -: 1094:	  this->_M_impl._M_finish = __finish;
        -: 1095:	}
        -: 1096:    }
        -: 1097:
        -: 1098:  template<typename _Alloc>
        -: 1099:    template<typename _ForwardIterator>
        -: 1100:      _GLIBCXX20_CONSTEXPR
        -: 1101:      void
        -: 1102:      vector<bool, _Alloc>::
        -: 1103:      _M_insert_range(iterator __position, _ForwardIterator __first, 
        -: 1104:		      _ForwardIterator __last, std::forward_iterator_tag)
        -: 1105:      {
        -: 1106:	if (__first != __last)
        -: 1107:	  {
        -: 1108:	    size_type __n = std::distance(__first, __last);
        -: 1109:	    if (capacity() - size() >= __n)
        -: 1110:	      {
        -: 1111:		std::copy_backward(__position, end(),
        -: 1112:				   this->_M_impl._M_finish
        -: 1113:				   + difference_type(__n));
        -: 1114:		std::copy(__first, __last, __position);
        -: 1115:		this->_M_impl._M_finish += difference_type(__n);
        -: 1116:	      }
        -: 1117:	    else
        -: 1118:	      {
        -: 1119:		const size_type __len =
        -: 1120:		  _M_check_len(__n, "vector<bool>::_M_insert_range");
        -: 1121:		const iterator __begin = begin(), __end = end();
        -: 1122:		_Bit_pointer __q = this->_M_allocate(__len);
        -: 1123:		iterator __start(std::__addressof(*__q), 0);
        -: 1124:		iterator __i = _M_copy_aligned(__begin, __position, __start);
        -: 1125:		__i = std::copy(__first, __last, __i);
        -: 1126:		iterator __finish = std::copy(__position, __end, __i);
        -: 1127:		this->_M_deallocate();
        -: 1128:		this->_M_impl._M_end_of_storage = __q + _S_nword(__len);
        -: 1129:		this->_M_impl._M_start = __start;
        -: 1130:		this->_M_impl._M_finish = __finish;
        -: 1131:	      }
        -: 1132:	  }
        -: 1133:      }
        -: 1134:
        -: 1135:  template<typename _Alloc>
        -: 1136:    _GLIBCXX20_CONSTEXPR
        -: 1137:    void
        -: 1138:    vector<bool, _Alloc>::
        -: 1139:    _M_insert_aux(iterator __position, bool __x)
        -: 1140:    {
        -: 1141:      if (this->_M_impl._M_finish._M_p != this->_M_impl._M_end_addr())
        -: 1142:	{
        -: 1143:	  std::copy_backward(__position, this->_M_impl._M_finish, 
        -: 1144:			     this->_M_impl._M_finish + 1);
        -: 1145:	  *__position = __x;
        -: 1146:	  ++this->_M_impl._M_finish;
        -: 1147:	}
        -: 1148:      else
        -: 1149:	{
        -: 1150:	  const size_type __len =
        -: 1151:	    _M_check_len(size_type(1), "vector<bool>::_M_insert_aux");
        -: 1152:	  _Bit_pointer __q = this->_M_allocate(__len);
        -: 1153:	  iterator __start(std::__addressof(*__q), 0);
        -: 1154:	  iterator __i = _M_copy_aligned(begin(), __position, __start);
        -: 1155:	  *__i++ = __x;
        -: 1156:	  iterator __finish = std::copy(__position, end(), __i);
        -: 1157:	  this->_M_deallocate();
        -: 1158:	  this->_M_impl._M_end_of_storage = __q + _S_nword(__len);
        -: 1159:	  this->_M_impl._M_start = __start;
        -: 1160:	  this->_M_impl._M_finish = __finish;
        -: 1161:	}
        -: 1162:    }
        -: 1163:
        -: 1164:  template<typename _Alloc>
        -: 1165:    _GLIBCXX20_CONSTEXPR
        -: 1166:    typename vector<bool, _Alloc>::iterator
        -: 1167:    vector<bool, _Alloc>::
        -: 1168:    _M_erase(iterator __position)
        -: 1169:    {
        -: 1170:      if (__position + 1 != end())
        -: 1171:        std::copy(__position + 1, end(), __position);
        -: 1172:      --this->_M_impl._M_finish;
        -: 1173:      return __position;
        -: 1174:    }
        -: 1175:
        -: 1176:  template<typename _Alloc>
        -: 1177:    _GLIBCXX20_CONSTEXPR
        -: 1178:    typename vector<bool, _Alloc>::iterator
        -: 1179:    vector<bool, _Alloc>::
        -: 1180:    _M_erase(iterator __first, iterator __last)
        -: 1181:    {
        -: 1182:      if (__first != __last)
        -: 1183:	_M_erase_at_end(std::copy(__last, end(), __first));
        -: 1184:      return __first;
        -: 1185:    }
        -: 1186:
        -: 1187:#if __cplusplus >= 201103L
        -: 1188:  template<typename _Alloc>
        -: 1189:    _GLIBCXX20_CONSTEXPR
        -: 1190:    bool
        -: 1191:    vector<bool, _Alloc>::
        -: 1192:    _M_shrink_to_fit()
        -: 1193:    {
        -: 1194:      if (capacity() - size() < int(_S_word_bit))
        -: 1195:	return false;
        -: 1196:      __try
        -: 1197:	{
        -: 1198:	  if (size_type __n = size())
        -: 1199:	    _M_reallocate(__n);
        -: 1200:	  else
        -: 1201:	    {
        -: 1202:	      this->_M_deallocate();
        -: 1203:	      this->_M_impl._M_reset();
        -: 1204:	    }
        -: 1205:	  return true;
        -: 1206:	}
        -: 1207:      __catch(...)
        -: 1208:	{ return false; }
        -: 1209:    }
        -: 1210:#endif
        -: 1211:
        -: 1212:_GLIBCXX_END_NAMESPACE_CONTAINER
        -: 1213:_GLIBCXX_END_NAMESPACE_VERSION
        -: 1214:} // namespace std
        -: 1215:
        -: 1216:#if __cplusplus >= 201103L
        -: 1217:
        -: 1218:namespace std _GLIBCXX_VISIBILITY(default)
        -: 1219:{
        -: 1220:_GLIBCXX_BEGIN_NAMESPACE_VERSION
        -: 1221:
        -: 1222:  template<typename _Alloc>
        -: 1223:    size_t
        -: 1224:    hash<_GLIBCXX_STD_C::vector<bool, _Alloc>>::
        -: 1225:    operator()(const _GLIBCXX_STD_C::vector<bool, _Alloc>& __b) const noexcept
        -: 1226:    {
        -: 1227:      size_t __hash = 0;
        -: 1228:      const size_t __words = __b.size() / _S_word_bit;
        -: 1229:      if (__words)
        -: 1230:	{
        -: 1231:	  const size_t __clength = __words * sizeof(_Bit_type);
        -: 1232:	  __hash = std::_Hash_impl::hash(__b._M_impl._M_start._M_p, __clength);
        -: 1233:	}
        -: 1234:
        -: 1235:      const size_t __extrabits = __b.size() % _S_word_bit;
        -: 1236:      if (__extrabits)
        -: 1237:	{
        -: 1238:	  _Bit_type __hiword = *__b._M_impl._M_finish._M_p;
        -: 1239:	  __hiword &= ~((~static_cast<_Bit_type>(0)) << __extrabits);
        -: 1240:
        -: 1241:	  const size_t __clength
        -: 1242:	    = (__extrabits + __CHAR_BIT__ - 1) / __CHAR_BIT__;
        -: 1243:	  if (__words)
        -: 1244:	    __hash = std::_Hash_impl::hash(&__hiword, __clength, __hash);
        -: 1245:	  else
        -: 1246:	    __hash = std::_Hash_impl::hash(&__hiword, __clength);
        -: 1247:	}
        -: 1248:
        -: 1249:      return __hash;
        -: 1250:    }
        -: 1251:
        -: 1252:_GLIBCXX_END_NAMESPACE_VERSION
        -: 1253:} // namespace std
        -: 1254:
        -: 1255:#endif // C++11
        -: 1256:
        -: 1257:#undef _GLIBCXX_ASAN_ANNOTATE_REINIT
        -: 1258:#undef _GLIBCXX_ASAN_ANNOTATE_GROW
        -: 1259:#undef _GLIBCXX_ASAN_ANNOTATE_GREW
        -: 1260:#undef _GLIBCXX_ASAN_ANNOTATE_SHRINK
        -: 1261:
        -: 1262:#endif /* _VECTOR_TCC */
