        -:    0:Source:/usr/include/c++/14/bits/stl_tree.h
        -:    0:Graph:/home/wpsimon09/Desktop/LearningVulkan/Vulkan/cmake-build-debug-coverage/CMakeFiles/LearnVulkan.dir/Includes/VulkanApp.cpp.gcno
        -:    0:Data:/home/wpsimon09/Desktop/LearningVulkan/Vulkan/cmake-build-debug-coverage/CMakeFiles/LearnVulkan.dir/Includes/VulkanApp.cpp.gcda
        -:    0:Runs:1
        -:    1:// RB tree implementation -*- C++ -*-
        -:    2:
        -:    3:// Copyright (C) 2001-2024 Free Software Foundation, Inc.
        -:    4://
        -:    5:// This file is part of the GNU ISO C++ Library.  This library is free
        -:    6:// software; you can redistribute it and/or modify it under the
        -:    7:// terms of the GNU General Public License as published by the
        -:    8:// Free Software Foundation; either version 3, or (at your option)
        -:    9:// any later version.
        -:   10:
        -:   11:// This library is distributed in the hope that it will be useful,
        -:   12:// but WITHOUT ANY WARRANTY; without even the implied warranty of
        -:   13:// MERCHANTABILITY or FITNESS FOR A PARTICULAR PURPOSE.  See the
        -:   14:// GNU General Public License for more details.
        -:   15:
        -:   16:// Under Section 7 of GPL version 3, you are granted additional
        -:   17:// permissions described in the GCC Runtime Library Exception, version
        -:   18:// 3.1, as published by the Free Software Foundation.
        -:   19:
        -:   20:// You should have received a copy of the GNU General Public License and
        -:   21:// a copy of the GCC Runtime Library Exception along with this program;
        -:   22:// see the files COPYING3 and COPYING.RUNTIME respectively.  If not, see
        -:   23:// <http://www.gnu.org/licenses/>.
        -:   24:
        -:   25:/*
        -:   26: *
        -:   27: * Copyright (c) 1996,1997
        -:   28: * Silicon Graphics Computer Systems, Inc.
        -:   29: *
        -:   30: * Permission to use, copy, modify, distribute and sell this software
        -:   31: * and its documentation for any purpose is hereby granted without fee,
        -:   32: * provided that the above copyright notice appear in all copies and
        -:   33: * that both that copyright notice and this permission notice appear
        -:   34: * in supporting documentation.  Silicon Graphics makes no
        -:   35: * representations about the suitability of this software for any
        -:   36: * purpose.  It is provided "as is" without express or implied warranty.
        -:   37: *
        -:   38: *
        -:   39: * Copyright (c) 1994
        -:   40: * Hewlett-Packard Company
        -:   41: *
        -:   42: * Permission to use, copy, modify, distribute and sell this software
        -:   43: * and its documentation for any purpose is hereby granted without fee,
        -:   44: * provided that the above copyright notice appear in all copies and
        -:   45: * that both that copyright notice and this permission notice appear
        -:   46: * in supporting documentation.  Hewlett-Packard Company makes no
        -:   47: * representations about the suitability of this software for any
        -:   48: * purpose.  It is provided "as is" without express or implied warranty.
        -:   49: *
        -:   50: *
        -:   51: */
        -:   52:
        -:   53:/** @file bits/stl_tree.h
        -:   54: *  This is an internal header file, included by other library headers.
        -:   55: *  Do not attempt to use it directly. @headername{map,set}
        -:   56: */
        -:   57:
        -:   58:#ifndef _STL_TREE_H
        -:   59:#define _STL_TREE_H 1
        -:   60:
        -:   61:#pragma GCC system_header
        -:   62:
        -:   63:#include <bits/stl_algobase.h>
        -:   64:#include <bits/allocator.h>
        -:   65:#include <bits/stl_function.h>
        -:   66:#include <bits/cpp_type_traits.h>
        -:   67:#include <ext/alloc_traits.h>
        -:   68:#if __cplusplus >= 201103L
        -:   69:# include <ext/aligned_buffer.h>
        -:   70:#endif
        -:   71:#if __cplusplus > 201402L
        -:   72:# include <bits/node_handle.h>
        -:   73:#endif
        -:   74:
        -:   75:namespace std _GLIBCXX_VISIBILITY(default)
        -:   76:{
        -:   77:_GLIBCXX_BEGIN_NAMESPACE_VERSION
        -:   78:
        -:   79:  // Red-black tree class, designed for use in implementing STL
        -:   80:  // associative containers (set, multiset, map, and multimap). The
        -:   81:  // insertion and deletion algorithms are based on those in Cormen,
        -:   82:  // Leiserson, and Rivest, Introduction to Algorithms (MIT Press,
        -:   83:  // 1990), except that
        -:   84:  //
        -:   85:  // (1) the header cell is maintained with links not only to the root
        -:   86:  // but also to the leftmost node of the tree, to enable constant
        -:   87:  // time begin(), and to the rightmost node of the tree, to enable
        -:   88:  // linear time performance when used with the generic set algorithms
        -:   89:  // (set_union, etc.)
        -:   90:  //
        -:   91:  // (2) when a node being deleted has two children its successor node
        -:   92:  // is relinked into its place, rather than copied, so that the only
        -:   93:  // iterators invalidated are those referring to the deleted node.
        -:   94:
        -:   95:  enum _Rb_tree_color { _S_red = false, _S_black = true };
        -:   96:
        -:   97:  struct _Rb_tree_node_base
        -:   98:  {
        -:   99:    typedef _Rb_tree_node_base* _Base_ptr;
        -:  100:    typedef const _Rb_tree_node_base* _Const_Base_ptr;
        -:  101:
        -:  102:    _Rb_tree_color	_M_color;
        -:  103:    _Base_ptr		_M_parent;
        -:  104:    _Base_ptr		_M_left;
        -:  105:    _Base_ptr		_M_right;
        -:  106:
        -:  107:    static _Base_ptr
        -:  108:    _S_minimum(_Base_ptr __x) _GLIBCXX_NOEXCEPT
        -:  109:    {
        -:  110:      while (__x->_M_left != 0) __x = __x->_M_left;
        -:  111:      return __x;
        -:  112:    }
        -:  113:
        -:  114:    static _Const_Base_ptr
        -:  115:    _S_minimum(_Const_Base_ptr __x) _GLIBCXX_NOEXCEPT
        -:  116:    {
        -:  117:      while (__x->_M_left != 0) __x = __x->_M_left;
        -:  118:      return __x;
        -:  119:    }
        -:  120:
        -:  121:    static _Base_ptr
        -:  122:    _S_maximum(_Base_ptr __x) _GLIBCXX_NOEXCEPT
        -:  123:    {
        -:  124:      while (__x->_M_right != 0) __x = __x->_M_right;
        -:  125:      return __x;
        -:  126:    }
        -:  127:
        -:  128:    static _Const_Base_ptr
        -:  129:    _S_maximum(_Const_Base_ptr __x) _GLIBCXX_NOEXCEPT
        -:  130:    {
        -:  131:      while (__x->_M_right != 0) __x = __x->_M_right;
        -:  132:      return __x;
        -:  133:    }
        -:  134:  };
        -:  135:
        -:  136:  // Helper type offering value initialization guarantee on the compare functor.
        -:  137:  template<typename _Key_compare>
        -:  138:    struct _Rb_tree_key_compare
        -:  139:    {
        -:  140:      _Key_compare		_M_key_compare;
        -:  141:
function _ZNSt20_Rb_tree_key_compareISt4lessINSt7__cxx1112basic_stringIcSt11char_traitsIcESaIcEEEEEC2Ev called 2 returned 100% blocks executed 100%
        2:  142:      _Rb_tree_key_compare()
        -:  143:      _GLIBCXX_NOEXCEPT_IF(
        -:  144:	is_nothrow_default_constructible<_Key_compare>::value)
        -:  145:      : _M_key_compare()
        2:  146:      { }
        -:  147:
function _ZNSt20_Rb_tree_key_compareISt4lessIjEEC2ERKS1_ called 1 returned 100% blocks executed 100%
        1:  148:      _Rb_tree_key_compare(const _Key_compare& __comp)
        -:  149:      : _M_key_compare(__comp)
        1:  150:      { }
        -:  151:
        -:  152:#if __cplusplus >= 201103L
        -:  153:      // Copy constructor added for consistency with C++98 mode.
        -:  154:      _Rb_tree_key_compare(const _Rb_tree_key_compare&) = default;
        -:  155:
        -:  156:      _Rb_tree_key_compare(_Rb_tree_key_compare&& __x)
        -:  157:	noexcept(is_nothrow_copy_constructible<_Key_compare>::value)
        -:  158:      : _M_key_compare(__x._M_key_compare)
        -:  159:      { }
        -:  160:#endif
        -:  161:    };
        -:  162:
        -:  163:  // Helper type to manage default initialization of node count and header.
        -:  164:  struct _Rb_tree_header
        -:  165:  {
        -:  166:    _Rb_tree_node_base	_M_header;
        -:  167:    size_t		_M_node_count; // Keeps track of size of tree.
        -:  168:
function _ZNSt15_Rb_tree_headerC2Ev called 4 returned 100% blocks executed 100%
        4:  169:    _Rb_tree_header() _GLIBCXX_NOEXCEPT
        4:  170:    {
        4:  171:      _M_header._M_color = _S_red;
        4:  172:      _M_reset();
        4:  172-block 2
call    0 returned 4
        4:  173:    }
        -:  174:
        -:  175:#if __cplusplus >= 201103L
        -:  176:    _Rb_tree_header(_Rb_tree_header&& __x) noexcept
        -:  177:    {
        -:  178:      if (__x._M_header._M_parent != nullptr)
        -:  179:	_M_move_data(__x);
        -:  180:      else
        -:  181:	{
        -:  182:	  _M_header._M_color = _S_red;
        -:  183:	  _M_reset();
        -:  184:	}
        -:  185:    }
        -:  186:#endif
        -:  187:
        -:  188:    void
        -:  189:    _M_move_data(_Rb_tree_header& __from)
        -:  190:    {
        -:  191:      _M_header._M_color = __from._M_header._M_color;
        -:  192:      _M_header._M_parent = __from._M_header._M_parent;
        -:  193:      _M_header._M_left = __from._M_header._M_left;
        -:  194:      _M_header._M_right = __from._M_header._M_right;
        -:  195:      _M_header._M_parent->_M_parent = &_M_header;
        -:  196:      _M_node_count = __from._M_node_count;
        -:  197:
        -:  198:      __from._M_reset();
        -:  199:    }
        -:  200:
        -:  201:    void
function _ZNSt15_Rb_tree_header8_M_resetEv called 213 returned 100% blocks executed 100%
      213:  202:    _M_reset()
        -:  203:    {
      213:  204:      _M_header._M_parent = 0;
      213:  205:      _M_header._M_left = &_M_header;
      213:  206:      _M_header._M_right = &_M_header;
      213:  207:      _M_node_count = 0;
      213:  208:    }
        -:  209:  };
        -:  210:
        -:  211:  template<typename _Val>
        -:  212:    struct _Rb_tree_node : public _Rb_tree_node_base
        -:  213:    {
        -:  214:      typedef _Rb_tree_node<_Val>* _Link_type;
        -:  215:
        -:  216:#if __cplusplus < 201103L
        -:  217:      _Val _M_value_field;
        -:  218:
        -:  219:      _Val*
        -:  220:      _M_valptr()
        -:  221:      { return std::__addressof(_M_value_field); }
        -:  222:
        -:  223:      const _Val*
        -:  224:      _M_valptr() const
        -:  225:      { return std::__addressof(_M_value_field); }
        -:  226:#else
        -:  227:      __gnu_cxx::__aligned_membuf<_Val> _M_storage;
        -:  228:
        -:  229:      _Val*
       60:  230:      _M_valptr()
       60:  231:      { return _M_storage._M_ptr(); }
------------------
_ZNSt13_Rb_tree_nodeIjE9_M_valptrEv:
function _ZNSt13_Rb_tree_nodeIjE9_M_valptrEv called 2 returned 100% blocks executed 100%
        2:  230:      _M_valptr()
        2:  231:      { return _M_storage._M_ptr(); }
        2:  231-block 2
call    0 returned 2
------------------
_ZNSt13_Rb_tree_nodeINSt7__cxx1112basic_stringIcSt11char_traitsIcESaIcEEEE9_M_valptrEv:
function _ZNSt13_Rb_tree_nodeINSt7__cxx1112basic_stringIcSt11char_traitsIcESaIcEEEE9_M_valptrEv called 4 returned 100% blocks executed 100%
        4:  230:      _M_valptr()
        4:  231:      { return _M_storage._M_ptr(); }
        4:  231-block 2
call    0 returned 4
------------------
_ZNSt13_Rb_tree_nodeISt4pairIK12TEXTURE_TYPE7TextureEE9_M_valptrEv:
function _ZNSt13_Rb_tree_nodeISt4pairIK12TEXTURE_TYPE7TextureEE9_M_valptrEv called 54 returned 100% blocks executed 100%
       54:  230:      _M_valptr()
       54:  231:      { return _M_storage._M_ptr(); }
       54:  231-block 2
call    0 returned 54
------------------
        -:  232:
        -:  233:      const _Val*
      306:  234:      _M_valptr() const
      306:  235:      { return _M_storage._M_ptr(); }
------------------
_ZNKSt13_Rb_tree_nodeISt4pairIK12TEXTURE_TYPE7TextureEE9_M_valptrEv:
function _ZNKSt13_Rb_tree_nodeISt4pairIK12TEXTURE_TYPE7TextureEE9_M_valptrEv called 42 returned 100% blocks executed 100%
       42:  234:      _M_valptr() const
       42:  235:      { return _M_storage._M_ptr(); }
       42:  235-block 2
call    0 returned 42
------------------
_ZNKSt13_Rb_tree_nodeINSt7__cxx1112basic_stringIcSt11char_traitsIcESaIcEEEE9_M_valptrEv:
function _ZNKSt13_Rb_tree_nodeINSt7__cxx1112basic_stringIcSt11char_traitsIcESaIcEEEE9_M_valptrEv called 260 returned 100% blocks executed 100%
      260:  234:      _M_valptr() const
      260:  235:      { return _M_storage._M_ptr(); }
      260:  235-block 2
call    0 returned 260
------------------
_ZNKSt13_Rb_tree_nodeIjE9_M_valptrEv:
function _ZNKSt13_Rb_tree_nodeIjE9_M_valptrEv called 4 returned 100% blocks executed 100%
        4:  234:      _M_valptr() const
        4:  235:      { return _M_storage._M_ptr(); }
        4:  235-block 2
call    0 returned 4
------------------
        -:  236:#endif
        -:  237:    };
        -:  238:
        -:  239:  _GLIBCXX_PURE _Rb_tree_node_base*
        -:  240:  _Rb_tree_increment(_Rb_tree_node_base* __x) throw ();
        -:  241:
        -:  242:  _GLIBCXX_PURE const _Rb_tree_node_base*
        -:  243:  _Rb_tree_increment(const _Rb_tree_node_base* __x) throw ();
        -:  244:
        -:  245:  _GLIBCXX_PURE _Rb_tree_node_base*
        -:  246:  _Rb_tree_decrement(_Rb_tree_node_base* __x) throw ();
        -:  247:
        -:  248:  _GLIBCXX_PURE const _Rb_tree_node_base*
        -:  249:  _Rb_tree_decrement(const _Rb_tree_node_base* __x) throw ();
        -:  250:
        -:  251:  template<typename _Tp>
        -:  252:    struct _Rb_tree_iterator
        -:  253:    {
        -:  254:      typedef _Tp  value_type;
        -:  255:      typedef _Tp& reference;
        -:  256:      typedef _Tp* pointer;
        -:  257:
        -:  258:      typedef bidirectional_iterator_tag iterator_category;
        -:  259:      typedef ptrdiff_t			 difference_type;
        -:  260:
        -:  261:      typedef _Rb_tree_iterator<_Tp>		_Self;
        -:  262:      typedef _Rb_tree_node_base::_Base_ptr	_Base_ptr;
        -:  263:      typedef _Rb_tree_node<_Tp>*		_Link_type;
        -:  264:
        -:  265:      _Rb_tree_iterator() _GLIBCXX_NOEXCEPT
        -:  266:      : _M_node() { }
        -:  267:
        -:  268:      explicit
     1415:  269:      _Rb_tree_iterator(_Base_ptr __x) _GLIBCXX_NOEXCEPT
     1415:  270:      : _M_node(__x) { }
------------------
_ZNSt17_Rb_tree_iteratorIjEC2EPSt18_Rb_tree_node_base:
function _ZNSt17_Rb_tree_iteratorIjEC2EPSt18_Rb_tree_node_base called 9 returned 100% blocks executed 100%
        9:  269:      _Rb_tree_iterator(_Base_ptr __x) _GLIBCXX_NOEXCEPT
        9:  270:      : _M_node(__x) { }
------------------
_ZNSt17_Rb_tree_iteratorINSt7__cxx1112basic_stringIcSt11char_traitsIcESaIcEEEEC2EPSt18_Rb_tree_node_base:
function _ZNSt17_Rb_tree_iteratorINSt7__cxx1112basic_stringIcSt11char_traitsIcESaIcEEEEC2EPSt18_Rb_tree_node_base called 1350 returned 100% blocks executed 100%
     1350:  269:      _Rb_tree_iterator(_Base_ptr __x) _GLIBCXX_NOEXCEPT
     1350:  270:      : _M_node(__x) { }
------------------
_ZNSt17_Rb_tree_iteratorISt4pairIK12TEXTURE_TYPE7TextureEEC2EPSt18_Rb_tree_node_base:
function _ZNSt17_Rb_tree_iteratorISt4pairIK12TEXTURE_TYPE7TextureEEC2EPSt18_Rb_tree_node_base called 56 returned 100% blocks executed 100%
       56:  269:      _Rb_tree_iterator(_Base_ptr __x) _GLIBCXX_NOEXCEPT
       56:  270:      : _M_node(__x) { }
------------------
        -:  271:
        -:  272:      reference
function _ZNKSt17_Rb_tree_iteratorISt4pairIK12TEXTURE_TYPE7TextureEEdeEv called 48 returned 100% blocks executed 100%
       48:  273:      operator*() const _GLIBCXX_NOEXCEPT
       48:  274:      { return *static_cast<_Link_type>(_M_node)->_M_valptr(); }
       48:  274-block 2
call    0 returned 48
        -:  275:
        -:  276:      pointer
        -:  277:      operator->() const _GLIBCXX_NOEXCEPT
        -:  278:      { return static_cast<_Link_type> (_M_node)->_M_valptr(); }
        -:  279:
        -:  280:      _Self&
      18*:  281:      operator++() _GLIBCXX_NOEXCEPT
        -:  282:      {
      18*:  283:	_M_node = _Rb_tree_increment(_M_node);
      18*:  284:	return *this;
        -:  285:      }
------------------
_ZNSt17_Rb_tree_iteratorIjEppEv:
function _ZNSt17_Rb_tree_iteratorIjEppEv called 0 returned 0% blocks executed 0%
    #####:  281:      operator++() _GLIBCXX_NOEXCEPT
        -:  282:      {
    #####:  283:	_M_node = _Rb_tree_increment(_M_node);
    #####:  284:	return *this;
    %%%%%:  284-block 2
        -:  285:      }
------------------
_ZNSt17_Rb_tree_iteratorISt4pairIK12TEXTURE_TYPE7TextureEEppEv:
function _ZNSt17_Rb_tree_iteratorISt4pairIK12TEXTURE_TYPE7TextureEEppEv called 18 returned 100% blocks executed 100%
       18:  281:      operator++() _GLIBCXX_NOEXCEPT
        -:  282:      {
       18:  283:	_M_node = _Rb_tree_increment(_M_node);
       18:  284:	return *this;
       18:  284-block 2
        -:  285:      }
------------------
        -:  286:
        -:  287:      _Self
        -:  288:      operator++(int) _GLIBCXX_NOEXCEPT
        -:  289:      {
        -:  290:	_Self __tmp = *this;
        -:  291:	_M_node = _Rb_tree_increment(_M_node);
        -:  292:	return __tmp;
        -:  293:      }
        -:  294:
        -:  295:      _Self&
    #####:  296:      operator--() _GLIBCXX_NOEXCEPT
        -:  297:      {
    #####:  298:	_M_node = _Rb_tree_decrement(_M_node);
    #####:  299:	return *this;
        -:  300:      }
------------------
_ZNSt17_Rb_tree_iteratorIjEmmEv:
function _ZNSt17_Rb_tree_iteratorIjEmmEv called 0 returned 0% blocks executed 0%
    #####:  296:      operator--() _GLIBCXX_NOEXCEPT
        -:  297:      {
    #####:  298:	_M_node = _Rb_tree_decrement(_M_node);
    #####:  299:	return *this;
    %%%%%:  299-block 2
        -:  300:      }
------------------
_ZNSt17_Rb_tree_iteratorINSt7__cxx1112basic_stringIcSt11char_traitsIcESaIcEEEEmmEv:
function _ZNSt17_Rb_tree_iteratorINSt7__cxx1112basic_stringIcSt11char_traitsIcESaIcEEEEmmEv called 0 returned 0% blocks executed 0%
    #####:  296:      operator--() _GLIBCXX_NOEXCEPT
        -:  297:      {
    #####:  298:	_M_node = _Rb_tree_decrement(_M_node);
    #####:  299:	return *this;
    %%%%%:  299-block 2
        -:  300:      }
------------------
_ZNSt17_Rb_tree_iteratorISt4pairIK12TEXTURE_TYPE7TextureEEmmEv:
function _ZNSt17_Rb_tree_iteratorISt4pairIK12TEXTURE_TYPE7TextureEEmmEv called 0 returned 0% blocks executed 0%
    #####:  296:      operator--() _GLIBCXX_NOEXCEPT
        -:  297:      {
    #####:  298:	_M_node = _Rb_tree_decrement(_M_node);
    #####:  299:	return *this;
    %%%%%:  299-block 2
        -:  300:      }
------------------
        -:  301:
        -:  302:      _Self
        -:  303:      operator--(int) _GLIBCXX_NOEXCEPT
        -:  304:      {
        -:  305:	_Self __tmp = *this;
        -:  306:	_M_node = _Rb_tree_decrement(_M_node);
        -:  307:	return __tmp;
        -:  308:      }
        -:  309:
        -:  310:      friend bool
       22:  311:      operator==(const _Self& __x, const _Self& __y) _GLIBCXX_NOEXCEPT
       22:  312:      { return __x._M_node == __y._M_node; }
------------------
_ZSteqRKSt17_Rb_tree_iteratorIjES2_:
function _ZSteqRKSt17_Rb_tree_iteratorIjES2_ called 1 returned 100% blocks executed 100%
        1:  311:      operator==(const _Self& __x, const _Self& __y) _GLIBCXX_NOEXCEPT
        1:  312:      { return __x._M_node == __y._M_node; }
        1:  312-block 2
------------------
_ZSteqRKSt17_Rb_tree_iteratorINSt7__cxx1112basic_stringIcSt11char_traitsIcESaIcEEEES8_:
function _ZSteqRKSt17_Rb_tree_iteratorINSt7__cxx1112basic_stringIcSt11char_traitsIcESaIcEEEES8_ called 2 returned 100% blocks executed 100%
        2:  311:      operator==(const _Self& __x, const _Self& __y) _GLIBCXX_NOEXCEPT
        2:  312:      { return __x._M_node == __y._M_node; }
        2:  312-block 2
------------------
_ZSteqRKSt17_Rb_tree_iteratorISt4pairIK12TEXTURE_TYPE7TextureEES7_:
function _ZSteqRKSt17_Rb_tree_iteratorISt4pairIK12TEXTURE_TYPE7TextureEES7_ called 19 returned 100% blocks executed 100%
       19:  311:      operator==(const _Self& __x, const _Self& __y) _GLIBCXX_NOEXCEPT
       19:  312:      { return __x._M_node == __y._M_node; }
       19:  312-block 2
------------------
        -:  313:
        -:  314:#if ! __cpp_lib_three_way_comparison
        -:  315:      friend bool
function _ZStneRKSt17_Rb_tree_iteratorISt4pairIK12TEXTURE_TYPE7TextureEES7_ called 24 returned 100% blocks executed 100%
       24:  316:      operator!=(const _Self& __x, const _Self& __y) _GLIBCXX_NOEXCEPT
       24:  317:      { return __x._M_node != __y._M_node; }
       24:  317-block 2
        -:  318:#endif
        -:  319:
        -:  320:      _Base_ptr _M_node;
        -:  321:    };
        -:  322:
        -:  323:  template<typename _Tp>
        -:  324:    struct _Rb_tree_const_iterator
        -:  325:    {
        -:  326:      typedef _Tp	 value_type;
        -:  327:      typedef const _Tp& reference;
        -:  328:      typedef const _Tp* pointer;
        -:  329:
        -:  330:      typedef _Rb_tree_iterator<_Tp> iterator;
        -:  331:
        -:  332:      typedef bidirectional_iterator_tag iterator_category;
        -:  333:      typedef ptrdiff_t			 difference_type;
        -:  334:
        -:  335:      typedef _Rb_tree_const_iterator<_Tp>		_Self;
        -:  336:      typedef _Rb_tree_node_base::_Const_Base_ptr	_Base_ptr;
        -:  337:      typedef const _Rb_tree_node<_Tp>*			_Link_type;
        -:  338:
        -:  339:      _Rb_tree_const_iterator() _GLIBCXX_NOEXCEPT
        -:  340:      : _M_node() { }
        -:  341:
        -:  342:      explicit
function _ZNSt23_Rb_tree_const_iteratorIjEC2EPKSt18_Rb_tree_node_base called 2 returned 100% blocks executed 100%
        2:  343:      _Rb_tree_const_iterator(_Base_ptr __x) _GLIBCXX_NOEXCEPT
        2:  344:      : _M_node(__x) { }
        -:  345:
     1349:  346:      _Rb_tree_const_iterator(const iterator& __it) _GLIBCXX_NOEXCEPT
     1349:  347:      : _M_node(__it._M_node) { }
------------------
_ZNSt23_Rb_tree_const_iteratorIjEC2ERKSt17_Rb_tree_iteratorIjE:
function _ZNSt23_Rb_tree_const_iteratorIjEC2ERKSt17_Rb_tree_iteratorIjE called 2 returned 100% blocks executed 100%
        2:  346:      _Rb_tree_const_iterator(const iterator& __it) _GLIBCXX_NOEXCEPT
        2:  347:      : _M_node(__it._M_node) { }
------------------
_ZNSt23_Rb_tree_const_iteratorINSt7__cxx1112basic_stringIcSt11char_traitsIcESaIcEEEEC2ERKSt17_Rb_tree_iteratorIS5_E:
function _ZNSt23_Rb_tree_const_iteratorINSt7__cxx1112basic_stringIcSt11char_traitsIcESaIcEEEEC2ERKSt17_Rb_tree_iteratorIS5_E called 1344 returned 100% blocks executed 100%
     1344:  346:      _Rb_tree_const_iterator(const iterator& __it) _GLIBCXX_NOEXCEPT
     1344:  347:      : _M_node(__it._M_node) { }
------------------
_ZNSt23_Rb_tree_const_iteratorISt4pairIK12TEXTURE_TYPE7TextureEEC2ERKSt17_Rb_tree_iteratorIS4_E:
function _ZNSt23_Rb_tree_const_iteratorISt4pairIK12TEXTURE_TYPE7TextureEEC2ERKSt17_Rb_tree_iteratorIS4_E called 3 returned 100% blocks executed 100%
        3:  346:      _Rb_tree_const_iterator(const iterator& __it) _GLIBCXX_NOEXCEPT
        3:  347:      : _M_node(__it._M_node) { }
------------------
        -:  348:
        -:  349:      iterator
        5:  350:      _M_const_cast() const _GLIBCXX_NOEXCEPT
        5:  351:      { return iterator(const_cast<typename iterator::_Base_ptr>(_M_node)); }
------------------
_ZNKSt23_Rb_tree_const_iteratorIjE13_M_const_castEv:
function _ZNKSt23_Rb_tree_const_iteratorIjE13_M_const_castEv called 2 returned 100% blocks executed 100%
        2:  350:      _M_const_cast() const _GLIBCXX_NOEXCEPT
        2:  351:      { return iterator(const_cast<typename iterator::_Base_ptr>(_M_node)); }
        2:  351-block 2
call    0 returned 2
        2:  351-block 4
------------------
_ZNKSt23_Rb_tree_const_iteratorISt4pairIK12TEXTURE_TYPE7TextureEE13_M_const_castEv:
function _ZNKSt23_Rb_tree_const_iteratorISt4pairIK12TEXTURE_TYPE7TextureEE13_M_const_castEv called 3 returned 100% blocks executed 100%
        3:  350:      _M_const_cast() const _GLIBCXX_NOEXCEPT
        3:  351:      { return iterator(const_cast<typename iterator::_Base_ptr>(_M_node)); }
        3:  351-block 2
call    0 returned 3
        3:  351-block 4
------------------
        -:  352:
        -:  353:      reference
function _ZNKSt23_Rb_tree_const_iteratorIjEdeEv called 1 returned 100% blocks executed 100%
        1:  354:      operator*() const _GLIBCXX_NOEXCEPT
        1:  355:      { return *static_cast<_Link_type>(_M_node)->_M_valptr(); }
        1:  355-block 2
call    0 returned 1
        -:  356:
        -:  357:      pointer
        -:  358:      operator->() const _GLIBCXX_NOEXCEPT
        -:  359:      { return static_cast<_Link_type>(_M_node)->_M_valptr(); }
        -:  360:
        -:  361:      _Self&
function _ZNSt23_Rb_tree_const_iteratorIjEppEv called 1 returned 100% blocks executed 100%
        1:  362:      operator++() _GLIBCXX_NOEXCEPT
        -:  363:      {
        1:  364:	_M_node = _Rb_tree_increment(_M_node);
        1:  365:	return *this;
        1:  365-block 2
        -:  366:      }
        -:  367:
        -:  368:      _Self
function _ZNSt23_Rb_tree_const_iteratorINSt7__cxx1112basic_stringIcSt11char_traitsIcESaIcEEEEppEi called 0 returned 0% blocks executed 0%
    #####:  369:      operator++(int) _GLIBCXX_NOEXCEPT
        -:  370:      {
    #####:  371:	_Self __tmp = *this;
    #####:  372:	_M_node = _Rb_tree_increment(_M_node);
    #####:  373:	return __tmp;
    %%%%%:  373-block 2
        -:  374:      }
        -:  375:
        -:  376:      _Self&
        -:  377:      operator--() _GLIBCXX_NOEXCEPT
        -:  378:      {
        -:  379:	_M_node = _Rb_tree_decrement(_M_node);
        -:  380:	return *this;
        -:  381:      }
        -:  382:
        -:  383:      _Self
        -:  384:      operator--(int) _GLIBCXX_NOEXCEPT
        -:  385:      {
        -:  386:	_Self __tmp = *this;
        -:  387:	_M_node = _Rb_tree_decrement(_M_node);
        -:  388:	return __tmp;
        -:  389:      }
        -:  390:
        -:  391:      friend bool
function _ZSteqRKSt23_Rb_tree_const_iteratorINSt7__cxx1112basic_stringIcSt11char_traitsIcESaIcEEEES8_ called 672 returned 100% blocks executed 100%
      672:  392:      operator==(const _Self& __x, const _Self& __y) _GLIBCXX_NOEXCEPT
      672:  393:      { return __x._M_node == __y._M_node; }
      672:  393-block 2
        -:  394:
        -:  395:#if ! __cpp_lib_three_way_comparison
        -:  396:      friend bool
      129:  397:      operator!=(const _Self& __x, const _Self& __y) _GLIBCXX_NOEXCEPT
      129:  398:      { return __x._M_node != __y._M_node; }
------------------
_ZStneRKSt23_Rb_tree_const_iteratorINSt7__cxx1112basic_stringIcSt11char_traitsIcESaIcEEEES8_:
function _ZStneRKSt23_Rb_tree_const_iteratorINSt7__cxx1112basic_stringIcSt11char_traitsIcESaIcEEEES8_ called 127 returned 100% blocks executed 100%
      127:  397:      operator!=(const _Self& __x, const _Self& __y) _GLIBCXX_NOEXCEPT
      127:  398:      { return __x._M_node != __y._M_node; }
      127:  398-block 2
------------------
_ZStneRKSt23_Rb_tree_const_iteratorIjES2_:
function _ZStneRKSt23_Rb_tree_const_iteratorIjES2_ called 2 returned 100% blocks executed 100%
        2:  397:      operator!=(const _Self& __x, const _Self& __y) _GLIBCXX_NOEXCEPT
        2:  398:      { return __x._M_node != __y._M_node; }
        2:  398-block 2
------------------
        -:  399:#endif
        -:  400:
        -:  401:      _Base_ptr _M_node;
        -:  402:    };
        -:  403:
        -:  404:  __attribute__((__nonnull__))
        -:  405:  void
        -:  406:  _Rb_tree_insert_and_rebalance(const bool __insert_left,
        -:  407:				_Rb_tree_node_base* __x,
        -:  408:				_Rb_tree_node_base* __p,
        -:  409:				_Rb_tree_node_base& __header) throw ();
        -:  410:
        -:  411:  __attribute__((__nonnull__,__returns_nonnull__))
        -:  412:  _Rb_tree_node_base*
        -:  413:  _Rb_tree_rebalance_for_erase(_Rb_tree_node_base* const __z,
        -:  414:			       _Rb_tree_node_base& __header) throw ();
        -:  415:
        -:  416:#if __cplusplus > 201402L
        -:  417:  template<typename _Tree1, typename _Cmp2>
        -:  418:    struct _Rb_tree_merge_helper { };
        -:  419:#endif
        -:  420:
        -:  421:  template<typename _Key, typename _Val, typename _KeyOfValue,
        -:  422:	   typename _Compare, typename _Alloc = allocator<_Val> >
        -:  423:    class _Rb_tree
        -:  424:    {
        -:  425:      typedef typename __gnu_cxx::__alloc_traits<_Alloc>::template
        -:  426:	rebind<_Rb_tree_node<_Val> >::other _Node_allocator;
        -:  427:
        -:  428:      typedef __gnu_cxx::__alloc_traits<_Node_allocator> _Alloc_traits;
        -:  429:
        -:  430:    protected:
        -:  431:      typedef _Rb_tree_node_base* 		_Base_ptr;
        -:  432:      typedef const _Rb_tree_node_base* 	_Const_Base_ptr;
        -:  433:      typedef _Rb_tree_node<_Val>* 		_Link_type;
        -:  434:      typedef const _Rb_tree_node<_Val>*	_Const_Link_type;
        -:  435:
        -:  436:    private:
        -:  437:      // Functor recycling a pool of nodes and using allocation once the pool
        -:  438:      // is empty.
        -:  439:      struct _Reuse_or_alloc_node
        -:  440:      {
        -:  441:	_Reuse_or_alloc_node(_Rb_tree& __t)
        -:  442:	: _M_root(__t._M_root()), _M_nodes(__t._M_rightmost()), _M_t(__t)
        -:  443:	{
        -:  444:	  if (_M_root)
        -:  445:	    {
        -:  446:	      _M_root->_M_parent = 0;
        -:  447:
        -:  448:	      if (_M_nodes->_M_left)
        -:  449:		_M_nodes = _M_nodes->_M_left;
        -:  450:	    }
        -:  451:	  else
        -:  452:	    _M_nodes = 0;
        -:  453:	}
        -:  454:
        -:  455:#if __cplusplus >= 201103L
        -:  456:	_Reuse_or_alloc_node(const _Reuse_or_alloc_node&) = delete;
        -:  457:#endif
        -:  458:
        -:  459:	~_Reuse_or_alloc_node()
        -:  460:	{ _M_t._M_erase(static_cast<_Link_type>(_M_root)); }
        -:  461:
        -:  462:	template<typename _Arg>
        -:  463:	  _Link_type
        -:  464:	  operator()(_GLIBCXX_FWDREF(_Arg) __arg)
        -:  465:	  {
        -:  466:	    _Link_type __node = static_cast<_Link_type>(_M_extract());
        -:  467:	    if (__node)
        -:  468:	      {
        -:  469:		_M_t._M_destroy_node(__node);
        -:  470:		_M_t._M_construct_node(__node, _GLIBCXX_FORWARD(_Arg, __arg));
        -:  471:		return __node;
        -:  472:	      }
        -:  473:
        -:  474:	    return _M_t._M_create_node(_GLIBCXX_FORWARD(_Arg, __arg));
        -:  475:	  }
        -:  476:
        -:  477:      private:
        -:  478:	_Base_ptr
        -:  479:	_M_extract()
        -:  480:	{
        -:  481:	  if (!_M_nodes)
        -:  482:	    return _M_nodes;
        -:  483:
        -:  484:	  _Base_ptr __node = _M_nodes;
        -:  485:	  _M_nodes = _M_nodes->_M_parent;
        -:  486:	  if (_M_nodes)
        -:  487:	    {
        -:  488:	      if (_M_nodes->_M_right == __node)
        -:  489:		{
        -:  490:		  _M_nodes->_M_right = 0;
        -:  491:
        -:  492:		  if (_M_nodes->_M_left)
        -:  493:		    {
        -:  494:		      _M_nodes = _M_nodes->_M_left;
        -:  495:
        -:  496:		      while (_M_nodes->_M_right)
        -:  497:			_M_nodes = _M_nodes->_M_right;
        -:  498:
        -:  499:		      if (_M_nodes->_M_left)
        -:  500:			_M_nodes = _M_nodes->_M_left;
        -:  501:		    }
        -:  502:		}
        -:  503:	      else // __node is on the left.
        -:  504:		_M_nodes->_M_left = 0;
        -:  505:	    }
        -:  506:	  else
        -:  507:	    _M_root = 0;
        -:  508:
        -:  509:	  return __node;
        -:  510:	}
        -:  511:
        -:  512:	_Base_ptr _M_root;
        -:  513:	_Base_ptr _M_nodes;
        -:  514:	_Rb_tree& _M_t;
        -:  515:      };
        -:  516:
        -:  517:      // Functor similar to the previous one but without any pool of nodes to
        -:  518:      // recycle.
        -:  519:      struct _Alloc_node
        -:  520:      {
function _ZNSt8_Rb_treeIjjSt9_IdentityIjESt4lessIjESaIjEE11_Alloc_nodeC2ERS5_ called 1 returned 100% blocks executed 100%
        1:  521:	_Alloc_node(_Rb_tree& __t)
        1:  522:	: _M_t(__t) { }
        -:  523:
        -:  524:	template<typename _Arg>
        -:  525:	  _Link_type
function _ZNKSt8_Rb_treeIjjSt9_IdentityIjESt4lessIjESaIjEE11_Alloc_nodeclIRKjEEPSt13_Rb_tree_nodeIjEOT_ called 1 returned 100% blocks executed 100%
        1:  526:	  operator()(_GLIBCXX_FWDREF(_Arg) __arg) const
        1:  527:	  { return _M_t._M_create_node(_GLIBCXX_FORWARD(_Arg, __arg)); }
        1:  527-block 2
call    0 returned 1
call    1 returned 1
        -:  528:
        -:  529:      private:
        -:  530:	_Rb_tree& _M_t;
        -:  531:      };
        -:  532:
        -:  533:    public:
        -:  534:      typedef _Key 				key_type;
        -:  535:      typedef _Val 				value_type;
        -:  536:      typedef value_type* 			pointer;
        -:  537:      typedef const value_type* 		const_pointer;
        -:  538:      typedef value_type& 			reference;
        -:  539:      typedef const value_type& 		const_reference;
        -:  540:      typedef size_t 				size_type;
        -:  541:      typedef ptrdiff_t 			difference_type;
        -:  542:      typedef _Alloc 				allocator_type;
        -:  543:
        -:  544:      _Node_allocator&
       24:  545:      _M_get_Node_allocator() _GLIBCXX_NOEXCEPT
       24:  546:      { return this->_M_impl; }
------------------
_ZNSt8_Rb_treeI12TEXTURE_TYPESt4pairIKS0_7TextureESt10_Select1stIS4_ESt4lessIS0_ESaIS4_EE21_M_get_Node_allocatorEv:
function _ZNSt8_Rb_treeI12TEXTURE_TYPESt4pairIKS0_7TextureESt10_Select1stIS4_ESt4lessIS0_ESaIS4_EE21_M_get_Node_allocatorEv called 12 returned 100% blocks executed 100%
       12:  545:      _M_get_Node_allocator() _GLIBCXX_NOEXCEPT
       12:  546:      { return this->_M_impl; }
       12:  546-block 2
------------------
_ZNSt8_Rb_treeIjjSt9_IdentityIjESt4lessIjESaIjEE21_M_get_Node_allocatorEv:
function _ZNSt8_Rb_treeIjjSt9_IdentityIjESt4lessIjESaIjEE21_M_get_Node_allocatorEv called 4 returned 100% blocks executed 100%
        4:  545:      _M_get_Node_allocator() _GLIBCXX_NOEXCEPT
        4:  546:      { return this->_M_impl; }
        4:  546-block 2
------------------
_ZNSt8_Rb_treeINSt7__cxx1112basic_stringIcSt11char_traitsIcESaIcEEES5_St9_IdentityIS5_ESt4lessIS5_ESaIS5_EE21_M_get_Node_allocatorEv:
function _ZNSt8_Rb_treeINSt7__cxx1112basic_stringIcSt11char_traitsIcESaIcEEES5_St9_IdentityIS5_ESt4lessIS5_ESaIS5_EE21_M_get_Node_allocatorEv called 8 returned 100% blocks executed 100%
        8:  545:      _M_get_Node_allocator() _GLIBCXX_NOEXCEPT
        8:  546:      { return this->_M_impl; }
        8:  546-block 2
------------------
        -:  547:
        -:  548:      const _Node_allocator&
        -:  549:      _M_get_Node_allocator() const _GLIBCXX_NOEXCEPT
        -:  550:      { return this->_M_impl; }
        -:  551:
        -:  552:      allocator_type
        -:  553:      get_allocator() const _GLIBCXX_NOEXCEPT
        -:  554:      { return allocator_type(_M_get_Node_allocator()); }
        -:  555:
        -:  556:    protected:
        -:  557:      _Link_type
        6:  558:      _M_get_node()
       12:  559:      { return _Alloc_traits::allocate(_M_get_Node_allocator(), 1); }
------------------
_ZNSt8_Rb_treeIjjSt9_IdentityIjESt4lessIjESaIjEE11_M_get_nodeEv:
function _ZNSt8_Rb_treeIjjSt9_IdentityIjESt4lessIjESaIjEE11_M_get_nodeEv called 1 returned 100% blocks executed 100%
        1:  558:      _M_get_node()
        2:  559:      { return _Alloc_traits::allocate(_M_get_Node_allocator(), 1); }
        1:  559-block 2
call    0 returned 1
        1:  559-block 6
------------------
_ZNSt8_Rb_treeINSt7__cxx1112basic_stringIcSt11char_traitsIcESaIcEEES5_St9_IdentityIS5_ESt4lessIS5_ESaIS5_EE11_M_get_nodeEv:
function _ZNSt8_Rb_treeINSt7__cxx1112basic_stringIcSt11char_traitsIcESaIcEEES5_St9_IdentityIS5_ESt4lessIS5_ESaIS5_EE11_M_get_nodeEv called 2 returned 100% blocks executed 100%
        2:  558:      _M_get_node()
        4:  559:      { return _Alloc_traits::allocate(_M_get_Node_allocator(), 1); }
        2:  559-block 2
call    0 returned 2
        2:  559-block 6
------------------
_ZNSt8_Rb_treeI12TEXTURE_TYPESt4pairIKS0_7TextureESt10_Select1stIS4_ESt4lessIS0_ESaIS4_EE11_M_get_nodeEv:
function _ZNSt8_Rb_treeI12TEXTURE_TYPESt4pairIKS0_7TextureESt10_Select1stIS4_ESt4lessIS0_ESaIS4_EE11_M_get_nodeEv called 3 returned 100% blocks executed 100%
        3:  558:      _M_get_node()
        6:  559:      { return _Alloc_traits::allocate(_M_get_Node_allocator(), 1); }
        3:  559-block 2
call    0 returned 3
        3:  559-block 6
------------------
        -:  560:
        -:  561:      void
        6:  562:      _M_put_node(_Link_type __p) _GLIBCXX_NOEXCEPT
        6:  563:      { _Alloc_traits::deallocate(_M_get_Node_allocator(), __p, 1); }
------------------
_ZNSt8_Rb_treeI12TEXTURE_TYPESt4pairIKS0_7TextureESt10_Select1stIS4_ESt4lessIS0_ESaIS4_EE11_M_put_nodeEPSt13_Rb_tree_nodeIS4_E:
function _ZNSt8_Rb_treeI12TEXTURE_TYPESt4pairIKS0_7TextureESt10_Select1stIS4_ESt4lessIS0_ESaIS4_EE11_M_put_nodeEPSt13_Rb_tree_nodeIS4_E called 3 returned 100% blocks executed 100%
        3:  562:      _M_put_node(_Link_type __p) _GLIBCXX_NOEXCEPT
        3:  563:      { _Alloc_traits::deallocate(_M_get_Node_allocator(), __p, 1); }
        3:  563-block 2
call    0 returned 3
------------------
_ZNSt8_Rb_treeIjjSt9_IdentityIjESt4lessIjESaIjEE11_M_put_nodeEPSt13_Rb_tree_nodeIjE:
function _ZNSt8_Rb_treeIjjSt9_IdentityIjESt4lessIjESaIjEE11_M_put_nodeEPSt13_Rb_tree_nodeIjE called 1 returned 100% blocks executed 100%
        1:  562:      _M_put_node(_Link_type __p) _GLIBCXX_NOEXCEPT
        1:  563:      { _Alloc_traits::deallocate(_M_get_Node_allocator(), __p, 1); }
        1:  563-block 2
call    0 returned 1
------------------
_ZNSt8_Rb_treeINSt7__cxx1112basic_stringIcSt11char_traitsIcESaIcEEES5_St9_IdentityIS5_ESt4lessIS5_ESaIS5_EE11_M_put_nodeEPSt13_Rb_tree_nodeIS5_E:
function _ZNSt8_Rb_treeINSt7__cxx1112basic_stringIcSt11char_traitsIcESaIcEEES5_St9_IdentityIS5_ESt4lessIS5_ESaIS5_EE11_M_put_nodeEPSt13_Rb_tree_nodeIS5_E called 2 returned 100% blocks executed 100%
        2:  562:      _M_put_node(_Link_type __p) _GLIBCXX_NOEXCEPT
        2:  563:      { _Alloc_traits::deallocate(_M_get_Node_allocator(), __p, 1); }
        2:  563-block 2
call    0 returned 2
------------------
        -:  564:
        -:  565:#if __cplusplus < 201103L
        -:  566:      void
        -:  567:      _M_construct_node(_Link_type __node, const value_type& __x)
        -:  568:      {
        -:  569:	__try
        -:  570:	  { get_allocator().construct(__node->_M_valptr(), __x); }
        -:  571:	__catch(...)
        -:  572:	  {
        -:  573:	    _M_put_node(__node);
        -:  574:	    __throw_exception_again;
        -:  575:	  }
        -:  576:      }
        -:  577:
        -:  578:      _Link_type
        -:  579:      _M_create_node(const value_type& __x)
        -:  580:      {
        -:  581:	_Link_type __tmp = _M_get_node();
        -:  582:	_M_construct_node(__tmp, __x);
        -:  583:	return __tmp;
        -:  584:      }
        -:  585:#else
        -:  586:      template<typename... _Args>
        -:  587:	void
       3*:  588:	_M_construct_node(_Link_type __node, _Args&&... __args)
        -:  589:	{
        -:  590:	  __try
        -:  591:	    {
       3*:  592:	      ::new(__node) _Rb_tree_node<_Val>;
       3*:  593:	      _Alloc_traits::construct(_M_get_Node_allocator(),
        -:  594:				       __node->_M_valptr(),
        -:  595:				       std::forward<_Args>(__args)...);
        -:  596:	    }
    =====:  597:	  __catch(...)
        -:  598:	    {
    =====:  599:	      __node->~_Rb_tree_node<_Val>();
    =====:  600:	      _M_put_node(__node);
    =====:  601:	      __throw_exception_again;
        -:  602:	    }
       3*:  603:	}
------------------
_ZNSt8_Rb_treeIjjSt9_IdentityIjESt4lessIjESaIjEE17_M_construct_nodeIJRKjEEEvPSt13_Rb_tree_nodeIjEDpOT_:
function _ZNSt8_Rb_treeIjjSt9_IdentityIjESt4lessIjESaIjEE17_M_construct_nodeIJRKjEEEvPSt13_Rb_tree_nodeIjEDpOT_ called 1 returned 100% blocks executed 100%
        1:  588:	_M_construct_node(_Link_type __node, _Args&&... __args)
        -:  589:	{
        -:  590:	  __try
        -:  591:	    {
        1:  592:	      ::new(__node) _Rb_tree_node<_Val>;
        1:  592-block 2
call    0 returned 1
        1:  593:	      _Alloc_traits::construct(_M_get_Node_allocator(),
call    0 returned 1
call    1 returned 1
call    2 returned 1
        -:  594:				       __node->_M_valptr(),
        -:  595:				       std::forward<_Args>(__args)...);
        -:  596:	    }
        -:  597:	  __catch(...)
        -:  598:	    {
        -:  599:	      __node->~_Rb_tree_node<_Val>();
        -:  600:	      _M_put_node(__node);
        -:  601:	      __throw_exception_again;
        -:  602:	    }
        1:  603:	}
------------------
_ZNSt8_Rb_treeINSt7__cxx1112basic_stringIcSt11char_traitsIcESaIcEEES5_St9_IdentityIS5_ESt4lessIS5_ESaIS5_EE17_M_construct_nodeIJRKPKcEEEvPSt13_Rb_tree_nodeIS5_EDpOT_:
function _ZNSt8_Rb_treeINSt7__cxx1112basic_stringIcSt11char_traitsIcESaIcEEES5_St9_IdentityIS5_ESt4lessIS5_ESaIS5_EE17_M_construct_nodeIJRKPKcEEEvPSt13_Rb_tree_nodeIS5_EDpOT_ called 2 returned 100% blocks executed 58%
        2:  588:	_M_construct_node(_Link_type __node, _Args&&... __args)
        -:  589:	{
        -:  590:	  __try
        -:  591:	    {
        2:  592:	      ::new(__node) _Rb_tree_node<_Val>;
        2:  592-block 2
call    0 returned 2
        2:  593:	      _Alloc_traits::construct(_M_get_Node_allocator(),
call    0 returned 2
call    1 returned 2
call    2 returned 2
        -:  594:				       __node->_M_valptr(),
        -:  595:				       std::forward<_Args>(__args)...);
        -:  596:	    }
    =====:  597:	  __catch(...)
    $$$$$:  597-block 22
    $$$$$:  597-block 23
call    0 never executed
    $$$$$:  597-block 26
call    1 never executed
        -:  598:	    {
    =====:  599:	      __node->~_Rb_tree_node<_Val>();
    =====:  600:	      _M_put_node(__node);
call    0 never executed
    =====:  601:	      __throw_exception_again;
call    0 never executed
        -:  602:	    }
        2:  603:	}
        2:  603-block 21
------------------
_ZNSt8_Rb_treeI12TEXTURE_TYPESt4pairIKS0_7TextureESt10_Select1stIS4_ESt4lessIS0_ESaIS4_EE17_M_construct_nodeIJRKSt21piecewise_construct_tSt5tupleIJRS2_EESF_IJEEEEEvPSt13_Rb_tree_nodeIS4_EDpOT_:
function _ZNSt8_Rb_treeI12TEXTURE_TYPESt4pairIKS0_7TextureESt10_Select1stIS4_ESt4lessIS0_ESaIS4_EE17_M_construct_nodeIJRKSt21piecewise_construct_tSt5tupleIJRS2_EESF_IJEEEEEvPSt13_Rb_tree_nodeIS4_EDpOT_ called 0 returned 0% blocks executed 0%
    #####:  588:	_M_construct_node(_Link_type __node, _Args&&... __args)
        -:  589:	{
        -:  590:	  __try
        -:  591:	    {
    #####:  592:	      ::new(__node) _Rb_tree_node<_Val>;
    %%%%%:  592-block 2
call    0 never executed
    #####:  593:	      _Alloc_traits::construct(_M_get_Node_allocator(),
call    0 never executed
call    1 never executed
call    2 never executed
call    3 never executed
call    4 never executed
        -:  594:				       __node->_M_valptr(),
        -:  595:				       std::forward<_Args>(__args)...);
        -:  596:	    }
    =====:  597:	  __catch(...)
    $$$$$:  597-block 24
    $$$$$:  597-block 25
call    0 never executed
    $$$$$:  597-block 28
call    1 never executed
        -:  598:	    {
    =====:  599:	      __node->~_Rb_tree_node<_Val>();
    =====:  600:	      _M_put_node(__node);
call    0 never executed
    =====:  601:	      __throw_exception_again;
call    0 never executed
        -:  602:	    }
    #####:  603:	}
    %%%%%:  603-block 23
------------------
        -:  604:
        -:  605:      template<typename... _Args>
        -:  606:	_Link_type
       3*:  607:	_M_create_node(_Args&&... __args)
        -:  608:	{
       3*:  609:	  _Link_type __tmp = _M_get_node();
       3*:  610:	  _M_construct_node(__tmp, std::forward<_Args>(__args)...);
       3*:  611:	  return __tmp;
        -:  612:	}
------------------
_ZNSt8_Rb_treeIjjSt9_IdentityIjESt4lessIjESaIjEE14_M_create_nodeIJRKjEEEPSt13_Rb_tree_nodeIjEDpOT_:
function _ZNSt8_Rb_treeIjjSt9_IdentityIjESt4lessIjESaIjEE14_M_create_nodeIJRKjEEEPSt13_Rb_tree_nodeIjEDpOT_ called 1 returned 100% blocks executed 100%
        1:  607:	_M_create_node(_Args&&... __args)
        -:  608:	{
        1:  609:	  _Link_type __tmp = _M_get_node();
        1:  609-block 2
call    0 returned 1
        1:  610:	  _M_construct_node(__tmp, std::forward<_Args>(__args)...);
call    0 returned 1
call    1 returned 1
        1:  611:	  return __tmp;
        -:  612:	}
------------------
_ZNSt8_Rb_treeINSt7__cxx1112basic_stringIcSt11char_traitsIcESaIcEEES5_St9_IdentityIS5_ESt4lessIS5_ESaIS5_EE14_M_create_nodeIJRKPKcEEEPSt13_Rb_tree_nodeIS5_EDpOT_:
function _ZNSt8_Rb_treeINSt7__cxx1112basic_stringIcSt11char_traitsIcESaIcEEES5_St9_IdentityIS5_ESt4lessIS5_ESaIS5_EE14_M_create_nodeIJRKPKcEEEPSt13_Rb_tree_nodeIS5_EDpOT_ called 2 returned 100% blocks executed 100%
        2:  607:	_M_create_node(_Args&&... __args)
        -:  608:	{
        2:  609:	  _Link_type __tmp = _M_get_node();
        2:  609-block 2
call    0 returned 2
        2:  610:	  _M_construct_node(__tmp, std::forward<_Args>(__args)...);
call    0 returned 2
call    1 returned 2
        2:  611:	  return __tmp;
        -:  612:	}
------------------
_ZNSt8_Rb_treeI12TEXTURE_TYPESt4pairIKS0_7TextureESt10_Select1stIS4_ESt4lessIS0_ESaIS4_EE14_M_create_nodeIJRKSt21piecewise_construct_tSt5tupleIJRS2_EESF_IJEEEEEPSt13_Rb_tree_nodeIS4_EDpOT_:
function _ZNSt8_Rb_treeI12TEXTURE_TYPESt4pairIKS0_7TextureESt10_Select1stIS4_ESt4lessIS0_ESaIS4_EE14_M_create_nodeIJRKSt21piecewise_construct_tSt5tupleIJRS2_EESF_IJEEEEEPSt13_Rb_tree_nodeIS4_EDpOT_ called 0 returned 0% blocks executed 0%
    #####:  607:	_M_create_node(_Args&&... __args)
        -:  608:	{
    #####:  609:	  _Link_type __tmp = _M_get_node();
    %%%%%:  609-block 2
call    0 never executed
    #####:  610:	  _M_construct_node(__tmp, std::forward<_Args>(__args)...);
call    0 never executed
call    1 never executed
call    2 never executed
call    3 never executed
    #####:  611:	  return __tmp;
        -:  612:	}
------------------
        -:  613:#endif
        -:  614:
        -:  615:      void
        6:  616:      _M_destroy_node(_Link_type __p) _GLIBCXX_NOEXCEPT
        -:  617:      {
        -:  618:#if __cplusplus < 201103L
        -:  619:	get_allocator().destroy(__p->_M_valptr());
        -:  620:#else
        6:  621:	_Alloc_traits::destroy(_M_get_Node_allocator(), __p->_M_valptr());
        6:  622:	__p->~_Rb_tree_node<_Val>();
        -:  623:#endif
        6:  624:      }
------------------
_ZNSt8_Rb_treeI12TEXTURE_TYPESt4pairIKS0_7TextureESt10_Select1stIS4_ESt4lessIS0_ESaIS4_EE15_M_destroy_nodeEPSt13_Rb_tree_nodeIS4_E:
function _ZNSt8_Rb_treeI12TEXTURE_TYPESt4pairIKS0_7TextureESt10_Select1stIS4_ESt4lessIS0_ESaIS4_EE15_M_destroy_nodeEPSt13_Rb_tree_nodeIS4_E called 3 returned 100% blocks executed 100%
        3:  616:      _M_destroy_node(_Link_type __p) _GLIBCXX_NOEXCEPT
        -:  617:      {
        -:  618:#if __cplusplus < 201103L
        -:  619:	get_allocator().destroy(__p->_M_valptr());
        -:  620:#else
        3:  621:	_Alloc_traits::destroy(_M_get_Node_allocator(), __p->_M_valptr());
        3:  621-block 2
call    0 returned 3
call    1 returned 3
        3:  622:	__p->~_Rb_tree_node<_Val>();
        -:  623:#endif
        3:  624:      }
------------------
_ZNSt8_Rb_treeIjjSt9_IdentityIjESt4lessIjESaIjEE15_M_destroy_nodeEPSt13_Rb_tree_nodeIjE:
function _ZNSt8_Rb_treeIjjSt9_IdentityIjESt4lessIjESaIjEE15_M_destroy_nodeEPSt13_Rb_tree_nodeIjE called 1 returned 100% blocks executed 100%
        1:  616:      _M_destroy_node(_Link_type __p) _GLIBCXX_NOEXCEPT
        -:  617:      {
        -:  618:#if __cplusplus < 201103L
        -:  619:	get_allocator().destroy(__p->_M_valptr());
        -:  620:#else
        1:  621:	_Alloc_traits::destroy(_M_get_Node_allocator(), __p->_M_valptr());
        1:  621-block 2
call    0 returned 1
call    1 returned 1
        1:  622:	__p->~_Rb_tree_node<_Val>();
        -:  623:#endif
        1:  624:      }
------------------
_ZNSt8_Rb_treeINSt7__cxx1112basic_stringIcSt11char_traitsIcESaIcEEES5_St9_IdentityIS5_ESt4lessIS5_ESaIS5_EE15_M_destroy_nodeEPSt13_Rb_tree_nodeIS5_E:
function _ZNSt8_Rb_treeINSt7__cxx1112basic_stringIcSt11char_traitsIcESaIcEEES5_St9_IdentityIS5_ESt4lessIS5_ESaIS5_EE15_M_destroy_nodeEPSt13_Rb_tree_nodeIS5_E called 2 returned 100% blocks executed 100%
        2:  616:      _M_destroy_node(_Link_type __p) _GLIBCXX_NOEXCEPT
        -:  617:      {
        -:  618:#if __cplusplus < 201103L
        -:  619:	get_allocator().destroy(__p->_M_valptr());
        -:  620:#else
        2:  621:	_Alloc_traits::destroy(_M_get_Node_allocator(), __p->_M_valptr());
        2:  621-block 2
call    0 returned 2
call    1 returned 2
        2:  622:	__p->~_Rb_tree_node<_Val>();
        -:  623:#endif
        2:  624:      }
------------------
        -:  625:
        -:  626:      void
        6:  627:      _M_drop_node(_Link_type __p) _GLIBCXX_NOEXCEPT
        -:  628:      {
        6:  629:	_M_destroy_node(__p);
        6:  630:	_M_put_node(__p);
        6:  631:      }
------------------
_ZNSt8_Rb_treeI12TEXTURE_TYPESt4pairIKS0_7TextureESt10_Select1stIS4_ESt4lessIS0_ESaIS4_EE12_M_drop_nodeEPSt13_Rb_tree_nodeIS4_E:
function _ZNSt8_Rb_treeI12TEXTURE_TYPESt4pairIKS0_7TextureESt10_Select1stIS4_ESt4lessIS0_ESaIS4_EE12_M_drop_nodeEPSt13_Rb_tree_nodeIS4_E called 3 returned 100% blocks executed 100%
        3:  627:      _M_drop_node(_Link_type __p) _GLIBCXX_NOEXCEPT
        -:  628:      {
        3:  629:	_M_destroy_node(__p);
        3:  629-block 2
call    0 returned 3
        3:  630:	_M_put_node(__p);
call    0 returned 3
        3:  631:      }
------------------
_ZNSt8_Rb_treeIjjSt9_IdentityIjESt4lessIjESaIjEE12_M_drop_nodeEPSt13_Rb_tree_nodeIjE:
function _ZNSt8_Rb_treeIjjSt9_IdentityIjESt4lessIjESaIjEE12_M_drop_nodeEPSt13_Rb_tree_nodeIjE called 1 returned 100% blocks executed 100%
        1:  627:      _M_drop_node(_Link_type __p) _GLIBCXX_NOEXCEPT
        -:  628:      {
        1:  629:	_M_destroy_node(__p);
        1:  629-block 2
call    0 returned 1
        1:  630:	_M_put_node(__p);
call    0 returned 1
        1:  631:      }
------------------
_ZNSt8_Rb_treeINSt7__cxx1112basic_stringIcSt11char_traitsIcESaIcEEES5_St9_IdentityIS5_ESt4lessIS5_ESaIS5_EE12_M_drop_nodeEPSt13_Rb_tree_nodeIS5_E:
function _ZNSt8_Rb_treeINSt7__cxx1112basic_stringIcSt11char_traitsIcESaIcEEES5_St9_IdentityIS5_ESt4lessIS5_ESaIS5_EE12_M_drop_nodeEPSt13_Rb_tree_nodeIS5_E called 2 returned 100% blocks executed 100%
        2:  627:      _M_drop_node(_Link_type __p) _GLIBCXX_NOEXCEPT
        -:  628:      {
        2:  629:	_M_destroy_node(__p);
        2:  629-block 2
call    0 returned 2
        2:  630:	_M_put_node(__p);
call    0 returned 2
        2:  631:      }
------------------
        -:  632:
        -:  633:      template<bool _MoveValue, typename _NodeGen>
        -:  634:	_Link_type
        -:  635:	_M_clone_node(_Link_type __x, _NodeGen& __node_gen)
        -:  636:	{
        -:  637:#if __cplusplus >= 201103L
        -:  638:	  using _Vp = __conditional_t<_MoveValue,
        -:  639:				      value_type&&,
        -:  640:				      const value_type&>;
        -:  641:#endif
        -:  642:	  _Link_type __tmp
        -:  643:	    = __node_gen(_GLIBCXX_FORWARD(_Vp, *__x->_M_valptr()));
        -:  644:	  __tmp->_M_color = __x->_M_color;
        -:  645:	  __tmp->_M_left = 0;
        -:  646:	  __tmp->_M_right = 0;
        -:  647:	  return __tmp;
        -:  648:	}
        -:  649:
        -:  650:    protected:
        -:  651:#if _GLIBCXX_INLINE_VERSION
        -:  652:      template<typename _Key_compare>
        -:  653:#else
        -:  654:      // Unused _Is_pod_comparator is kept as it is part of mangled name.
        -:  655:      template<typename _Key_compare,
        -:  656:	       bool /* _Is_pod_comparator */ = __is_pod(_Key_compare)>
        -:  657:#endif
        -:  658:	struct _Rb_tree_impl
        -:  659:	: public _Node_allocator
        -:  660:	, public _Rb_tree_key_compare<_Key_compare>
        -:  661:	, public _Rb_tree_header
        -:  662:	{
        -:  663:	  typedef _Rb_tree_key_compare<_Key_compare> _Base_key_compare;
        -:  664:
function _ZNSt8_Rb_treeINSt7__cxx1112basic_stringIcSt11char_traitsIcESaIcEEES5_St9_IdentityIS5_ESt4lessIS5_ESaIS5_EE13_Rb_tree_implIS9_Lb1EEC2Ev called 2 returned 100% blocks executed 100%
        2:  665:	  _Rb_tree_impl()
        2:  665-block 2
        -:  666:	    _GLIBCXX_NOEXCEPT_IF(
        -:  667:		is_nothrow_default_constructible<_Node_allocator>::value
        -:  668:		&& is_nothrow_default_constructible<_Base_key_compare>::value )
        2:  669:	  : _Node_allocator()
        2:  669-block 4
call    0 returned 2
call    1 returned 2
        2:  670:	  { }
        -:  671:
        -:  672:	  _Rb_tree_impl(const _Rb_tree_impl& __x)
        -:  673:	  : _Node_allocator(_Alloc_traits::_S_select_on_copy(__x))
        -:  674:	  , _Base_key_compare(__x._M_key_compare)
        -:  675:	  , _Rb_tree_header()
        -:  676:	  { }
        -:  677:
        -:  678:#if __cplusplus < 201103L
        -:  679:	  _Rb_tree_impl(const _Key_compare& __comp, const _Node_allocator& __a)
        -:  680:	  : _Node_allocator(__a), _Base_key_compare(__comp)
        -:  681:	  { }
        -:  682:#else
        -:  683:	  _Rb_tree_impl(_Rb_tree_impl&&)
        -:  684:	    noexcept( is_nothrow_move_constructible<_Base_key_compare>::value )
        -:  685:	  = default;
        -:  686:
        -:  687:	  explicit
        -:  688:	  _Rb_tree_impl(_Node_allocator&& __a)
        -:  689:	  : _Node_allocator(std::move(__a))
        -:  690:	  { }
        -:  691:
        -:  692:	  _Rb_tree_impl(_Rb_tree_impl&& __x, _Node_allocator&& __a)
        -:  693:	  : _Node_allocator(std::move(__a)),
        -:  694:	    _Base_key_compare(std::move(__x)),
        -:  695:	    _Rb_tree_header(std::move(__x))
        -:  696:	  { }
        -:  697:
function _ZNSt8_Rb_treeIjjSt9_IdentityIjESt4lessIjESaIjEE13_Rb_tree_implIS3_Lb1EEC2ERKS3_OSaISt13_Rb_tree_nodeIjEE called 1 returned 100% blocks executed 100%
        1:  698:	  _Rb_tree_impl(const _Key_compare& __comp, _Node_allocator&& __a)
        2:  699:	  : _Node_allocator(std::move(__a)), _Base_key_compare(__comp)
        1:  699-block 2
call    0 returned 1
        1:  699-block 5
call    1 returned 1
call    2 returned 1
        1:  700:	  { }
        -:  701:#endif
        -:  702:	};
        -:  703:
        -:  704:      _Rb_tree_impl<_Compare> _M_impl;
        -:  705:
        -:  706:    protected:
        -:  707:      _Base_ptr&
        -:  708:      _M_root() _GLIBCXX_NOEXCEPT
        -:  709:      { return this->_M_impl._M_header._M_parent; }
        -:  710:
        -:  711:      _Const_Base_ptr
        -:  712:      _M_root() const _GLIBCXX_NOEXCEPT
        -:  713:      { return this->_M_impl._M_header._M_parent; }
        -:  714:
        -:  715:      _Base_ptr&
    #####:  716:      _M_leftmost() _GLIBCXX_NOEXCEPT
    #####:  717:      { return this->_M_impl._M_header._M_left; }
------------------
_ZNSt8_Rb_treeIjjSt9_IdentityIjESt4lessIjESaIjEE11_M_leftmostEv:
function _ZNSt8_Rb_treeIjjSt9_IdentityIjESt4lessIjESaIjEE11_M_leftmostEv called 0 returned 0% blocks executed 0%
    #####:  716:      _M_leftmost() _GLIBCXX_NOEXCEPT
    #####:  717:      { return this->_M_impl._M_header._M_left; }
    %%%%%:  717-block 2
------------------
_ZNSt8_Rb_treeI12TEXTURE_TYPESt4pairIKS0_7TextureESt10_Select1stIS4_ESt4lessIS0_ESaIS4_EE11_M_leftmostEv:
function _ZNSt8_Rb_treeI12TEXTURE_TYPESt4pairIKS0_7TextureESt10_Select1stIS4_ESt4lessIS0_ESaIS4_EE11_M_leftmostEv called 0 returned 0% blocks executed 0%
    #####:  716:      _M_leftmost() _GLIBCXX_NOEXCEPT
    #####:  717:      { return this->_M_impl._M_header._M_left; }
    %%%%%:  717-block 2
------------------
        -:  718:
        -:  719:      _Const_Base_ptr
        -:  720:      _M_leftmost() const _GLIBCXX_NOEXCEPT
        -:  721:      { return this->_M_impl._M_header._M_left; }
        -:  722:
        -:  723:      _Base_ptr&
        5:  724:      _M_rightmost() _GLIBCXX_NOEXCEPT
        5:  725:      { return this->_M_impl._M_header._M_right; }
------------------
_ZNSt8_Rb_treeIjjSt9_IdentityIjESt4lessIjESaIjEE12_M_rightmostEv:
function _ZNSt8_Rb_treeIjjSt9_IdentityIjESt4lessIjESaIjEE12_M_rightmostEv called 1 returned 100% blocks executed 100%
        1:  724:      _M_rightmost() _GLIBCXX_NOEXCEPT
        1:  725:      { return this->_M_impl._M_header._M_right; }
        1:  725-block 2
------------------
_ZNSt8_Rb_treeI12TEXTURE_TYPESt4pairIKS0_7TextureESt10_Select1stIS4_ESt4lessIS0_ESaIS4_EE12_M_rightmostEv:
function _ZNSt8_Rb_treeI12TEXTURE_TYPESt4pairIKS0_7TextureESt10_Select1stIS4_ESt4lessIS0_ESaIS4_EE12_M_rightmostEv called 4 returned 100% blocks executed 100%
        4:  724:      _M_rightmost() _GLIBCXX_NOEXCEPT
        4:  725:      { return this->_M_impl._M_header._M_right; }
        4:  725-block 2
------------------
        -:  726:
        -:  727:      _Const_Base_ptr
        -:  728:      _M_rightmost() const _GLIBCXX_NOEXCEPT
        -:  729:      { return this->_M_impl._M_header._M_right; }
        -:  730:
        -:  731:      _Link_type
      572:  732:      _M_mbegin() const _GLIBCXX_NOEXCEPT
      572:  733:      { return static_cast<_Link_type>(this->_M_impl._M_header._M_parent); }
------------------
_ZNKSt8_Rb_treeI12TEXTURE_TYPESt4pairIKS0_7TextureESt10_Select1stIS4_ESt4lessIS0_ESaIS4_EE9_M_mbeginEv:
function _ZNKSt8_Rb_treeI12TEXTURE_TYPESt4pairIKS0_7TextureESt10_Select1stIS4_ESt4lessIS0_ESaIS4_EE9_M_mbeginEv called 20 returned 100% blocks executed 100%
       20:  732:      _M_mbegin() const _GLIBCXX_NOEXCEPT
       20:  733:      { return static_cast<_Link_type>(this->_M_impl._M_header._M_parent); }
       20:  733-block 2
------------------
_ZNKSt8_Rb_treeIjjSt9_IdentityIjESt4lessIjESaIjEE9_M_mbeginEv:
function _ZNKSt8_Rb_treeIjjSt9_IdentityIjESt4lessIjESaIjEE9_M_mbeginEv called 3 returned 100% blocks executed 100%
        3:  732:      _M_mbegin() const _GLIBCXX_NOEXCEPT
        3:  733:      { return static_cast<_Link_type>(this->_M_impl._M_header._M_parent); }
        3:  733-block 2
------------------
_ZNKSt8_Rb_treeINSt7__cxx1112basic_stringIcSt11char_traitsIcESaIcEEES5_St9_IdentityIS5_ESt4lessIS5_ESaIS5_EE9_M_mbeginEv:
function _ZNKSt8_Rb_treeINSt7__cxx1112basic_stringIcSt11char_traitsIcESaIcEEES5_St9_IdentityIS5_ESt4lessIS5_ESaIS5_EE9_M_mbeginEv called 549 returned 100% blocks executed 100%
      549:  732:      _M_mbegin() const _GLIBCXX_NOEXCEPT
      549:  733:      { return static_cast<_Link_type>(this->_M_impl._M_header._M_parent); }
      549:  733-block 2
------------------
        -:  734:
        -:  735:      _Link_type
      572:  736:      _M_begin() _GLIBCXX_NOEXCEPT
      572:  737:      { return _M_mbegin(); }
------------------
_ZNSt8_Rb_treeI12TEXTURE_TYPESt4pairIKS0_7TextureESt10_Select1stIS4_ESt4lessIS0_ESaIS4_EE8_M_beginEv:
function _ZNSt8_Rb_treeI12TEXTURE_TYPESt4pairIKS0_7TextureESt10_Select1stIS4_ESt4lessIS0_ESaIS4_EE8_M_beginEv called 20 returned 100% blocks executed 100%
       20:  736:      _M_begin() _GLIBCXX_NOEXCEPT
       20:  737:      { return _M_mbegin(); }
       20:  737-block 2
call    0 returned 20
------------------
_ZNSt8_Rb_treeIjjSt9_IdentityIjESt4lessIjESaIjEE8_M_beginEv:
function _ZNSt8_Rb_treeIjjSt9_IdentityIjESt4lessIjESaIjEE8_M_beginEv called 3 returned 100% blocks executed 100%
        3:  736:      _M_begin() _GLIBCXX_NOEXCEPT
        3:  737:      { return _M_mbegin(); }
        3:  737-block 2
call    0 returned 3
------------------
_ZNSt8_Rb_treeINSt7__cxx1112basic_stringIcSt11char_traitsIcESaIcEEES5_St9_IdentityIS5_ESt4lessIS5_ESaIS5_EE8_M_beginEv:
function _ZNSt8_Rb_treeINSt7__cxx1112basic_stringIcSt11char_traitsIcESaIcEEES5_St9_IdentityIS5_ESt4lessIS5_ESaIS5_EE8_M_beginEv called 549 returned 100% blocks executed 100%
      549:  736:      _M_begin() _GLIBCXX_NOEXCEPT
      549:  737:      { return _M_mbegin(); }
      549:  737-block 2
call    0 returned 549
------------------
        -:  738:
        -:  739:      _Const_Link_type
        -:  740:      _M_begin() const _GLIBCXX_NOEXCEPT
        -:  741:      {
        -:  742:	return static_cast<_Const_Link_type>
        -:  743:	  (this->_M_impl._M_header._M_parent);
        -:  744:      }
        -:  745:
        -:  746:      _Base_ptr
      370:  747:      _M_end() _GLIBCXX_NOEXCEPT
      370:  748:      { return &this->_M_impl._M_header; }
------------------
_ZNSt8_Rb_treeIjjSt9_IdentityIjESt4lessIjESaIjEE6_M_endEv:
function _ZNSt8_Rb_treeIjjSt9_IdentityIjESt4lessIjESaIjEE6_M_endEv called 5 returned 100% blocks executed 100%
        5:  747:      _M_end() _GLIBCXX_NOEXCEPT
        5:  748:      { return &this->_M_impl._M_header; }
        5:  748-block 2
------------------
_ZNSt8_Rb_treeI12TEXTURE_TYPESt4pairIKS0_7TextureESt10_Select1stIS4_ESt4lessIS0_ESaIS4_EE6_M_endEv:
function _ZNSt8_Rb_treeI12TEXTURE_TYPESt4pairIKS0_7TextureESt10_Select1stIS4_ESt4lessIS0_ESaIS4_EE6_M_endEv called 25 returned 100% blocks executed 100%
       25:  747:      _M_end() _GLIBCXX_NOEXCEPT
       25:  748:      { return &this->_M_impl._M_header; }
       25:  748-block 2
------------------
_ZNSt8_Rb_treeINSt7__cxx1112basic_stringIcSt11char_traitsIcESaIcEEES5_St9_IdentityIS5_ESt4lessIS5_ESaIS5_EE6_M_endEv:
function _ZNSt8_Rb_treeINSt7__cxx1112basic_stringIcSt11char_traitsIcESaIcEEES5_St9_IdentityIS5_ESt4lessIS5_ESaIS5_EE6_M_endEv called 340 returned 100% blocks executed 100%
      340:  747:      _M_end() _GLIBCXX_NOEXCEPT
      340:  748:      { return &this->_M_impl._M_header; }
      340:  748-block 2
------------------
        -:  749:
        -:  750:      _Const_Base_ptr
        -:  751:      _M_end() const _GLIBCXX_NOEXCEPT
        -:  752:      { return &this->_M_impl._M_header; }
        -:  753:
        -:  754:      static const _Key&
      305:  755:      _S_key(_Const_Link_type __x)
        -:  756:      {
        -:  757:#if __cplusplus >= 201103L
        -:  758:	// If we're asking for the key we're presumably using the comparison
        -:  759:	// object, and so this is a good place to sanity check it.
        -:  760:	static_assert(__is_invocable<_Compare&, const _Key&, const _Key&>{},
        -:  761:		      "comparison object must be invocable "
        -:  762:		      "with two arguments of key type");
        -:  763:# if __cplusplus >= 201703L
        -:  764:	// _GLIBCXX_RESOLVE_LIB_DEFECTS
        -:  765:	// 2542. Missing const requirements for associative containers
        -:  766:	if constexpr (__is_invocable<_Compare&, const _Key&, const _Key&>{})
        -:  767:	  static_assert(
        -:  768:	      is_invocable_v<const _Compare&, const _Key&, const _Key&>,
        -:  769:	      "comparison object must be invocable as const");
        -:  770:# endif // C++17
        -:  771:#endif // C++11
        -:  772:
      305:  773:	return _KeyOfValue()(*__x->_M_valptr());
        -:  774:      }
------------------
_ZNSt8_Rb_treeIjjSt9_IdentityIjESt4lessIjESaIjEE6_S_keyEPKSt13_Rb_tree_nodeIjE:
function _ZNSt8_Rb_treeIjjSt9_IdentityIjESt4lessIjESaIjEE6_S_keyEPKSt13_Rb_tree_nodeIjE called 3 returned 100% blocks executed 100%
        3:  755:      _S_key(_Const_Link_type __x)
        -:  756:      {
        -:  757:#if __cplusplus >= 201103L
        -:  758:	// If we're asking for the key we're presumably using the comparison
        -:  759:	// object, and so this is a good place to sanity check it.
        -:  760:	static_assert(__is_invocable<_Compare&, const _Key&, const _Key&>{},
        -:  761:		      "comparison object must be invocable "
        -:  762:		      "with two arguments of key type");
        -:  763:# if __cplusplus >= 201703L
        -:  764:	// _GLIBCXX_RESOLVE_LIB_DEFECTS
        -:  765:	// 2542. Missing const requirements for associative containers
        -:  766:	if constexpr (__is_invocable<_Compare&, const _Key&, const _Key&>{})
        -:  767:	  static_assert(
        -:  768:	      is_invocable_v<const _Compare&, const _Key&, const _Key&>,
        -:  769:	      "comparison object must be invocable as const");
        -:  770:# endif // C++17
        -:  771:#endif // C++11
        -:  772:
        3:  773:	return _KeyOfValue()(*__x->_M_valptr());
        3:  773-block 2
call    0 returned 3
call    1 returned 3
        -:  774:      }
------------------
_ZNSt8_Rb_treeI12TEXTURE_TYPESt4pairIKS0_7TextureESt10_Select1stIS4_ESt4lessIS0_ESaIS4_EE6_S_keyEPKSt13_Rb_tree_nodeIS4_E:
function _ZNSt8_Rb_treeI12TEXTURE_TYPESt4pairIKS0_7TextureESt10_Select1stIS4_ESt4lessIS0_ESaIS4_EE6_S_keyEPKSt13_Rb_tree_nodeIS4_E called 42 returned 100% blocks executed 100%
       42:  755:      _S_key(_Const_Link_type __x)
        -:  756:      {
        -:  757:#if __cplusplus >= 201103L
        -:  758:	// If we're asking for the key we're presumably using the comparison
        -:  759:	// object, and so this is a good place to sanity check it.
        -:  760:	static_assert(__is_invocable<_Compare&, const _Key&, const _Key&>{},
        -:  761:		      "comparison object must be invocable "
        -:  762:		      "with two arguments of key type");
        -:  763:# if __cplusplus >= 201703L
        -:  764:	// _GLIBCXX_RESOLVE_LIB_DEFECTS
        -:  765:	// 2542. Missing const requirements for associative containers
        -:  766:	if constexpr (__is_invocable<_Compare&, const _Key&, const _Key&>{})
        -:  767:	  static_assert(
        -:  768:	      is_invocable_v<const _Compare&, const _Key&, const _Key&>,
        -:  769:	      "comparison object must be invocable as const");
        -:  770:# endif // C++17
        -:  771:#endif // C++11
        -:  772:
       42:  773:	return _KeyOfValue()(*__x->_M_valptr());
       42:  773-block 2
call    0 returned 42
call    1 returned 42
        -:  774:      }
------------------
_ZNSt8_Rb_treeINSt7__cxx1112basic_stringIcSt11char_traitsIcESaIcEEES5_St9_IdentityIS5_ESt4lessIS5_ESaIS5_EE6_S_keyEPKSt13_Rb_tree_nodeIS5_E:
function _ZNSt8_Rb_treeINSt7__cxx1112basic_stringIcSt11char_traitsIcESaIcEEES5_St9_IdentityIS5_ESt4lessIS5_ESaIS5_EE6_S_keyEPKSt13_Rb_tree_nodeIS5_E called 260 returned 100% blocks executed 100%
      260:  755:      _S_key(_Const_Link_type __x)
        -:  756:      {
        -:  757:#if __cplusplus >= 201103L
        -:  758:	// If we're asking for the key we're presumably using the comparison
        -:  759:	// object, and so this is a good place to sanity check it.
        -:  760:	static_assert(__is_invocable<_Compare&, const _Key&, const _Key&>{},
        -:  761:		      "comparison object must be invocable "
        -:  762:		      "with two arguments of key type");
        -:  763:# if __cplusplus >= 201703L
        -:  764:	// _GLIBCXX_RESOLVE_LIB_DEFECTS
        -:  765:	// 2542. Missing const requirements for associative containers
        -:  766:	if constexpr (__is_invocable<_Compare&, const _Key&, const _Key&>{})
        -:  767:	  static_assert(
        -:  768:	      is_invocable_v<const _Compare&, const _Key&, const _Key&>,
        -:  769:	      "comparison object must be invocable as const");
        -:  770:# endif // C++17
        -:  771:#endif // C++11
        -:  772:
      260:  773:	return _KeyOfValue()(*__x->_M_valptr());
      260:  773-block 2
call    0 returned 260
call    1 returned 260
        -:  774:      }
------------------
        -:  775:
        -:  776:      static _Link_type
      155:  777:      _S_left(_Base_ptr __x) _GLIBCXX_NOEXCEPT
      155:  778:      { return static_cast<_Link_type>(__x->_M_left); }
------------------
_ZNSt8_Rb_treeI12TEXTURE_TYPESt4pairIKS0_7TextureESt10_Select1stIS4_ESt4lessIS0_ESaIS4_EE7_S_leftEPSt18_Rb_tree_node_base:
function _ZNSt8_Rb_treeI12TEXTURE_TYPESt4pairIKS0_7TextureESt10_Select1stIS4_ESt4lessIS0_ESaIS4_EE7_S_leftEPSt18_Rb_tree_node_base called 23 returned 100% blocks executed 100%
       23:  777:      _S_left(_Base_ptr __x) _GLIBCXX_NOEXCEPT
       23:  778:      { return static_cast<_Link_type>(__x->_M_left); }
       23:  778-block 2
------------------
_ZNSt8_Rb_treeIjjSt9_IdentityIjESt4lessIjESaIjEE7_S_leftEPSt18_Rb_tree_node_base:
function _ZNSt8_Rb_treeIjjSt9_IdentityIjESt4lessIjESaIjEE7_S_leftEPSt18_Rb_tree_node_base called 1 returned 100% blocks executed 100%
        1:  777:      _S_left(_Base_ptr __x) _GLIBCXX_NOEXCEPT
        1:  778:      { return static_cast<_Link_type>(__x->_M_left); }
        1:  778-block 2
------------------
_ZNSt8_Rb_treeINSt7__cxx1112basic_stringIcSt11char_traitsIcESaIcEEES5_St9_IdentityIS5_ESt4lessIS5_ESaIS5_EE7_S_leftEPSt18_Rb_tree_node_base:
function _ZNSt8_Rb_treeINSt7__cxx1112basic_stringIcSt11char_traitsIcESaIcEEES5_St9_IdentityIS5_ESt4lessIS5_ESaIS5_EE7_S_leftEPSt18_Rb_tree_node_base called 131 returned 100% blocks executed 100%
      131:  777:      _S_left(_Base_ptr __x) _GLIBCXX_NOEXCEPT
      131:  778:      { return static_cast<_Link_type>(__x->_M_left); }
      131:  778-block 2
------------------
        -:  779:
        -:  780:      static _Const_Link_type
        -:  781:      _S_left(_Const_Base_ptr __x) _GLIBCXX_NOEXCEPT
        -:  782:      { return static_cast<_Const_Link_type>(__x->_M_left); }
        -:  783:
        -:  784:      static _Link_type
       22:  785:      _S_right(_Base_ptr __x) _GLIBCXX_NOEXCEPT
       22:  786:      { return static_cast<_Link_type>(__x->_M_right); }
------------------
_ZNSt8_Rb_treeI12TEXTURE_TYPESt4pairIKS0_7TextureESt10_Select1stIS4_ESt4lessIS0_ESaIS4_EE8_S_rightEPSt18_Rb_tree_node_base:
function _ZNSt8_Rb_treeI12TEXTURE_TYPESt4pairIKS0_7TextureESt10_Select1stIS4_ESt4lessIS0_ESaIS4_EE8_S_rightEPSt18_Rb_tree_node_base called 16 returned 100% blocks executed 100%
       16:  785:      _S_right(_Base_ptr __x) _GLIBCXX_NOEXCEPT
       16:  786:      { return static_cast<_Link_type>(__x->_M_right); }
       16:  786-block 2
------------------
_ZNSt8_Rb_treeIjjSt9_IdentityIjESt4lessIjESaIjEE8_S_rightEPSt18_Rb_tree_node_base:
function _ZNSt8_Rb_treeIjjSt9_IdentityIjESt4lessIjESaIjEE8_S_rightEPSt18_Rb_tree_node_base called 2 returned 100% blocks executed 100%
        2:  785:      _S_right(_Base_ptr __x) _GLIBCXX_NOEXCEPT
        2:  786:      { return static_cast<_Link_type>(__x->_M_right); }
        2:  786-block 2
------------------
_ZNSt8_Rb_treeINSt7__cxx1112basic_stringIcSt11char_traitsIcESaIcEEES5_St9_IdentityIS5_ESt4lessIS5_ESaIS5_EE8_S_rightEPSt18_Rb_tree_node_base:
function _ZNSt8_Rb_treeINSt7__cxx1112basic_stringIcSt11char_traitsIcESaIcEEES5_St9_IdentityIS5_ESt4lessIS5_ESaIS5_EE8_S_rightEPSt18_Rb_tree_node_base called 4 returned 100% blocks executed 100%
        4:  785:      _S_right(_Base_ptr __x) _GLIBCXX_NOEXCEPT
        4:  786:      { return static_cast<_Link_type>(__x->_M_right); }
        4:  786-block 2
------------------
        -:  787:
        -:  788:      static _Const_Link_type
        -:  789:      _S_right(_Const_Base_ptr __x) _GLIBCXX_NOEXCEPT
        -:  790:      { return static_cast<_Const_Link_type>(__x->_M_right); }
        -:  791:
        -:  792:      static const _Key&
       6*:  793:      _S_key(_Const_Base_ptr __x)
       6*:  794:      { return _S_key(static_cast<_Const_Link_type>(__x)); }
------------------
_ZNSt8_Rb_treeIjjSt9_IdentityIjESt4lessIjESaIjEE6_S_keyEPKSt18_Rb_tree_node_base:
function _ZNSt8_Rb_treeIjjSt9_IdentityIjESt4lessIjESaIjEE6_S_keyEPKSt18_Rb_tree_node_base called 2 returned 100% blocks executed 100%
        2:  793:      _S_key(_Const_Base_ptr __x)
        2:  794:      { return _S_key(static_cast<_Const_Link_type>(__x)); }
        2:  794-block 2
call    0 returned 2
------------------
_ZNSt8_Rb_treeINSt7__cxx1112basic_stringIcSt11char_traitsIcESaIcEEES5_St9_IdentityIS5_ESt4lessIS5_ESaIS5_EE6_S_keyEPKSt18_Rb_tree_node_base:
function _ZNSt8_Rb_treeINSt7__cxx1112basic_stringIcSt11char_traitsIcESaIcEEES5_St9_IdentityIS5_ESt4lessIS5_ESaIS5_EE6_S_keyEPKSt18_Rb_tree_node_base called 0 returned 0% blocks executed 0%
    #####:  793:      _S_key(_Const_Base_ptr __x)
    #####:  794:      { return _S_key(static_cast<_Const_Link_type>(__x)); }
    %%%%%:  794-block 2
call    0 never executed
------------------
_ZNSt8_Rb_treeI12TEXTURE_TYPESt4pairIKS0_7TextureESt10_Select1stIS4_ESt4lessIS0_ESaIS4_EE6_S_keyEPKSt18_Rb_tree_node_base:
function _ZNSt8_Rb_treeI12TEXTURE_TYPESt4pairIKS0_7TextureESt10_Select1stIS4_ESt4lessIS0_ESaIS4_EE6_S_keyEPKSt18_Rb_tree_node_base called 4 returned 100% blocks executed 100%
        4:  793:      _S_key(_Const_Base_ptr __x)
        4:  794:      { return _S_key(static_cast<_Const_Link_type>(__x)); }
        4:  794-block 2
call    0 returned 4
------------------
        -:  795:
        -:  796:      static _Base_ptr
        -:  797:      _S_minimum(_Base_ptr __x) _GLIBCXX_NOEXCEPT
        -:  798:      { return _Rb_tree_node_base::_S_minimum(__x); }
        -:  799:
        -:  800:      static _Const_Base_ptr
        -:  801:      _S_minimum(_Const_Base_ptr __x) _GLIBCXX_NOEXCEPT
        -:  802:      { return _Rb_tree_node_base::_S_minimum(__x); }
        -:  803:
        -:  804:      static _Base_ptr
        -:  805:      _S_maximum(_Base_ptr __x) _GLIBCXX_NOEXCEPT
        -:  806:      { return _Rb_tree_node_base::_S_maximum(__x); }
        -:  807:
        -:  808:      static _Const_Base_ptr
        -:  809:      _S_maximum(_Const_Base_ptr __x) _GLIBCXX_NOEXCEPT
        -:  810:      { return _Rb_tree_node_base::_S_maximum(__x); }
        -:  811:
        -:  812:    public:
        -:  813:      typedef _Rb_tree_iterator<value_type>       iterator;
        -:  814:      typedef _Rb_tree_const_iterator<value_type> const_iterator;
        -:  815:
        -:  816:      typedef std::reverse_iterator<iterator>       reverse_iterator;
        -:  817:      typedef std::reverse_iterator<const_iterator> const_reverse_iterator;
        -:  818:
        -:  819:#if __cplusplus > 201402L
        -:  820:      using node_type = _Node_handle<_Key, _Val, _Node_allocator>;
        -:  821:      using insert_return_type = _Node_insert_return<
        -:  822:	__conditional_t<is_same_v<_Key, _Val>, const_iterator, iterator>,
        -:  823:	node_type>;
        -:  824:#endif
        -:  825:
        -:  826:      pair<_Base_ptr, _Base_ptr>
        -:  827:      _M_get_insert_unique_pos(const key_type& __k);
        -:  828:
        -:  829:      pair<_Base_ptr, _Base_ptr>
        -:  830:      _M_get_insert_equal_pos(const key_type& __k);
        -:  831:
        -:  832:      pair<_Base_ptr, _Base_ptr>
        -:  833:      _M_get_insert_hint_unique_pos(const_iterator __pos,
        -:  834:				    const key_type& __k);
        -:  835:
        -:  836:      pair<_Base_ptr, _Base_ptr>
        -:  837:      _M_get_insert_hint_equal_pos(const_iterator __pos,
        -:  838:				   const key_type& __k);
        -:  839:
        -:  840:    private:
        -:  841:#if __cplusplus >= 201103L
        -:  842:      template<typename _Arg, typename _NodeGen>
        -:  843:	iterator
        -:  844:	_M_insert_(_Base_ptr __x, _Base_ptr __y, _Arg&& __v, _NodeGen&);
        -:  845:
        -:  846:      iterator
        -:  847:      _M_insert_node(_Base_ptr __x, _Base_ptr __y, _Link_type __z);
        -:  848:
        -:  849:      template<typename _Arg>
        -:  850:	iterator
        -:  851:	_M_insert_lower(_Base_ptr __y, _Arg&& __v);
        -:  852:
        -:  853:      template<typename _Arg>
        -:  854:	iterator
        -:  855:	_M_insert_equal_lower(_Arg&& __x);
        -:  856:
        -:  857:      iterator
        -:  858:      _M_insert_lower_node(_Base_ptr __p, _Link_type __z);
        -:  859:
        -:  860:      iterator
        -:  861:      _M_insert_equal_lower_node(_Link_type __z);
        -:  862:#else
        -:  863:      template<typename _NodeGen>
        -:  864:	iterator
        -:  865:	_M_insert_(_Base_ptr __x, _Base_ptr __y,
        -:  866:		   const value_type& __v, _NodeGen&);
        -:  867:
        -:  868:      // _GLIBCXX_RESOLVE_LIB_DEFECTS
        -:  869:      // 233. Insertion hints in associative containers.
        -:  870:      iterator
        -:  871:      _M_insert_lower(_Base_ptr __y, const value_type& __v);
        -:  872:
        -:  873:      iterator
        -:  874:      _M_insert_equal_lower(const value_type& __x);
        -:  875:#endif
        -:  876:
        -:  877:      enum { __as_lvalue, __as_rvalue };
        -:  878:
        -:  879:      template<bool _MoveValues, typename _NodeGen>
        -:  880:	_Link_type
        -:  881:	_M_copy(_Link_type, _Base_ptr, _NodeGen&);
        -:  882:
        -:  883:      template<bool _MoveValues, typename _NodeGen>
        -:  884:	_Link_type
        -:  885:	_M_copy(const _Rb_tree& __x, _NodeGen& __gen)
        -:  886:	{
        -:  887:	  _Link_type __root =
        -:  888:	    _M_copy<_MoveValues>(__x._M_mbegin(), _M_end(), __gen);
        -:  889:	  _M_leftmost() = _S_minimum(__root);
        -:  890:	  _M_rightmost() = _S_maximum(__root);
        -:  891:	  _M_impl._M_node_count = __x._M_impl._M_node_count;
        -:  892:	  return __root;
        -:  893:	}
        -:  894:
        -:  895:      _Link_type
        -:  896:      _M_copy(const _Rb_tree& __x)
        -:  897:      {
        -:  898:	_Alloc_node __an(*this);
        -:  899:	return _M_copy<__as_lvalue>(__x, __an);
        -:  900:      }
        -:  901:
        -:  902:      void
        -:  903:      _M_erase(_Link_type __x);
        -:  904:
        -:  905:      iterator
        -:  906:      _M_lower_bound(_Link_type __x, _Base_ptr __y,
        -:  907:		     const _Key& __k);
        -:  908:
        -:  909:      const_iterator
        -:  910:      _M_lower_bound(_Const_Link_type __x, _Const_Base_ptr __y,
        -:  911:		     const _Key& __k) const;
        -:  912:
        -:  913:      iterator
        -:  914:      _M_upper_bound(_Link_type __x, _Base_ptr __y,
        -:  915:		     const _Key& __k);
        -:  916:
        -:  917:      const_iterator
        -:  918:      _M_upper_bound(_Const_Link_type __x, _Const_Base_ptr __y,
        -:  919:		     const _Key& __k) const;
        -:  920:
        -:  921:    public:
[...]
        -: 2350:      _M_insert_equal_(const_iterator __position,
        -: 2351:#if __cplusplus >= 201103L
        -: 2352:		       _Arg&& __v,
        -: 2353:#else
        -: 2354:		       const _Val& __v,
        -: 2355:#endif
        -: 2356:		       _NodeGen& __node_gen)
        -: 2357:      {
        -: 2358:	pair<_Base_ptr, _Base_ptr> __res
        -: 2359:	  = _M_get_insert_hint_equal_pos(__position, _KeyOfValue()(__v));
        -: 2360:
        -: 2361:	if (__res.second)
        -: 2362:	  return _M_insert_(__res.first, __res.second,
        -: 2363:			    _GLIBCXX_FORWARD(_Arg, __v),
        -: 2364:			    __node_gen);
        -: 2365:
        -: 2366:	return _M_insert_equal_lower(_GLIBCXX_FORWARD(_Arg, __v));
        -: 2367:      }
        -: 2368:
        -: 2369:#if __cplusplus >= 201103L
        -: 2370:  template<typename _Key, typename _Val, typename _KeyOfValue,
        -: 2371:	   typename _Compare, typename _Alloc>
        -: 2372:    auto
        5: 2373:    _Rb_tree<_Key, _Val, _KeyOfValue, _Compare, _Alloc>::
        -: 2374:    _M_insert_node(_Base_ptr __x, _Base_ptr __p, _Link_type __z)
        -: 2375:    -> iterator
        -: 2376:    {
        5: 2377:      bool __insert_left = (__x != 0 || __p == _M_end()
      10*: 2378:			    || _M_impl._M_key_compare(_S_key(__z),
        -: 2379:						      _S_key(__p)));
        -: 2380:
        5: 2381:      _Rb_tree_insert_and_rebalance(__insert_left, __z, __p,
        5: 2382:				    this->_M_impl._M_header);
        5: 2383:      ++_M_impl._M_node_count;
        5: 2384:      return iterator(__z);
        -: 2385:    }
------------------
_ZNSt8_Rb_treeINSt7__cxx1112basic_stringIcSt11char_traitsIcESaIcEEES5_St9_IdentityIS5_ESt4lessIS5_ESaIS5_EE14_M_insert_nodeEPSt18_Rb_tree_node_baseSD_PSt13_Rb_tree_nodeIS5_E:
function _ZNSt8_Rb_treeINSt7__cxx1112basic_stringIcSt11char_traitsIcESaIcEEES5_St9_IdentityIS5_ESt4lessIS5_ESaIS5_EE14_M_insert_nodeEPSt18_Rb_tree_node_baseSD_PSt13_Rb_tree_nodeIS5_E called 2 returned 100% blocks executed 64%
        2: 2373:    _Rb_tree<_Key, _Val, _KeyOfValue, _Compare, _Alloc>::
        -: 2374:    _M_insert_node(_Base_ptr __x, _Base_ptr __p, _Link_type __z)
        -: 2375:    -> iterator
        -: 2376:    {
        2: 2377:      bool __insert_left = (__x != 0 || __p == _M_end()
        2: 2377-block 3
call    0 returned 2
branch  1 taken 0 (fallthrough)
branch  2 taken 2
       4*: 2378:			    || _M_impl._M_key_compare(_S_key(__z),
        2: 2378-block 2
branch  0 taken 2 (fallthrough)
branch  1 taken 0
    %%%%%: 2378-block 5
call    2 never executed
call    3 never executed
call    4 never executed
branch  5 never executed (fallthrough)
branch  6 never executed
        2: 2378-block 9
    %%%%%: 2378-block 10
        -: 2379:						      _S_key(__p)));
        -: 2380:
        2: 2381:      _Rb_tree_insert_and_rebalance(__insert_left, __z, __p,
        2: 2382:				    this->_M_impl._M_header);
        2: 2382-block 11
call    0 returned 2
        2: 2383:      ++_M_impl._M_node_count;
        2: 2384:      return iterator(__z);
call    0 returned 2
        2: 2384-block 14
        -: 2385:    }
------------------
_ZNSt8_Rb_treeI12TEXTURE_TYPESt4pairIKS0_7TextureESt10_Select1stIS4_ESt4lessIS0_ESaIS4_EE14_M_insert_nodeEPSt18_Rb_tree_node_baseSC_PSt13_Rb_tree_nodeIS4_E:
function _ZNSt8_Rb_treeI12TEXTURE_TYPESt4pairIKS0_7TextureESt10_Select1stIS4_ESt4lessIS0_ESaIS4_EE14_M_insert_nodeEPSt18_Rb_tree_node_baseSC_PSt13_Rb_tree_nodeIS4_E called 3 returned 100% blocks executed 100%
        3: 2373:    _Rb_tree<_Key, _Val, _KeyOfValue, _Compare, _Alloc>::
        -: 2374:    _M_insert_node(_Base_ptr __x, _Base_ptr __p, _Link_type __z)
        -: 2375:    -> iterator
        -: 2376:    {
        3: 2377:      bool __insert_left = (__x != 0 || __p == _M_end()
        3: 2377-block 3
call    0 returned 3
branch  1 taken 2 (fallthrough)
branch  2 taken 1
        6: 2378:			    || _M_impl._M_key_compare(_S_key(__z),
        3: 2378-block 2
branch  0 taken 3 (fallthrough)
branch  1 taken 0
        2: 2378-block 5
call    2 returned 2
call    3 returned 2
call    4 returned 2
branch  5 taken 0 (fallthrough)
branch  6 taken 2
        1: 2378-block 9
        2: 2378-block 10
        -: 2379:						      _S_key(__p)));
        -: 2380:
        3: 2381:      _Rb_tree_insert_and_rebalance(__insert_left, __z, __p,
        3: 2382:				    this->_M_impl._M_header);
        3: 2382-block 11
call    0 returned 3
        3: 2383:      ++_M_impl._M_node_count;
        3: 2384:      return iterator(__z);
call    0 returned 3
        3: 2384-block 14
        -: 2385:    }
------------------
        -: 2386:
        -: 2387:  template<typename _Key, typename _Val, typename _KeyOfValue,
        -: 2388:	   typename _Compare, typename _Alloc>
        -: 2389:    auto
        -: 2390:    _Rb_tree<_Key, _Val, _KeyOfValue, _Compare, _Alloc>::
        -: 2391:    _M_insert_lower_node(_Base_ptr __p, _Link_type __z)
        -: 2392:    -> iterator
        -: 2393:    {
        -: 2394:      bool __insert_left = (__p == _M_end()
        -: 2395:			    || !_M_impl._M_key_compare(_S_key(__p),
        -: 2396:						       _S_key(__z)));
        -: 2397:
        -: 2398:      _Rb_tree_insert_and_rebalance(__insert_left, __z, __p,
        -: 2399:				    this->_M_impl._M_header);
        -: 2400:      ++_M_impl._M_node_count;
        -: 2401:      return iterator(__z);
        -: 2402:    }
        -: 2403:
        -: 2404:  template<typename _Key, typename _Val, typename _KeyOfValue,
        -: 2405:	   typename _Compare, typename _Alloc>
        -: 2406:    auto
        -: 2407:    _Rb_tree<_Key, _Val, _KeyOfValue, _Compare, _Alloc>::
        -: 2408:    _M_insert_equal_lower_node(_Link_type __z)
        -: 2409:    -> iterator
        -: 2410:    {
        -: 2411:      _Link_type __x = _M_begin();
        -: 2412:      _Base_ptr __y = _M_end();
        -: 2413:      while (__x != 0)
        -: 2414:	{
        -: 2415:	  __y = __x;
        -: 2416:	  __x = !_M_impl._M_key_compare(_S_key(__x), _S_key(__z)) ?
        -: 2417:		_S_left(__x) : _S_right(__x);
        -: 2418:	}
        -: 2419:      return _M_insert_lower_node(__y, __z);
        -: 2420:    }
        -: 2421:
        -: 2422:  template<typename _Key, typename _Val, typename _KeyOfValue,
        -: 2423:	   typename _Compare, typename _Alloc>
        -: 2424:    template<typename... _Args>
        -: 2425:      auto
function _ZNSt8_Rb_treeINSt7__cxx1112basic_stringIcSt11char_traitsIcESaIcEEES5_St9_IdentityIS5_ESt4lessIS5_ESaIS5_EE17_M_emplace_uniqueIJRKPKcEEESt4pairISt17_Rb_tree_iteratorIS5_EbEDpOT_ called 2 returned 100% blocks executed 62%
        2: 2426:      _Rb_tree<_Key, _Val, _KeyOfValue, _Compare, _Alloc>::
        -: 2427:      _M_emplace_unique(_Args&&... __args)
        -: 2428:      -> pair<iterator, bool>
        -: 2429:      {
        2: 2430:	_Auto_node __z(*this, std::forward<_Args>(__args)...);
        2: 2430-block 2
call    0 returned 2
call    1 returned 2
branch  2 taken 2 (fallthrough)
branch  3 taken 0 (throw)
        2: 2431:	auto __res = _M_get_insert_unique_pos(__z._M_key());
        2: 2431-block 4
call    0 returned 2
branch  1 taken 2 (fallthrough)
branch  2 taken 0 (throw)
        2: 2431-block 5
call    3 returned 2
branch  4 taken 2 (fallthrough)
branch  5 taken 0 (throw)
        2: 2432:	if (__res.second)
        2: 2432-block 6
branch  0 taken 2 (fallthrough)
branch  1 taken 0
        2: 2433:	  return {__z._M_insert(__res), true};
        2: 2433-block 7
call    0 returned 2
branch  1 taken 2 (fallthrough)
branch  2 taken 0 (throw)
        2: 2433-block 8
call    3 returned 2
        2: 2433-block 10
    $$$$$: 2433-block 18
    $$$$$: 2433-block 19
    #####: 2434:	return {iterator(__res.first), false};
    %%%%%: 2434-block 11
call    0 never executed
call    1 never executed
    %%%%%: 2434-block 14
        2: 2435:      }
        2: 2435-block 15
call    0 returned 2
    $$$$$: 2435-block 20
call    1 never executed
        -: 2436:
        -: 2437:  template<typename _Key, typename _Val, typename _KeyOfValue,
        -: 2438:	   typename _Compare, typename _Alloc>
        -: 2439:    template<typename... _Args>
        -: 2440:      auto
        -: 2441:      _Rb_tree<_Key, _Val, _KeyOfValue, _Compare, _Alloc>::
        -: 2442:      _M_emplace_equal(_Args&&... __args)
        -: 2443:      -> iterator
        -: 2444:      {
        -: 2445:	_Auto_node __z(*this, std::forward<_Args>(__args)...);
        -: 2446:	auto __res = _M_get_insert_equal_pos(__z._M_key());
        -: 2447:	return __z._M_insert(__res);
        -: 2448:      }
        -: 2449:
        -: 2450:  template<typename _Key, typename _Val, typename _KeyOfValue,
        -: 2451:	   typename _Compare, typename _Alloc>
        -: 2452:    template<typename... _Args>
        -: 2453:      auto
function _ZNSt8_Rb_treeI12TEXTURE_TYPESt4pairIKS0_7TextureESt10_Select1stIS4_ESt4lessIS0_ESaIS4_EE22_M_emplace_hint_uniqueIJRKSt21piecewise_construct_tSt5tupleIJRS2_EESF_IJEEEEESt17_Rb_tree_iteratorIS4_ESt23_Rb_tree_const_iteratorIS4_EDpOT_ called 0 returned 0% blocks executed 0%
    #####: 2454:      _Rb_tree<_Key, _Val, _KeyOfValue, _Compare, _Alloc>::
        -: 2455:      _M_emplace_hint_unique(const_iterator __pos, _Args&&... __args)
        -: 2456:      -> iterator
        -: 2457:      {
    #####: 2458:	_Auto_node __z(*this, std::forward<_Args>(__args)...);
    %%%%%: 2458-block 2
call    0 never executed
call    1 never executed
call    2 never executed
call    3 never executed
branch  4 never executed (fallthrough)
branch  5 never executed (throw)
    #####: 2459:	auto __res = _M_get_insert_hint_unique_pos(__pos, __z._M_key());
    %%%%%: 2459-block 6
call    0 never executed
branch  1 never executed (fallthrough)
branch  2 never executed (throw)
    %%%%%: 2459-block 7
call    3 never executed
branch  4 never executed (fallthrough)
branch  5 never executed (throw)
    #####: 2460:	if (__res.second)
    %%%%%: 2460-block 8
branch  0 never executed (fallthrough)
branch  1 never executed
    #####: 2461:	  return __z._M_insert(__res);
    %%%%%: 2461-block 9
call    0 never executed
branch  1 never executed (fallthrough)
branch  2 never executed (throw)
    %%%%%: 2461-block 10
    #####: 2462:	return iterator(__res.first);
    %%%%%: 2462-block 11
call    0 never executed
    %%%%%: 2462-block 13
    #####: 2463:      }
    %%%%%: 2463-block 14
call    0 never executed
    $$$$$: 2463-block 17
call    1 never executed
        -: 2464:
        -: 2465:  template<typename _Key, typename _Val, typename _KeyOfValue,
        -: 2466:	   typename _Compare, typename _Alloc>
        -: 2467:    template<typename... _Args>
        -: 2468:      auto
        -: 2469:      _Rb_tree<_Key, _Val, _KeyOfValue, _Compare, _Alloc>::
        -: 2470:      _M_emplace_hint_equal(const_iterator __pos, _Args&&... __args)
        -: 2471:      -> iterator
        -: 2472:      {
        -: 2473:	_Auto_node __z(*this, std::forward<_Args>(__args)...);
        -: 2474:	auto __res = _M_get_insert_hint_equal_pos(__pos, __z._M_key());
        -: 2475:	if (__res.second)
        -: 2476:	  return __z._M_insert(__res);
        -: 2477:	return __z._M_insert_equal_lower();
        -: 2478:      }
        -: 2479:#endif
        -: 2480:
        -: 2481:
        -: 2482:  template<typename _Key, typename _Val, typename _KeyOfValue,
        -: 2483:	   typename _Compare, typename _Alloc>
        -: 2484:    void
function _ZNSt8_Rb_treeINSt7__cxx1112basic_stringIcSt11char_traitsIcESaIcEEES5_St9_IdentityIS5_ESt4lessIS5_ESaIS5_EE12_M_erase_auxESt23_Rb_tree_const_iteratorIS5_E called 0 returned 0% blocks executed 0%
    #####: 2485:    _Rb_tree<_Key, _Val, _KeyOfValue, _Compare, _Alloc>::
        -: 2486:    _M_erase_aux(const_iterator __position)
        -: 2487:    {
        -: 2488:      _Link_type __y =
        -: 2489:	static_cast<_Link_type>(_Rb_tree_rebalance_for_erase
    #####: 2490:				(const_cast<_Base_ptr>(__position._M_node),
    #####: 2491:				 this->_M_impl._M_header));
    %%%%%: 2491-block 2
call    0 never executed
    #####: 2492:      _M_drop_node(__y);
call    0 never executed
    #####: 2493:      --_M_impl._M_node_count;
    #####: 2494:    }
        -: 2495:
        -: 2496:  template<typename _Key, typename _Val, typename _KeyOfValue,
        -: 2497:	   typename _Compare, typename _Alloc>
        -: 2498:    void
function _ZNSt8_Rb_treeINSt7__cxx1112basic_stringIcSt11char_traitsIcESaIcEEES5_St9_IdentityIS5_ESt4lessIS5_ESaIS5_EE12_M_erase_auxESt23_Rb_tree_const_iteratorIS5_ESD_ called 336 returned 100% blocks executed 89%
      336: 2499:    _Rb_tree<_Key, _Val, _KeyOfValue, _Compare, _Alloc>::
        -: 2500:    _M_erase_aux(const_iterator __first, const_iterator __last)
        -: 2501:    {
      336: 2502:      if (__first == begin() && __last == end())
      336: 2502-block 2
call    0 returned 336
call    1 returned 336
call    2 returned 336
branch  3 taken 336 (fallthrough)
branch  4 taken 0
      336: 2502-block 6
call    5 returned 336
call    6 returned 336
call    7 returned 336
branch  8 taken 209 (fallthrough)
branch  9 taken 127
      209: 2502-block 10
      127: 2502-block 11
      336: 2502-block 12
branch 10 taken 209 (fallthrough)
branch 11 taken 127
      209: 2503:	clear();
      209: 2503-block 13
call    0 returned 209
        -: 2504:      else
      127: 2505:	while (__first != __last)
      127: 2505-block 14
      127: 2505-block 17
call    0 returned 127
branch  1 taken 0
branch  2 taken 127 (fallthrough)
    #####: 2506:	  _M_erase_aux(__first++);
    %%%%%: 2506-block 15
call    0 never executed
call    1 never executed
      336: 2507:    }
        -: 2508:
        -: 2509:  template<typename _Key, typename _Val, typename _KeyOfValue,
        -: 2510:	   typename _Compare, typename _Alloc>
        -: 2511:    typename _Rb_tree<_Key, _Val, _KeyOfValue, _Compare, _Alloc>::size_type
function _ZNSt8_Rb_treeINSt7__cxx1112basic_stringIcSt11char_traitsIcESaIcEEES5_St9_IdentityIS5_ESt4lessIS5_ESaIS5_EE5eraseERKS5_ called 336 returned 100% blocks executed 83%
      336: 2512:    _Rb_tree<_Key, _Val, _KeyOfValue, _Compare, _Alloc>::
        -: 2513:    erase(const _Key& __x)
        -: 2514:    {
      336: 2515:      pair<iterator, iterator> __p = equal_range(__x);
      336: 2515-block 2
call    0 returned 336
branch  1 taken 336 (fallthrough)
branch  2 taken 0 (throw)
      336: 2516:      const size_type __old_size = size();
      336: 2516-block 3
call    0 returned 336
      336: 2517:      _M_erase_aux(__p.first, __p.second);
call    0 returned 336
call    1 returned 336
call    2 returned 336
branch  3 taken 336 (fallthrough)
branch  4 taken 0 (throw)
    $$$$$: 2517-block 11
    $$$$$: 2517-block 12
      672: 2518:      return __old_size - size();
      336: 2518-block 7
call    0 returned 336
      336: 2518-block 10
        -: 2519:    }
        -: 2520:
        -: 2521:  template<typename _Key, typename _Val, typename _KeyOfValue,
        -: 2522:	   typename _Compare, typename _Alloc>
        -: 2523:    typename _Rb_tree<_Key, _Val, _KeyOfValue,
        -: 2524:		      _Compare, _Alloc>::iterator
        -: 2525:    _Rb_tree<_Key, _Val, _KeyOfValue, _Compare, _Alloc>::
        -: 2526:    find(const _Key& __k)
        -: 2527:    {
        -: 2528:      iterator __j = _M_lower_bound(_M_begin(), _M_end(), __k);
        -: 2529:      return (__j == end()
        -: 2530:	      || _M_impl._M_key_compare(__k,
        -: 2531:					_S_key(__j._M_node))) ? end() : __j;
        -: 2532:    }
        -: 2533:
        -: 2534:  template<typename _Key, typename _Val, typename _KeyOfValue,
        -: 2535:	   typename _Compare, typename _Alloc>
        -: 2536:    typename _Rb_tree<_Key, _Val, _KeyOfValue,
        -: 2537:		      _Compare, _Alloc>::const_iterator
        -: 2538:    _Rb_tree<_Key, _Val, _KeyOfValue, _Compare, _Alloc>::
        -: 2539:    find(const _Key& __k) const
        -: 2540:    {
        -: 2541:      const_iterator __j = _M_lower_bound(_M_begin(), _M_end(), __k);
        -: 2542:      return (__j == end()
        -: 2543:	      || _M_impl._M_key_compare(__k,
        -: 2544:					_S_key(__j._M_node))) ? end() : __j;
        -: 2545:    }
        -: 2546:
        -: 2547:  template<typename _Key, typename _Val, typename _KeyOfValue,
        -: 2548:	   typename _Compare, typename _Alloc>
        -: 2549:    typename _Rb_tree<_Key, _Val, _KeyOfValue, _Compare, _Alloc>::size_type
        -: 2550:    _Rb_tree<_Key, _Val, _KeyOfValue, _Compare, _Alloc>::
        -: 2551:    count(const _Key& __k) const
        -: 2552:    {
        -: 2553:      pair<const_iterator, const_iterator> __p = equal_range(__k);
        -: 2554:      const size_type __n = std::distance(__p.first, __p.second);
        -: 2555:      return __n;
        -: 2556:    }
        -: 2557:
        -: 2558:  _GLIBCXX_PURE unsigned int
        -: 2559:  _Rb_tree_black_count(const _Rb_tree_node_base* __node,
        -: 2560:		       const _Rb_tree_node_base* __root) throw ();
        -: 2561:
        -: 2562:  template<typename _Key, typename _Val, typename _KeyOfValue,
        -: 2563:	   typename _Compare, typename _Alloc>
        -: 2564:    bool
        -: 2565:    _Rb_tree<_Key,_Val,_KeyOfValue,_Compare,_Alloc>::__rb_verify() const
        -: 2566:    {
        -: 2567:      if (_M_impl._M_node_count == 0 || begin() == end())
        -: 2568:	return _M_impl._M_node_count == 0 && begin() == end()
        -: 2569:	       && this->_M_impl._M_header._M_left == _M_end()
        -: 2570:	       && this->_M_impl._M_header._M_right == _M_end();
        -: 2571:
        -: 2572:      unsigned int __len = _Rb_tree_black_count(_M_leftmost(), _M_root());
        -: 2573:      for (const_iterator __it = begin(); __it != end(); ++__it)
        -: 2574:	{
        -: 2575:	  _Const_Link_type __x = static_cast<_Const_Link_type>(__it._M_node);
        -: 2576:	  _Const_Link_type __L = _S_left(__x);
        -: 2577:	  _Const_Link_type __R = _S_right(__x);
        -: 2578:
        -: 2579:	  if (__x->_M_color == _S_red)
        -: 2580:	    if ((__L && __L->_M_color == _S_red)
        -: 2581:		|| (__R && __R->_M_color == _S_red))
        -: 2582:	      return false;
        -: 2583:
        -: 2584:	  if (__L && _M_impl._M_key_compare(_S_key(__x), _S_key(__L)))
        -: 2585:	    return false;
        -: 2586:	  if (__R && _M_impl._M_key_compare(_S_key(__R), _S_key(__x)))
        -: 2587:	    return false;
        -: 2588:
        -: 2589:	  if (!__L && !__R && _Rb_tree_black_count(__x, _M_root()) != __len)
        -: 2590:	    return false;
        -: 2591:	}
        -: 2592:
        -: 2593:      if (_M_leftmost() != _Rb_tree_node_base::_S_minimum(_M_root()))
        -: 2594:	return false;
        -: 2595:      if (_M_rightmost() != _Rb_tree_node_base::_S_maximum(_M_root()))
        -: 2596:	return false;
        -: 2597:      return true;
        -: 2598:    }
        -: 2599:
        -: 2600:#if __cplusplus > 201402L
        -: 2601:  // Allow access to internals of compatible _Rb_tree specializations.
        -: 2602:  template<typename _Key, typename _Val, typename _Sel, typename _Cmp1,
        -: 2603:	   typename _Alloc, typename _Cmp2>
        -: 2604:    struct _Rb_tree_merge_helper<_Rb_tree<_Key, _Val, _Sel, _Cmp1, _Alloc>,
        -: 2605:				 _Cmp2>
        -: 2606:    {
        -: 2607:    private:
        -: 2608:      friend class _Rb_tree<_Key, _Val, _Sel, _Cmp1, _Alloc>;
        -: 2609:
        -: 2610:      static auto&
        -: 2611:      _S_get_impl(_Rb_tree<_Key, _Val, _Sel, _Cmp2, _Alloc>& __tree)
        -: 2612:      { return __tree._M_impl; }
        -: 2613:    };
        -: 2614:#endif // C++17
        -: 2615:
        -: 2616:_GLIBCXX_END_NAMESPACE_VERSION
        -: 2617:} // namespace
        -: 2618:
        -: 2619:#endif
