        -:    0:Source:/home/wpsimon09/Desktop/LearningVulkan/Vulkan/Includes/Camera/Camera.hpp
        -:    0:Graph:/home/wpsimon09/Desktop/LearningVulkan/Vulkan/cmake-build-debug-coverage/CMakeFiles/LearnVulkan.dir/Includes/VulkanApp.cpp.gcno
        -:    0:Data:/home/wpsimon09/Desktop/LearningVulkan/Vulkan/cmake-build-debug-coverage/CMakeFiles/LearnVulkan.dir/Includes/VulkanApp.cpp.gcda
        -:    0:Runs:1
        -:    1://
        -:    2:// Created by wpsimon09 on 18/08/24.
        -:    3://
        -:    4:
        -:    5:#ifndef CAMERA_HPP
        -:    6:#define CAMERA_HPP
        -:    7:
        -:    8:#include "glm/glm.hpp"
        -:    9:#include "glm/gtc/matrix_transform.hpp"
        -:   10:#include <GLFW/glfw3.h>
        -:   11:
        -:   12:
        -:   13:class Camera {
        -:   14:public:
        -:   15:    explicit Camera(GLFWwindow* window,glm::vec3 center = glm::vec3(0.0f, 0.0f, 0.0f), glm::vec3 up = glm::vec3(0.0f, 1.0f, 0.0f),
        -:   16:                    float radius = 40.0f, float minRadius = 1.0f, float azimuthAngle = -10.0f,
        -:   17:                    float polarAngle = 10.0f);
        -:   18:
        -:   19:    void rotateAzimutn(float radians);
        -:   20:
        -:   21:    void rotatePolar(float radains);
        -:   22:
        -:   23:    void zoom(float by);
        -:   24:
        -:   25:    void moveHorizontal(float distance);
        -:   26:
        -:   27:    void moveVertical(float distance);
        -:   28:
        -:   29:    void processResize(int newWidht, int newHeight);
        -:   30:
function _ZNK6Camera17getPojectionMatixEv called 1576 returned 100% blocks executed 100%
     1576:   31:    glm::mat4 getPojectionMatix() const {return this->projection;}
     1576:   31-block 2
        -:   32:
function _ZNK6Camera13getViewMatrixEv called 1576 returned 100% blocks executed 100%
     1576:   33:    glm::mat4 getViewMatrix() const {return glm::lookAt(this->position,center, this->worldUp);};
     1576:   33-block 2
call    0 returned 1576
        -:   34:
function _ZNK6Camera11getPositionEv called 1576 returned 100% blocks executed 100%
     1576:   35:    glm::vec3 getPosition() const {return this->position;};
     1576:   35-block 2
        -:   36:
        -:   37:    float getFarPlane() {return this->farPlane;}
        -:   38:
        -:   39:    float getNearPlane() {return this->nearPlane;}
        -:   40:
        -:   41:    bool getIsFirstMouse() const {return m_isFirstMouse;}
        -:   42:
        -:   43:    void setIsFirstMouse(bool val = false ) {this->m_isFirstMouse = val;}
        -:   44:
        -:   45:    void update();
        -:   46:
        -:   47:    ~Camera() = default;
        -:   48:
        -:   49:private:
        -:   50:    glm::vec3 getEye();
        -:   51:
        -:   52:    float radius;
        -:   53:    float minRadius;
        -:   54:    float azimuthAngle;
        -:   55:    float polarAngle;
        -:   56:
        -:   57:    glm::vec3 position;
        -:   58:    glm::vec3 center;
        -:   59:    glm::vec3 worldUp;
        -:   60:
        -:   61:
        -:   62:    glm::mat4 projection = glm::mat4(1.0f);
        -:   63:
        -:   64:    float farPlane;
        -:   65:    float nearPlane;
        -:   66:    bool m_isFirstMouse = true;
        -:   67:};
        -:   68:
        -:   69:
        -:   70:
        -:   71:#endif //CAMERA_HPP
